[ 2016-02-25T16:47:32+08:00 ] ::1 /1.0/library/getBookBySearchTextSortMethodFieldId
INFO: [ app_init ] --START--
INFO: Run Behavior\BuildLiteBehavior [ RunTime:0.000025s ]
INFO: [ app_init ] --END-- [ RunTime:0.001461s ]
INFO: [ app_begin ] --START--
INFO: Run Behavior\ReadHtmlCacheBehavior [ RunTime:0.000975s ]
INFO: [ app_begin ] --END-- [ RunTime:0.001243s ]
SQL: call WenHuiApartment.proc_MM_BookBySearchText_Select('%%', 0, 0, 10, 0); [ RunTime:0.0112s ]
SQL: call WenHuiApartment.proc_MM_UserCollectBookByUserIdBookID_Select(10, 1) [ RunTime:0.0033s ]
SQL: call WenHuiApartment.proc_MM_UserCollectBookByUserIdBookID_Select(9, 1) [ RunTime:0.0003s ]
SQL: call WenHuiApartment.proc_MM_UserCollectBookByUserIdBookID_Select(8, 1) [ RunTime:0.0003s ]
SQL: call WenHuiApartment.proc_MM_UserCollectBookByUserIdBookID_Select(7, 1) [ RunTime:0.0002s ]
SQL: call WenHuiApartment.proc_MM_UserCollectBookByUserIdBookID_Select(6, 1) [ RunTime:0.0002s ]
SQL: call WenHuiApartment.proc_MM_UserCollectBookByUserIdBookID_Select(5, 1) [ RunTime:0.0003s ]
SQL: call WenHuiApartment.proc_MM_UserCollectBookByUserIdBookID_Select(4, 1) [ RunTime:0.0002s ]
SQL: call WenHuiApartment.proc_MM_UserCollectBookByUserIdBookID_Select(3, 1) [ RunTime:0.0003s ]
SQL: call WenHuiApartment.proc_MM_UserCollectBookByUserIdBookID_Select(2, 1) [ RunTime:0.0002s ]
SQL: call WenHuiApartment.proc_MM_UserCollectBookByUserIdBookID_Select(1, 1) [ RunTime:0.0002s ]
INFO: [ app_end ] --START--
INFO: Run Behavior\ShowPageTraceBehavior [ RunTime:0.000810s ]
INFO: [ app_end ] --END-- [ RunTime:0.000881s ]

[ 2016-02-25T16:47:32+08:00 ] ::1 /1.0/Application/Home/Images/Cover/cover_10.png
INFO: [ app_init ] --START--
INFO: Run Behavior\BuildLiteBehavior [ RunTime:0.000019s ]
INFO: [ app_init ] --END-- [ RunTime:0.000549s ]

[ 2016-02-25T16:47:32+08:00 ] ::1 /1.0/Application/Home/Images/Cover/cover_8.png
INFO: [ app_init ] --START--
INFO: Run Behavior\BuildLiteBehavior [ RunTime:0.000052s ]
INFO: [ app_init ] --END-- [ RunTime:0.000622s ]

[ 2016-02-25T16:47:32+08:00 ] ::1 /1.0/Application/Home/Images/Cover/cover_9.png
INFO: [ app_init ] --START--
INFO: Run Behavior\BuildLiteBehavior [ RunTime:0.000023s ]
INFO: [ app_init ] --END-- [ RunTime:0.000955s ]

[ 2016-02-25T16:49:01+08:00 ] ::1 /1.0/library/getBookBySearchTextSortMethodFieldId
INFO: [ app_init ] --START--
INFO: Run Behavior\BuildLiteBehavior [ RunTime:0.000023s ]
INFO: [ app_init ] --END-- [ RunTime:0.000491s ]
INFO: [ app_begin ] --START--
INFO: Run Behavior\ReadHtmlCacheBehavior [ RunTime:0.000530s ]
INFO: [ app_begin ] --END-- [ RunTime:0.000585s ]
SQL: call WenHuiApartment.proc_MM_BookBySearchText_Select('%%', 0, 0, 10, 0); [ RunTime:0.0013s ]
SQL: call WenHuiApartment.proc_MM_UserCollectBookByUserIdBookID_Select(10, 1) [ RunTime:0.0004s ]
SQL: call WenHuiApartment.proc_MM_UserCollectBookByUserIdBookID_Select(9, 1) [ RunTime:0.0003s ]
SQL: call WenHuiApartment.proc_MM_UserCollectBookByUserIdBookID_Select(8, 1) [ RunTime:0.0002s ]
SQL: call WenHuiApartment.proc_MM_UserCollectBookByUserIdBookID_Select(7, 1) [ RunTime:0.0002s ]
SQL: call WenHuiApartment.proc_MM_UserCollectBookByUserIdBookID_Select(6, 1) [ RunTime:0.0002s ]
SQL: call WenHuiApartment.proc_MM_UserCollectBookByUserIdBookID_Select(5, 1) [ RunTime:0.0003s ]
SQL: call WenHuiApartment.proc_MM_UserCollectBookByUserIdBookID_Select(4, 1) [ RunTime:0.0003s ]
SQL: call WenHuiApartment.proc_MM_UserCollectBookByUserIdBookID_Select(3, 1) [ RunTime:0.0002s ]
SQL: call WenHuiApartment.proc_MM_UserCollectBookByUserIdBookID_Select(2, 1) [ RunTime:0.0002s ]
SQL: call WenHuiApartment.proc_MM_UserCollectBookByUserIdBookID_Select(1, 1) [ RunTime:0.0002s ]
INFO: [ app_end ] --START--
INFO: Run Behavior\ShowPageTraceBehavior [ RunTime:0.000683s ]
INFO: [ app_end ] --END-- [ RunTime:0.000729s ]

[ 2016-02-25T16:49:01+08:00 ] ::1 /1.0/common/getField
INFO: [ app_init ] --START--
INFO: Run Behavior\BuildLiteBehavior [ RunTime:0.000018s ]
INFO: [ app_init ] --END-- [ RunTime:0.000367s ]
INFO: [ app_begin ] --START--
INFO: Run Behavior\ReadHtmlCacheBehavior [ RunTime:0.000397s ]
INFO: [ app_begin ] --END-- [ RunTime:0.000437s ]
SQL: SHOW COLUMNS FROM `t_field` [ RunTime:0.0420s ]
SQL: SELECT * FROM `t_field`  [ RunTime:0.0004s ]
INFO: [ app_end ] --START--
INFO: Run Behavior\ShowPageTraceBehavior [ RunTime:0.001105s ]
INFO: [ app_end ] --END-- [ RunTime:0.001265s ]

[ 2016-02-25T16:49:01+08:00 ] ::1 /1.0/Application/Home/Images/Cover/cover_9.png
INFO: [ app_init ] --START--
INFO: Run Behavior\BuildLiteBehavior [ RunTime:0.000025s ]
INFO: [ app_init ] --END-- [ RunTime:0.000462s ]

[ 2016-02-25T16:49:01+08:00 ] ::1 /1.0/Application/Home/Images/Cover/cover_10.png
INFO: [ app_init ] --START--
INFO: Run Behavior\BuildLiteBehavior [ RunTime:0.000017s ]
INFO: [ app_init ] --END-- [ RunTime:0.000640s ]

[ 2016-02-25T16:49:01+08:00 ] ::1 /1.0/Application/Home/Images/Cover/cover_8.png
INFO: [ app_init ] --START--
INFO: Run Behavior\BuildLiteBehavior [ RunTime:0.000012s ]
INFO: [ app_init ] --END-- [ RunTime:0.000342s ]

[ 2016-02-25T16:50:39+08:00 ] ::1 /1.0/library/getBookBySearchTextSortMethodFieldId
INFO: [ app_init ] --START--
INFO: Run Behavior\BuildLiteBehavior [ RunTime:0.000029s ]
INFO: [ app_init ] --END-- [ RunTime:0.000607s ]
INFO: [ app_begin ] --START--
INFO: Run Behavior\ReadHtmlCacheBehavior [ RunTime:0.000573s ]
INFO: [ app_begin ] --END-- [ RunTime:0.000645s ]
SQL: call WenHuiApartment.proc_MM_BookBySearchText_Select('%%', 0, 0, 10, 0); [ RunTime:0.0015s ]
SQL: call WenHuiApartment.proc_MM_UserCollectBookByUserIdBookID_Select(10, 1) [ RunTime:0.0007s ]
SQL: call WenHuiApartment.proc_MM_UserCollectBookByUserIdBookID_Select(9, 1) [ RunTime:0.0002s ]
SQL: call WenHuiApartment.proc_MM_UserCollectBookByUserIdBookID_Select(8, 1) [ RunTime:0.0002s ]
SQL: call WenHuiApartment.proc_MM_UserCollectBookByUserIdBookID_Select(7, 1) [ RunTime:0.0002s ]
SQL: call WenHuiApartment.proc_MM_UserCollectBookByUserIdBookID_Select(6, 1) [ RunTime:0.0003s ]
SQL: call WenHuiApartment.proc_MM_UserCollectBookByUserIdBookID_Select(5, 1) [ RunTime:0.0002s ]
SQL: call WenHuiApartment.proc_MM_UserCollectBookByUserIdBookID_Select(4, 1) [ RunTime:0.0002s ]
SQL: call WenHuiApartment.proc_MM_UserCollectBookByUserIdBookID_Select(3, 1) [ RunTime:0.0002s ]
SQL: call WenHuiApartment.proc_MM_UserCollectBookByUserIdBookID_Select(2, 1) [ RunTime:0.0002s ]
SQL: call WenHuiApartment.proc_MM_UserCollectBookByUserIdBookID_Select(1, 1) [ RunTime:0.0002s ]
INFO: [ app_end ] --START--
INFO: Run Behavior\ShowPageTraceBehavior [ RunTime:0.000519s ]
INFO: [ app_end ] --END-- [ RunTime:0.000562s ]

[ 2016-02-25T16:50:39+08:00 ] ::1 /1.0/common/getField
INFO: [ app_init ] --START--
INFO: Run Behavior\BuildLiteBehavior [ RunTime:0.000026s ]
INFO: [ app_init ] --END-- [ RunTime:0.000595s ]
INFO: [ app_begin ] --START--
INFO: Run Behavior\ReadHtmlCacheBehavior [ RunTime:0.000580s ]
INFO: [ app_begin ] --END-- [ RunTime:0.000642s ]
SQL: SHOW COLUMNS FROM `t_field` [ RunTime:0.0615s ]
SQL: SELECT * FROM `t_field`  [ RunTime:0.0012s ]
INFO: [ app_end ] --START--
INFO: Run Behavior\ShowPageTraceBehavior [ RunTime:0.000916s ]
INFO: [ app_end ] --END-- [ RunTime:0.001000s ]

[ 2016-02-25T16:50:39+08:00 ] ::1 /1.0/Application/Home/Images/Cover/cover_9.png
INFO: [ app_init ] --START--
INFO: Run Behavior\BuildLiteBehavior [ RunTime:0.000018s ]
INFO: [ app_init ] --END-- [ RunTime:0.000561s ]

[ 2016-02-25T16:50:39+08:00 ] ::1 /1.0/Application/Home/Images/Cover/cover_8.png
INFO: [ app_init ] --START--
INFO: Run Behavior\BuildLiteBehavior [ RunTime:0.000037s ]
INFO: [ app_init ] --END-- [ RunTime:0.000484s ]

[ 2016-02-25T16:50:39+08:00 ] ::1 /1.0/Application/Home/Images/Cover/cover_10.png
INFO: [ app_init ] --START--
INFO: Run Behavior\BuildLiteBehavior [ RunTime:0.000011s ]
INFO: [ app_init ] --END-- [ RunTime:0.000289s ]

[ 2016-02-25T16:53:14+08:00 ] ::1 /1.0/library/getBookBySearchTextSortMethodFieldId
INFO: [ app_init ] --START--
INFO: Run Behavior\BuildLiteBehavior [ RunTime:0.000013s ]
INFO: [ app_init ] --END-- [ RunTime:0.000423s ]
INFO: [ app_begin ] --START--
INFO: Run Behavior\ReadHtmlCacheBehavior [ RunTime:0.000609s ]
INFO: [ app_begin ] --END-- [ RunTime:0.000664s ]
SQL: call WenHuiApartment.proc_MM_BookBySearchText_Select('%%', 0, 0, 10, 0); [ RunTime:0.0022s ]
SQL: call WenHuiApartment.proc_MM_UserCollectBookByUserIdBookID_Select(10, 1) [ RunTime:0.0007s ]
SQL: call WenHuiApartment.proc_MM_UserCollectBookByUserIdBookID_Select(9, 1) [ RunTime:0.0003s ]
SQL: call WenHuiApartment.proc_MM_UserCollectBookByUserIdBookID_Select(8, 1) [ RunTime:0.0004s ]
SQL: call WenHuiApartment.proc_MM_UserCollectBookByUserIdBookID_Select(7, 1) [ RunTime:0.0003s ]
SQL: call WenHuiApartment.proc_MM_UserCollectBookByUserIdBookID_Select(6, 1) [ RunTime:0.0005s ]
SQL: call WenHuiApartment.proc_MM_UserCollectBookByUserIdBookID_Select(5, 1) [ RunTime:0.0003s ]
SQL: call WenHuiApartment.proc_MM_UserCollectBookByUserIdBookID_Select(4, 1) [ RunTime:0.0002s ]
SQL: call WenHuiApartment.proc_MM_UserCollectBookByUserIdBookID_Select(3, 1) [ RunTime:0.0003s ]
SQL: call WenHuiApartment.proc_MM_UserCollectBookByUserIdBookID_Select(2, 1) [ RunTime:0.0004s ]
SQL: call WenHuiApartment.proc_MM_UserCollectBookByUserIdBookID_Select(1, 1) [ RunTime:0.0004s ]
INFO: [ app_end ] --START--
INFO: Run Behavior\ShowPageTraceBehavior [ RunTime:0.000995s ]
INFO: [ app_end ] --END-- [ RunTime:0.001068s ]

[ 2016-02-25T16:53:14+08:00 ] ::1 /1.0/common/getField
INFO: [ app_init ] --START--
INFO: Run Behavior\BuildLiteBehavior [ RunTime:0.000018s ]
INFO: [ app_init ] --END-- [ RunTime:0.000663s ]
INFO: [ app_begin ] --START--
INFO: Run Behavior\ReadHtmlCacheBehavior [ RunTime:0.001187s ]
INFO: [ app_begin ] --END-- [ RunTime:0.001250s ]
SQL: SHOW COLUMNS FROM `t_field` [ RunTime:0.0660s ]
SQL: SELECT * FROM `t_field`  [ RunTime:0.0005s ]
INFO: [ app_end ] --START--
INFO: Run Behavior\ShowPageTraceBehavior [ RunTime:0.000831s ]
INFO: [ app_end ] --END-- [ RunTime:0.000911s ]

[ 2016-02-25T16:53:14+08:00 ] ::1 /1.0/Application/Home/Images/Cover/cover_8.png
INFO: [ app_init ] --START--
INFO: Run Behavior\BuildLiteBehavior [ RunTime:0.000018s ]
INFO: [ app_init ] --END-- [ RunTime:0.000455s ]

[ 2016-02-25T16:53:14+08:00 ] ::1 /1.0/Application/Home/Images/Cover/cover_10.png
INFO: [ app_init ] --START--
INFO: Run Behavior\BuildLiteBehavior [ RunTime:0.000026s ]
INFO: [ app_init ] --END-- [ RunTime:0.000510s ]

[ 2016-02-25T16:53:14+08:00 ] ::1 /1.0/Application/Home/Images/Cover/cover_9.png
INFO: [ app_init ] --START--
INFO: Run Behavior\BuildLiteBehavior [ RunTime:0.000031s ]
INFO: [ app_init ] --END-- [ RunTime:0.001046s ]

[ 2016-02-25T16:59:22+08:00 ] ::1 /1.0/library/getBookBySearchTextSortMethodFieldId
INFO: [ app_init ] --START--
INFO: Run Behavior\BuildLiteBehavior [ RunTime:0.000017s ]
INFO: [ app_init ] --END-- [ RunTime:0.000655s ]
INFO: [ app_begin ] --START--
INFO: Run Behavior\ReadHtmlCacheBehavior [ RunTime:0.000659s ]
INFO: [ app_begin ] --END-- [ RunTime:0.000709s ]
SQL: call WenHuiApartment.proc_MM_BookBySearchText_Select('%%', 0, 0, 10, 0); [ RunTime:0.0012s ]
SQL: call WenHuiApartment.proc_MM_UserCollectBookByUserIdBookID_Select(10, 1) [ RunTime:0.0007s ]
SQL: call WenHuiApartment.proc_MM_UserCollectBookByUserIdBookID_Select(9, 1) [ RunTime:0.0003s ]
SQL: call WenHuiApartment.proc_MM_UserCollectBookByUserIdBookID_Select(8, 1) [ RunTime:0.0003s ]
SQL: call WenHuiApartment.proc_MM_UserCollectBookByUserIdBookID_Select(7, 1) [ RunTime:0.0003s ]
SQL: call WenHuiApartment.proc_MM_UserCollectBookByUserIdBookID_Select(6, 1) [ RunTime:0.0003s ]
SQL: call WenHuiApartment.proc_MM_UserCollectBookByUserIdBookID_Select(5, 1) [ RunTime:0.0005s ]
SQL: call WenHuiApartment.proc_MM_UserCollectBookByUserIdBookID_Select(4, 1) [ RunTime:0.0003s ]
SQL: call WenHuiApartment.proc_MM_UserCollectBookByUserIdBookID_Select(3, 1) [ RunTime:0.0003s ]
SQL: call WenHuiApartment.proc_MM_UserCollectBookByUserIdBookID_Select(2, 1) [ RunTime:0.0007s ]
SQL: call WenHuiApartment.proc_MM_UserCollectBookByUserIdBookID_Select(1, 1) [ RunTime:0.0023s ]
INFO: [ app_end ] --START--
INFO: Run Behavior\ShowPageTraceBehavior [ RunTime:0.000753s ]
INFO: [ app_end ] --END-- [ RunTime:0.000814s ]

[ 2016-02-25T16:59:22+08:00 ] ::1 /1.0/common/getField
INFO: [ app_init ] --START--
INFO: Run Behavior\BuildLiteBehavior [ RunTime:0.000017s ]
INFO: [ app_init ] --END-- [ RunTime:0.000610s ]
INFO: [ app_begin ] --START--
INFO: Run Behavior\ReadHtmlCacheBehavior [ RunTime:0.000600s ]
INFO: [ app_begin ] --END-- [ RunTime:0.000646s ]
SQL: SHOW COLUMNS FROM `t_field` [ RunTime:0.0588s ]
SQL: SELECT * FROM `t_field`  [ RunTime:0.0005s ]
INFO: [ app_end ] --START--
INFO: Run Behavior\ShowPageTraceBehavior [ RunTime:0.000637s ]
INFO: [ app_end ] --END-- [ RunTime:0.000686s ]

[ 2016-02-25T16:59:22+08:00 ] ::1 /1.0/Application/Home/Images/Cover/cover_10.png
INFO: [ app_init ] --START--
INFO: Run Behavior\BuildLiteBehavior [ RunTime:0.000020s ]
INFO: [ app_init ] --END-- [ RunTime:0.001067s ]

[ 2016-02-25T16:59:22+08:00 ] ::1 /1.0/Application/Home/Images/Cover/cover_9.png
INFO: [ app_init ] --START--
INFO: Run Behavior\BuildLiteBehavior [ RunTime:0.000017s ]
INFO: [ app_init ] --END-- [ RunTime:0.000412s ]

[ 2016-02-25T16:59:22+08:00 ] ::1 /1.0/Application/Home/Images/Cover/cover_8.png
INFO: [ app_init ] --START--
INFO: Run Behavior\BuildLiteBehavior [ RunTime:0.000037s ]
INFO: [ app_init ] --END-- [ RunTime:0.000494s ]

[ 2016-02-25T16:59:35+08:00 ] ::1 /1.0/common/getField
INFO: [ app_init ] --START--
INFO: Run Behavior\BuildLiteBehavior [ RunTime:0.000013s ]
INFO: [ app_init ] --END-- [ RunTime:0.000296s ]
INFO: [ app_begin ] --START--
INFO: Run Behavior\ReadHtmlCacheBehavior [ RunTime:0.000374s ]
INFO: [ app_begin ] --END-- [ RunTime:0.000416s ]
SQL: SHOW COLUMNS FROM `t_field` [ RunTime:0.0188s ]
SQL: SELECT * FROM `t_field`  [ RunTime:0.0003s ]
INFO: [ app_end ] --START--
INFO: Run Behavior\ShowPageTraceBehavior [ RunTime:0.000768s ]
INFO: [ app_end ] --END-- [ RunTime:0.000818s ]

[ 2016-02-25T16:59:36+08:00 ] ::1 /1.0/communion/getBookpostBySortMethodFieldId
INFO: [ app_init ] --START--
INFO: Run Behavior\BuildLiteBehavior [ RunTime:0.000015s ]
INFO: [ app_init ] --END-- [ RunTime:0.000421s ]
INFO: [ app_begin ] --START--
INFO: Run Behavior\ReadHtmlCacheBehavior [ RunTime:0.000563s ]
INFO: [ app_begin ] --END-- [ RunTime:0.000624s ]
SQL: call proc_CC_BookpostBySortMethodFieldId_Select(0,0,10) [ RunTime:0.0721s ]
SQL: call proc_CC_UserCollectBookpostByBPIdUserId_Select(1,10) [ RunTime:0.0037s ]
SQL: call proc_CC_BookpostSupportByCurrUserId_Select(1,10) [ RunTime:0.0029s ]
SQL: call proc_CC_UserCollectBookpostByBPIdUserId_Select(1,9) [ RunTime:0.0004s ]
SQL: call proc_CC_BookpostSupportByCurrUserId_Select(1,9) [ RunTime:0.0003s ]
SQL: call proc_CC_UserCollectBookpostByBPIdUserId_Select(1,8) [ RunTime:0.0004s ]
SQL: call proc_CC_BookpostSupportByCurrUserId_Select(1,8) [ RunTime:0.0003s ]
SQL: call proc_CC_UserCollectBookpostByBPIdUserId_Select(1,7) [ RunTime:0.0002s ]
SQL: call proc_CC_BookpostSupportByCurrUserId_Select(1,7) [ RunTime:0.0003s ]
SQL: call proc_CC_UserCollectBookpostByBPIdUserId_Select(1,6) [ RunTime:0.0002s ]
SQL: call proc_CC_BookpostSupportByCurrUserId_Select(1,6) [ RunTime:0.0002s ]
SQL: call proc_CC_UserCollectBookpostByBPIdUserId_Select(1,5) [ RunTime:0.0003s ]
SQL: call proc_CC_BookpostSupportByCurrUserId_Select(1,5) [ RunTime:0.0002s ]
SQL: call proc_CC_UserCollectBookpostByBPIdUserId_Select(1,4) [ RunTime:0.0003s ]
SQL: call proc_CC_BookpostSupportByCurrUserId_Select(1,4) [ RunTime:0.0002s ]
SQL: call proc_CC_UserCollectBookpostByBPIdUserId_Select(1,3) [ RunTime:0.0003s ]
SQL: call proc_CC_BookpostSupportByCurrUserId_Select(1,3) [ RunTime:0.0002s ]
SQL: call proc_CC_UserCollectBookpostByBPIdUserId_Select(1,2) [ RunTime:0.0002s ]
SQL: call proc_CC_BookpostSupportByCurrUserId_Select(1,2) [ RunTime:0.0002s ]
SQL: call proc_CC_UserCollectBookpostByBPIdUserId_Select(1,1) [ RunTime:0.0002s ]
SQL: call proc_CC_BookpostSupportByCurrUserId_Select(1,1) [ RunTime:0.0003s ]
INFO: [ app_end ] --START--
INFO: Run Behavior\ShowPageTraceBehavior [ RunTime:0.000552s ]
INFO: [ app_end ] --END-- [ RunTime:0.000621s ]

[ 2016-02-25T17:01:34+08:00 ] ::1 /1.0/library/getBookBySearchTextSortMethodFieldId
INFO: [ app_init ] --START--
INFO: Run Behavior\BuildLiteBehavior [ RunTime:0.000017s ]
INFO: [ app_init ] --END-- [ RunTime:0.000421s ]
INFO: [ app_begin ] --START--
INFO: Run Behavior\ReadHtmlCacheBehavior [ RunTime:0.000395s ]
INFO: [ app_begin ] --END-- [ RunTime:0.000438s ]
SQL: call WenHuiApartment.proc_MM_BookBySearchText_Select('%%', 0, 0, 10, 0); [ RunTime:0.0009s ]
SQL: call WenHuiApartment.proc_MM_UserCollectBookByUserIdBookID_Select(10, 1) [ RunTime:0.0003s ]
SQL: call WenHuiApartment.proc_MM_UserCollectBookByUserIdBookID_Select(9, 1) [ RunTime:0.0005s ]
SQL: call WenHuiApartment.proc_MM_UserCollectBookByUserIdBookID_Select(8, 1) [ RunTime:0.0004s ]
SQL: call WenHuiApartment.proc_MM_UserCollectBookByUserIdBookID_Select(7, 1) [ RunTime:0.0002s ]
SQL: call WenHuiApartment.proc_MM_UserCollectBookByUserIdBookID_Select(6, 1) [ RunTime:0.0002s ]
SQL: call WenHuiApartment.proc_MM_UserCollectBookByUserIdBookID_Select(5, 1) [ RunTime:0.0002s ]
SQL: call WenHuiApartment.proc_MM_UserCollectBookByUserIdBookID_Select(4, 1) [ RunTime:0.0003s ]
SQL: call WenHuiApartment.proc_MM_UserCollectBookByUserIdBookID_Select(3, 1) [ RunTime:0.0003s ]
SQL: call WenHuiApartment.proc_MM_UserCollectBookByUserIdBookID_Select(2, 1) [ RunTime:0.0003s ]
SQL: call WenHuiApartment.proc_MM_UserCollectBookByUserIdBookID_Select(1, 1) [ RunTime:0.0002s ]
INFO: [ app_end ] --START--
INFO: Run Behavior\ShowPageTraceBehavior [ RunTime:0.000508s ]
INFO: [ app_end ] --END-- [ RunTime:0.000554s ]

[ 2016-02-25T17:01:34+08:00 ] ::1 /1.0/common/getField
INFO: [ app_init ] --START--
INFO: Run Behavior\BuildLiteBehavior [ RunTime:0.000014s ]
INFO: [ app_init ] --END-- [ RunTime:0.000425s ]
INFO: [ app_begin ] --START--
INFO: Run Behavior\ReadHtmlCacheBehavior [ RunTime:0.000514s ]
INFO: [ app_begin ] --END-- [ RunTime:0.000566s ]
SQL: SHOW COLUMNS FROM `t_field` [ RunTime:0.0458s ]
SQL: SELECT * FROM `t_field`  [ RunTime:0.0006s ]
INFO: [ app_end ] --START--
INFO: Run Behavior\ShowPageTraceBehavior [ RunTime:0.001349s ]
INFO: [ app_end ] --END-- [ RunTime:0.001475s ]

[ 2016-02-25T17:01:34+08:00 ] ::1 /1.0/Application/Home/Images/Cover/cover_9.png
INFO: [ app_init ] --START--
INFO: Run Behavior\BuildLiteBehavior [ RunTime:0.000018s ]
INFO: [ app_init ] --END-- [ RunTime:0.000436s ]

[ 2016-02-25T17:01:34+08:00 ] ::1 /1.0/Application/Home/Images/Cover/cover_10.png
INFO: [ app_init ] --START--
INFO: Run Behavior\BuildLiteBehavior [ RunTime:0.000014s ]
INFO: [ app_init ] --END-- [ RunTime:0.000399s ]

[ 2016-02-25T17:01:34+08:00 ] ::1 /1.0/Application/Home/Images/Cover/cover_8.png
INFO: [ app_init ] --START--
INFO: Run Behavior\BuildLiteBehavior [ RunTime:0.000011s ]
INFO: [ app_init ] --END-- [ RunTime:0.000292s ]

[ 2016-02-25T17:01:58+08:00 ] ::1 /1.0/library/getBookBySearchTextSortMethodFieldId
INFO: [ app_init ] --START--
INFO: Run Behavior\BuildLiteBehavior [ RunTime:0.000017s ]
INFO: [ app_init ] --END-- [ RunTime:0.000392s ]
INFO: [ app_begin ] --START--
INFO: Run Behavior\ReadHtmlCacheBehavior [ RunTime:0.000506s ]
INFO: [ app_begin ] --END-- [ RunTime:0.000557s ]
SQL: call WenHuiApartment.proc_MM_BookBySearchText_Select('%%', 0, 0, 10, 0); [ RunTime:0.0014s ]
SQL: call WenHuiApartment.proc_MM_UserCollectBookByUserIdBookID_Select(10, 1) [ RunTime:0.0004s ]
SQL: call WenHuiApartment.proc_MM_UserCollectBookByUserIdBookID_Select(9, 1) [ RunTime:0.0002s ]
SQL: call WenHuiApartment.proc_MM_UserCollectBookByUserIdBookID_Select(8, 1) [ RunTime:0.0002s ]
SQL: call WenHuiApartment.proc_MM_UserCollectBookByUserIdBookID_Select(7, 1) [ RunTime:0.0002s ]
SQL: call WenHuiApartment.proc_MM_UserCollectBookByUserIdBookID_Select(6, 1) [ RunTime:0.0002s ]
SQL: call WenHuiApartment.proc_MM_UserCollectBookByUserIdBookID_Select(5, 1) [ RunTime:0.0002s ]
SQL: call WenHuiApartment.proc_MM_UserCollectBookByUserIdBookID_Select(4, 1) [ RunTime:0.0002s ]
SQL: call WenHuiApartment.proc_MM_UserCollectBookByUserIdBookID_Select(3, 1) [ RunTime:0.0002s ]
SQL: call WenHuiApartment.proc_MM_UserCollectBookByUserIdBookID_Select(2, 1) [ RunTime:0.0003s ]
SQL: call WenHuiApartment.proc_MM_UserCollectBookByUserIdBookID_Select(1, 1) [ RunTime:0.0003s ]
INFO: [ app_end ] --START--
INFO: Run Behavior\ShowPageTraceBehavior [ RunTime:0.000501s ]
INFO: [ app_end ] --END-- [ RunTime:0.000546s ]

[ 2016-02-25T17:01:58+08:00 ] ::1 /1.0/common/getField
INFO: [ app_init ] --START--
INFO: Run Behavior\BuildLiteBehavior [ RunTime:0.000010s ]
INFO: [ app_init ] --END-- [ RunTime:0.000267s ]
INFO: [ app_begin ] --START--
INFO: Run Behavior\ReadHtmlCacheBehavior [ RunTime:0.000341s ]
INFO: [ app_begin ] --END-- [ RunTime:0.000376s ]
SQL: SHOW COLUMNS FROM `t_field` [ RunTime:0.0354s ]
SQL: SELECT * FROM `t_field`  [ RunTime:0.0003s ]
INFO: [ app_end ] --START--
INFO: Run Behavior\ShowPageTraceBehavior [ RunTime:0.000515s ]
INFO: [ app_end ] --END-- [ RunTime:0.000563s ]

[ 2016-02-25T17:01:58+08:00 ] ::1 /1.0/Application/Home/Images/Cover/cover_10.png
INFO: [ app_init ] --START--
INFO: Run Behavior\BuildLiteBehavior [ RunTime:0.000012s ]
INFO: [ app_init ] --END-- [ RunTime:0.000287s ]

[ 2016-02-25T17:01:58+08:00 ] ::1 /1.0/Application/Home/Images/Cover/cover_9.png
INFO: [ app_init ] --START--
INFO: Run Behavior\BuildLiteBehavior [ RunTime:0.000010s ]
INFO: [ app_init ] --END-- [ RunTime:0.000262s ]

[ 2016-02-25T17:01:58+08:00 ] ::1 /1.0/Application/Home/Images/Cover/cover_8.png
INFO: [ app_init ] --START--
INFO: Run Behavior\BuildLiteBehavior [ RunTime:0.000011s ]
INFO: [ app_init ] --END-- [ RunTime:0.000276s ]

[ 2016-02-25T17:07:44+08:00 ] ::1 /1.0/library/getBookBySearchTextSortMethodFieldId
INFO: [ app_init ] --START--
INFO: Run Behavior\BuildLiteBehavior [ RunTime:0.000017s ]
INFO: [ app_init ] --END-- [ RunTime:0.000626s ]
INFO: [ app_begin ] --START--
INFO: Run Behavior\ReadHtmlCacheBehavior [ RunTime:0.001386s ]
INFO: [ app_begin ] --END-- [ RunTime:0.001437s ]
SQL: call WenHuiApartment.proc_MM_BookBySearchText_Select('%%', 0, 0, 10, 0); [ RunTime:0.0017s ]
SQL: call WenHuiApartment.proc_MM_UserCollectBookByUserIdBookID_Select(10, 1) [ RunTime:0.0009s ]
SQL: call WenHuiApartment.proc_MM_UserCollectBookByUserIdBookID_Select(9, 1) [ RunTime:0.0004s ]
SQL: call WenHuiApartment.proc_MM_UserCollectBookByUserIdBookID_Select(8, 1) [ RunTime:0.0002s ]
SQL: call WenHuiApartment.proc_MM_UserCollectBookByUserIdBookID_Select(7, 1) [ RunTime:0.0002s ]
SQL: call WenHuiApartment.proc_MM_UserCollectBookByUserIdBookID_Select(6, 1) [ RunTime:0.0004s ]
SQL: call WenHuiApartment.proc_MM_UserCollectBookByUserIdBookID_Select(5, 1) [ RunTime:0.0003s ]
SQL: call WenHuiApartment.proc_MM_UserCollectBookByUserIdBookID_Select(4, 1) [ RunTime:0.0011s ]
SQL: call WenHuiApartment.proc_MM_UserCollectBookByUserIdBookID_Select(3, 1) [ RunTime:0.0003s ]
SQL: call WenHuiApartment.proc_MM_UserCollectBookByUserIdBookID_Select(2, 1) [ RunTime:0.0003s ]
SQL: call WenHuiApartment.proc_MM_UserCollectBookByUserIdBookID_Select(1, 1) [ RunTime:0.0009s ]
INFO: [ app_end ] --START--
INFO: Run Behavior\ShowPageTraceBehavior [ RunTime:0.002056s ]
INFO: [ app_end ] --END-- [ RunTime:0.002132s ]

[ 2016-02-25T17:07:44+08:00 ] ::1 /1.0/common/getField
INFO: [ app_init ] --START--
INFO: Run Behavior\BuildLiteBehavior [ RunTime:0.000017s ]
INFO: [ app_init ] --END-- [ RunTime:0.000626s ]
INFO: [ app_begin ] --START--
INFO: Run Behavior\ReadHtmlCacheBehavior [ RunTime:0.000643s ]
INFO: [ app_begin ] --END-- [ RunTime:0.000695s ]
SQL: SHOW COLUMNS FROM `t_field` [ RunTime:0.0698s ]
SQL: SELECT * FROM `t_field`  [ RunTime:0.0003s ]
INFO: [ app_end ] --START--
INFO: Run Behavior\ShowPageTraceBehavior [ RunTime:0.000547s ]
INFO: [ app_end ] --END-- [ RunTime:0.000597s ]

[ 2016-02-25T17:07:44+08:00 ] ::1 /1.0/Application/Home/Images/Cover/cover_10.png
INFO: [ app_init ] --START--
INFO: Run Behavior\BuildLiteBehavior [ RunTime:0.000023s ]
INFO: [ app_init ] --END-- [ RunTime:0.001490s ]

[ 2016-02-25T17:07:44+08:00 ] ::1 /1.0/Application/Home/Images/Cover/cover_9.png
INFO: [ app_init ] --START--
INFO: Run Behavior\BuildLiteBehavior [ RunTime:0.000023s ]
INFO: [ app_init ] --END-- [ RunTime:0.000606s ]

[ 2016-02-25T17:07:44+08:00 ] ::1 /1.0/Application/Home/Images/Cover/cover_8.png
INFO: [ app_init ] --START--
INFO: Run Behavior\BuildLiteBehavior [ RunTime:0.000016s ]
INFO: [ app_init ] --END-- [ RunTime:0.000637s ]

[ 2016-02-25T17:08:01+08:00 ] ::1 /1.0/library/getBookBySearchTextSortMethodFieldId
INFO: [ app_init ] --START--
INFO: Run Behavior\BuildLiteBehavior [ RunTime:0.000016s ]
INFO: [ app_init ] --END-- [ RunTime:0.001213s ]
INFO: [ app_begin ] --START--
INFO: Run Behavior\ReadHtmlCacheBehavior [ RunTime:0.000613s ]
INFO: [ app_begin ] --END-- [ RunTime:0.000689s ]
SQL: call WenHuiApartment.proc_MM_BookBySearchText_Select('%%', 0, 0, 10, 0); [ RunTime:0.0015s ]
SQL: call WenHuiApartment.proc_MM_UserCollectBookByUserIdBookID_Select(10, 1) [ RunTime:0.0007s ]
SQL: call WenHuiApartment.proc_MM_UserCollectBookByUserIdBookID_Select(9, 1) [ RunTime:0.0003s ]
SQL: call WenHuiApartment.proc_MM_UserCollectBookByUserIdBookID_Select(8, 1) [ RunTime:0.0003s ]
SQL: call WenHuiApartment.proc_MM_UserCollectBookByUserIdBookID_Select(7, 1) [ RunTime:0.0003s ]
SQL: call WenHuiApartment.proc_MM_UserCollectBookByUserIdBookID_Select(6, 1) [ RunTime:0.0004s ]
SQL: call WenHuiApartment.proc_MM_UserCollectBookByUserIdBookID_Select(5, 1) [ RunTime:0.0012s ]
SQL: call WenHuiApartment.proc_MM_UserCollectBookByUserIdBookID_Select(4, 1) [ RunTime:0.0010s ]
SQL: call WenHuiApartment.proc_MM_UserCollectBookByUserIdBookID_Select(3, 1) [ RunTime:0.0008s ]
SQL: call WenHuiApartment.proc_MM_UserCollectBookByUserIdBookID_Select(2, 1) [ RunTime:0.0004s ]
SQL: call WenHuiApartment.proc_MM_UserCollectBookByUserIdBookID_Select(1, 1) [ RunTime:0.0003s ]
INFO: [ app_end ] --START--
INFO: Run Behavior\ShowPageTraceBehavior [ RunTime:0.000836s ]
INFO: [ app_end ] --END-- [ RunTime:0.000940s ]

[ 2016-02-25T17:08:01+08:00 ] ::1 /1.0/common/getField
INFO: [ app_init ] --START--
INFO: Run Behavior\BuildLiteBehavior [ RunTime:0.000039s ]
INFO: [ app_init ] --END-- [ RunTime:0.001220s ]
INFO: [ app_begin ] --START--
INFO: Run Behavior\ReadHtmlCacheBehavior [ RunTime:0.000827s ]
INFO: [ app_begin ] --END-- [ RunTime:0.000970s ]
SQL: SHOW COLUMNS FROM `t_field` [ RunTime:0.0339s ]
SQL: SELECT * FROM `t_field`  [ RunTime:0.0002s ]
INFO: [ app_end ] --START--
INFO: Run Behavior\ShowPageTraceBehavior [ RunTime:0.000462s ]
INFO: [ app_end ] --END-- [ RunTime:0.000499s ]

[ 2016-02-25T17:08:01+08:00 ] ::1 /1.0/Application/Home/Images/Cover/cover_10.png
INFO: [ app_init ] --START--
INFO: Run Behavior\BuildLiteBehavior [ RunTime:0.000017s ]
INFO: [ app_init ] --END-- [ RunTime:0.000397s ]

[ 2016-02-25T17:08:01+08:00 ] ::1 /1.0/Application/Home/Images/Cover/cover_9.png
INFO: [ app_init ] --START--
INFO: Run Behavior\BuildLiteBehavior [ RunTime:0.000015s ]
INFO: [ app_init ] --END-- [ RunTime:0.000369s ]

[ 2016-02-25T17:08:01+08:00 ] ::1 /1.0/Application/Home/Images/Cover/cover_8.png
INFO: [ app_init ] --START--
INFO: Run Behavior\BuildLiteBehavior [ RunTime:0.000032s ]
INFO: [ app_init ] --END-- [ RunTime:0.001464s ]

[ 2016-02-25T17:09:31+08:00 ] ::1 /1.0/library/getBookBySearchTextSortMethodFieldId
INFO: [ app_init ] --START--
INFO: Run Behavior\BuildLiteBehavior [ RunTime:0.000013s ]
INFO: [ app_init ] --END-- [ RunTime:0.000376s ]
INFO: [ app_begin ] --START--
INFO: Run Behavior\ReadHtmlCacheBehavior [ RunTime:0.000489s ]
INFO: [ app_begin ] --END-- [ RunTime:0.000537s ]
SQL: call WenHuiApartment.proc_MM_BookBySearchText_Select('%%', 0, 0, 10, 0); [ RunTime:0.0010s ]
SQL: call WenHuiApartment.proc_MM_UserCollectBookByUserIdBookID_Select(10, 1) [ RunTime:0.0003s ]
SQL: call WenHuiApartment.proc_MM_UserCollectBookByUserIdBookID_Select(9, 1) [ RunTime:0.0002s ]
SQL: call WenHuiApartment.proc_MM_UserCollectBookByUserIdBookID_Select(8, 1) [ RunTime:0.0002s ]
SQL: call WenHuiApartment.proc_MM_UserCollectBookByUserIdBookID_Select(7, 1) [ RunTime:0.0002s ]
SQL: call WenHuiApartment.proc_MM_UserCollectBookByUserIdBookID_Select(6, 1) [ RunTime:0.0002s ]
SQL: call WenHuiApartment.proc_MM_UserCollectBookByUserIdBookID_Select(5, 1) [ RunTime:0.0002s ]
SQL: call WenHuiApartment.proc_MM_UserCollectBookByUserIdBookID_Select(4, 1) [ RunTime:0.0002s ]
SQL: call WenHuiApartment.proc_MM_UserCollectBookByUserIdBookID_Select(3, 1) [ RunTime:0.0002s ]
SQL: call WenHuiApartment.proc_MM_UserCollectBookByUserIdBookID_Select(2, 1) [ RunTime:0.0002s ]
SQL: call WenHuiApartment.proc_MM_UserCollectBookByUserIdBookID_Select(1, 1) [ RunTime:0.0002s ]
INFO: [ app_end ] --START--
INFO: Run Behavior\ShowPageTraceBehavior [ RunTime:0.000487s ]
INFO: [ app_end ] --END-- [ RunTime:0.000527s ]

[ 2016-02-25T17:09:31+08:00 ] ::1 /1.0/common/getField
INFO: [ app_init ] --START--
INFO: Run Behavior\BuildLiteBehavior [ RunTime:0.000011s ]
INFO: [ app_init ] --END-- [ RunTime:0.000269s ]
INFO: [ app_begin ] --START--
INFO: Run Behavior\ReadHtmlCacheBehavior [ RunTime:0.000355s ]
INFO: [ app_begin ] --END-- [ RunTime:0.000398s ]
SQL: SHOW COLUMNS FROM `t_field` [ RunTime:0.0353s ]
SQL: SELECT * FROM `t_field`  [ RunTime:0.0003s ]
INFO: [ app_end ] --START--
INFO: Run Behavior\ShowPageTraceBehavior [ RunTime:0.000502s ]
INFO: [ app_end ] --END-- [ RunTime:0.000547s ]

[ 2016-02-25T17:09:31+08:00 ] ::1 /1.0/Application/Home/Images/Cover/cover_10.png
INFO: [ app_init ] --START--
INFO: Run Behavior\BuildLiteBehavior [ RunTime:0.000021s ]
INFO: [ app_init ] --END-- [ RunTime:0.000387s ]

[ 2016-02-25T17:09:31+08:00 ] ::1 /1.0/Application/Home/Images/Cover/cover_9.png
INFO: [ app_init ] --START--
INFO: Run Behavior\BuildLiteBehavior [ RunTime:0.000015s ]
INFO: [ app_init ] --END-- [ RunTime:0.000618s ]

[ 2016-02-25T17:09:31+08:00 ] ::1 /1.0/Application/Home/Images/Cover/cover_8.png
INFO: [ app_init ] --START--
INFO: Run Behavior\BuildLiteBehavior [ RunTime:0.000016s ]
INFO: [ app_init ] --END-- [ RunTime:0.000753s ]

[ 2016-02-25T17:09:33+08:00 ] ::1 /1.0/communion/getBookpostBySortMethodFieldId
INFO: [ app_init ] --START--
INFO: Run Behavior\BuildLiteBehavior [ RunTime:0.000017s ]
INFO: [ app_init ] --END-- [ RunTime:0.000395s ]
INFO: [ app_begin ] --START--
INFO: Run Behavior\ReadHtmlCacheBehavior [ RunTime:0.000371s ]
INFO: [ app_begin ] --END-- [ RunTime:0.000413s ]
SQL: call proc_CC_BookpostBySortMethodFieldId_Select(0,0,10) [ RunTime:0.0308s ]
SQL: call proc_CC_UserCollectBookpostByBPIdUserId_Select(1,10) [ RunTime:0.0015s ]
SQL: call proc_CC_BookpostSupportByCurrUserId_Select(1,10) [ RunTime:0.0010s ]
SQL: call proc_CC_UserCollectBookpostByBPIdUserId_Select(1,9) [ RunTime:0.0004s ]
SQL: call proc_CC_BookpostSupportByCurrUserId_Select(1,9) [ RunTime:0.0002s ]
SQL: call proc_CC_UserCollectBookpostByBPIdUserId_Select(1,8) [ RunTime:0.0002s ]
SQL: call proc_CC_BookpostSupportByCurrUserId_Select(1,8) [ RunTime:0.0003s ]
SQL: call proc_CC_UserCollectBookpostByBPIdUserId_Select(1,7) [ RunTime:0.0008s ]
SQL: call proc_CC_BookpostSupportByCurrUserId_Select(1,7) [ RunTime:0.0003s ]
SQL: call proc_CC_UserCollectBookpostByBPIdUserId_Select(1,6) [ RunTime:0.0009s ]
SQL: call proc_CC_BookpostSupportByCurrUserId_Select(1,6) [ RunTime:0.0018s ]
SQL: call proc_CC_UserCollectBookpostByBPIdUserId_Select(1,5) [ RunTime:0.0005s ]
SQL: call proc_CC_BookpostSupportByCurrUserId_Select(1,5) [ RunTime:0.0005s ]
SQL: call proc_CC_UserCollectBookpostByBPIdUserId_Select(1,4) [ RunTime:0.0003s ]
SQL: call proc_CC_BookpostSupportByCurrUserId_Select(1,4) [ RunTime:0.0003s ]
SQL: call proc_CC_UserCollectBookpostByBPIdUserId_Select(1,3) [ RunTime:0.0003s ]
SQL: call proc_CC_BookpostSupportByCurrUserId_Select(1,3) [ RunTime:0.0002s ]
SQL: call proc_CC_UserCollectBookpostByBPIdUserId_Select(1,2) [ RunTime:0.0003s ]
SQL: call proc_CC_BookpostSupportByCurrUserId_Select(1,2) [ RunTime:0.0002s ]
SQL: call proc_CC_UserCollectBookpostByBPIdUserId_Select(1,1) [ RunTime:0.0003s ]
SQL: call proc_CC_BookpostSupportByCurrUserId_Select(1,1) [ RunTime:0.0002s ]
INFO: [ app_end ] --START--
INFO: Run Behavior\ShowPageTraceBehavior [ RunTime:0.000939s ]
INFO: [ app_end ] --END-- [ RunTime:0.001228s ]

[ 2016-02-25T17:09:33+08:00 ] ::1 /1.0/common/getField
INFO: [ app_init ] --START--
INFO: Run Behavior\BuildLiteBehavior [ RunTime:0.000014s ]
INFO: [ app_init ] --END-- [ RunTime:0.000373s ]
INFO: [ app_begin ] --START--
INFO: Run Behavior\ReadHtmlCacheBehavior [ RunTime:0.000372s ]
INFO: [ app_begin ] --END-- [ RunTime:0.000416s ]
SQL: SHOW COLUMNS FROM `t_field` [ RunTime:0.0304s ]
SQL: SELECT * FROM `t_field`  [ RunTime:0.0003s ]
INFO: [ app_end ] --START--
INFO: Run Behavior\ShowPageTraceBehavior [ RunTime:0.000539s ]
INFO: [ app_end ] --END-- [ RunTime:0.000583s ]

[ 2016-02-25T17:17:24+08:00 ] ::1 /1.0/library/getBookBySearchTextSortMethodFieldId
INFO: [ app_init ] --START--
INFO: Run Behavior\BuildLiteBehavior [ RunTime:0.000013s ]
INFO: [ app_init ] --END-- [ RunTime:0.000381s ]
INFO: [ app_begin ] --START--
INFO: Run Behavior\ReadHtmlCacheBehavior [ RunTime:0.000497s ]
INFO: [ app_begin ] --END-- [ RunTime:0.000549s ]
SQL: call WenHuiApartment.proc_MM_BookBySearchText_Select('%%', 0, 0, 10, 0); [ RunTime:0.0010s ]
SQL: call WenHuiApartment.proc_MM_UserCollectBookByUserIdBookID_Select(10, 1) [ RunTime:0.0003s ]
SQL: call WenHuiApartment.proc_MM_UserCollectBookByUserIdBookID_Select(9, 1) [ RunTime:0.0002s ]
SQL: call WenHuiApartment.proc_MM_UserCollectBookByUserIdBookID_Select(8, 1) [ RunTime:0.0002s ]
SQL: call WenHuiApartment.proc_MM_UserCollectBookByUserIdBookID_Select(7, 1) [ RunTime:0.0002s ]
SQL: call WenHuiApartment.proc_MM_UserCollectBookByUserIdBookID_Select(6, 1) [ RunTime:0.0002s ]
SQL: call WenHuiApartment.proc_MM_UserCollectBookByUserIdBookID_Select(5, 1) [ RunTime:0.0002s ]
SQL: call WenHuiApartment.proc_MM_UserCollectBookByUserIdBookID_Select(4, 1) [ RunTime:0.0002s ]
SQL: call WenHuiApartment.proc_MM_UserCollectBookByUserIdBookID_Select(3, 1) [ RunTime:0.0002s ]
SQL: call WenHuiApartment.proc_MM_UserCollectBookByUserIdBookID_Select(2, 1) [ RunTime:0.0002s ]
SQL: call WenHuiApartment.proc_MM_UserCollectBookByUserIdBookID_Select(1, 1) [ RunTime:0.0003s ]
INFO: [ app_end ] --START--
INFO: Run Behavior\ShowPageTraceBehavior [ RunTime:0.000701s ]
INFO: [ app_end ] --END-- [ RunTime:0.000770s ]

[ 2016-02-25T17:17:24+08:00 ] ::1 /1.0/common/getField
INFO: [ app_init ] --START--
INFO: Run Behavior\BuildLiteBehavior [ RunTime:0.000011s ]
INFO: [ app_init ] --END-- [ RunTime:0.000273s ]
INFO: [ app_begin ] --START--
INFO: Run Behavior\ReadHtmlCacheBehavior [ RunTime:0.000344s ]
INFO: [ app_begin ] --END-- [ RunTime:0.000380s ]
SQL: SHOW COLUMNS FROM `t_field` [ RunTime:0.0310s ]
SQL: SELECT * FROM `t_field`  [ RunTime:0.0003s ]
INFO: [ app_end ] --START--
INFO: Run Behavior\ShowPageTraceBehavior [ RunTime:0.000518s ]
INFO: [ app_end ] --END-- [ RunTime:0.000566s ]

[ 2016-02-25T17:17:24+08:00 ] ::1 /1.0/Application/Home/Images/Cover/cover_10.png
INFO: [ app_init ] --START--
INFO: Run Behavior\BuildLiteBehavior [ RunTime:0.000026s ]
INFO: [ app_init ] --END-- [ RunTime:0.000462s ]

[ 2016-02-25T17:17:24+08:00 ] ::1 /1.0/Application/Home/Images/Cover/cover_9.png
INFO: [ app_init ] --START--
INFO: Run Behavior\BuildLiteBehavior [ RunTime:0.000016s ]
INFO: [ app_init ] --END-- [ RunTime:0.000652s ]

[ 2016-02-25T17:17:24+08:00 ] ::1 /1.0/Application/Home/Images/Cover/cover_8.png
INFO: [ app_init ] --START--
INFO: Run Behavior\BuildLiteBehavior [ RunTime:0.000023s ]
INFO: [ app_init ] --END-- [ RunTime:0.000415s ]

[ 2016-02-25T17:17:41+08:00 ] ::1 /1.0/library/getBookBySearchTextSortMethodFieldId
INFO: [ app_init ] --START--
INFO: Run Behavior\BuildLiteBehavior [ RunTime:0.000022s ]
INFO: [ app_init ] --END-- [ RunTime:0.000491s ]
INFO: [ app_begin ] --START--
INFO: Run Behavior\ReadHtmlCacheBehavior [ RunTime:0.000580s ]
INFO: [ app_begin ] --END-- [ RunTime:0.000669s ]
SQL: call WenHuiApartment.proc_MM_BookBySearchText_Select('%%', 0, 0, 10, 0); [ RunTime:0.0023s ]
SQL: call WenHuiApartment.proc_MM_UserCollectBookByUserIdBookID_Select(10, 1) [ RunTime:0.0028s ]
SQL: call WenHuiApartment.proc_MM_UserCollectBookByUserIdBookID_Select(9, 1) [ RunTime:0.0014s ]
SQL: call WenHuiApartment.proc_MM_UserCollectBookByUserIdBookID_Select(8, 1) [ RunTime:0.0023s ]
SQL: call WenHuiApartment.proc_MM_UserCollectBookByUserIdBookID_Select(7, 1) [ RunTime:0.0011s ]
SQL: call WenHuiApartment.proc_MM_UserCollectBookByUserIdBookID_Select(6, 1) [ RunTime:0.0005s ]
SQL: call WenHuiApartment.proc_MM_UserCollectBookByUserIdBookID_Select(5, 1) [ RunTime:0.0004s ]
SQL: call WenHuiApartment.proc_MM_UserCollectBookByUserIdBookID_Select(4, 1) [ RunTime:0.0004s ]
SQL: call WenHuiApartment.proc_MM_UserCollectBookByUserIdBookID_Select(3, 1) [ RunTime:0.0007s ]
SQL: call WenHuiApartment.proc_MM_UserCollectBookByUserIdBookID_Select(2, 1) [ RunTime:0.0007s ]
SQL: call WenHuiApartment.proc_MM_UserCollectBookByUserIdBookID_Select(1, 1) [ RunTime:0.0011s ]
INFO: [ app_end ] --START--
INFO: Run Behavior\ShowPageTraceBehavior [ RunTime:0.000893s ]
INFO: [ app_end ] --END-- [ RunTime:0.000979s ]

[ 2016-02-25T17:17:41+08:00 ] ::1 /1.0/common/getField
INFO: [ app_init ] --START--
INFO: Run Behavior\BuildLiteBehavior [ RunTime:0.000017s ]
INFO: [ app_init ] --END-- [ RunTime:0.000466s ]
INFO: [ app_begin ] --START--
INFO: Run Behavior\ReadHtmlCacheBehavior [ RunTime:0.000590s ]
INFO: [ app_begin ] --END-- [ RunTime:0.000659s ]
SQL: SHOW COLUMNS FROM `t_field` [ RunTime:0.0310s ]
SQL: SELECT * FROM `t_field`  [ RunTime:0.0006s ]
INFO: [ app_end ] --START--
INFO: Run Behavior\ShowPageTraceBehavior [ RunTime:0.000570s ]
INFO: [ app_end ] --END-- [ RunTime:0.000620s ]

[ 2016-02-25T17:17:41+08:00 ] ::1 /1.0/Application/Home/Images/Cover/cover_8.png
INFO: [ app_init ] --START--
INFO: Run Behavior\BuildLiteBehavior [ RunTime:0.000063s ]
INFO: [ app_init ] --END-- [ RunTime:0.001830s ]

[ 2016-02-25T17:17:41+08:00 ] ::1 /1.0/Application/Home/Images/Cover/cover_10.png
INFO: [ app_init ] --START--
INFO: Run Behavior\BuildLiteBehavior [ RunTime:0.000013s ]
INFO: [ app_init ] --END-- [ RunTime:0.000444s ]

[ 2016-02-25T17:17:41+08:00 ] ::1 /1.0/Application/Home/Images/Cover/cover_9.png
INFO: [ app_init ] --START--
INFO: Run Behavior\BuildLiteBehavior [ RunTime:0.000011s ]
INFO: [ app_init ] --END-- [ RunTime:0.000287s ]

[ 2016-02-25T17:17:43+08:00 ] ::1 /1.0/communion/getBookpostBySearchText
INFO: [ app_init ] --START--
INFO: Run Behavior\BuildLiteBehavior [ RunTime:0.000020s ]
INFO: [ app_init ] --END-- [ RunTime:0.000563s ]
INFO: [ app_begin ] --START--
INFO: Run Behavior\ReadHtmlCacheBehavior [ RunTime:0.000520s ]
INFO: [ app_begin ] --END-- [ RunTime:0.000581s ]
SQL: call proc_CC_BookpostBySearchText_Select('%笑傲江湖%', 0, 0, 10) [ RunTime:0.1046s ]
SQL: call proc_CC_UserCollectBookpostByBPIdUserId_Select(1,10) [ RunTime:0.0005s ]
SQL: call proc_CC_BookpostSupportByCurrUserId_Select(1,10) [ RunTime:0.0004s ]
INFO: [ app_end ] --START--
INFO: Run Behavior\ShowPageTraceBehavior [ RunTime:0.001040s ]
INFO: [ app_end ] --END-- [ RunTime:0.001179s ]

[ 2016-02-25T17:17:43+08:00 ] ::1 /1.0/common/getField
INFO: [ app_init ] --START--
INFO: Run Behavior\BuildLiteBehavior [ RunTime:0.000016s ]
INFO: [ app_init ] --END-- [ RunTime:0.000390s ]
INFO: [ app_begin ] --START--
INFO: Run Behavior\ReadHtmlCacheBehavior [ RunTime:0.000502s ]
INFO: [ app_begin ] --END-- [ RunTime:0.000557s ]
SQL: SHOW COLUMNS FROM `t_field` [ RunTime:0.0410s ]
SQL: SELECT * FROM `t_field`  [ RunTime:0.0003s ]
INFO: [ app_end ] --START--
INFO: Run Behavior\ShowPageTraceBehavior [ RunTime:0.000496s ]
INFO: [ app_end ] --END-- [ RunTime:0.000534s ]

[ 2016-02-25T17:17:43+08:00 ] ::1 /1.0/communion/getBookpostBySortMethodFieldId
INFO: [ app_init ] --START--
INFO: Run Behavior\BuildLiteBehavior [ RunTime:0.000018s ]
INFO: [ app_init ] --END-- [ RunTime:0.000421s ]
INFO: [ app_begin ] --START--
INFO: Run Behavior\ReadHtmlCacheBehavior [ RunTime:0.000386s ]
INFO: [ app_begin ] --END-- [ RunTime:0.000429s ]
SQL: call proc_CC_BookpostBySortMethodFieldId_Select(0,0,10) [ RunTime:0.0117s ]
SQL: call proc_CC_UserCollectBookpostByBPIdUserId_Select(1,10) [ RunTime:0.0005s ]
SQL: call proc_CC_BookpostSupportByCurrUserId_Select(1,10) [ RunTime:0.0002s ]
SQL: call proc_CC_UserCollectBookpostByBPIdUserId_Select(1,9) [ RunTime:0.0002s ]
SQL: call proc_CC_BookpostSupportByCurrUserId_Select(1,9) [ RunTime:0.0002s ]
SQL: call proc_CC_UserCollectBookpostByBPIdUserId_Select(1,8) [ RunTime:0.0002s ]
SQL: call proc_CC_BookpostSupportByCurrUserId_Select(1,8) [ RunTime:0.0002s ]
SQL: call proc_CC_UserCollectBookpostByBPIdUserId_Select(1,7) [ RunTime:0.0003s ]
SQL: call proc_CC_BookpostSupportByCurrUserId_Select(1,7) [ RunTime:0.0002s ]
SQL: call proc_CC_UserCollectBookpostByBPIdUserId_Select(1,6) [ RunTime:0.0003s ]
SQL: call proc_CC_BookpostSupportByCurrUserId_Select(1,6) [ RunTime:0.0037s ]
SQL: call proc_CC_UserCollectBookpostByBPIdUserId_Select(1,5) [ RunTime:0.0005s ]
SQL: call proc_CC_BookpostSupportByCurrUserId_Select(1,5) [ RunTime:0.0006s ]
SQL: call proc_CC_UserCollectBookpostByBPIdUserId_Select(1,4) [ RunTime:0.0004s ]
SQL: call proc_CC_BookpostSupportByCurrUserId_Select(1,4) [ RunTime:0.0002s ]
SQL: call proc_CC_UserCollectBookpostByBPIdUserId_Select(1,3) [ RunTime:0.0002s ]
SQL: call proc_CC_BookpostSupportByCurrUserId_Select(1,3) [ RunTime:0.0003s ]
SQL: call proc_CC_UserCollectBookpostByBPIdUserId_Select(1,2) [ RunTime:0.0005s ]
SQL: call proc_CC_BookpostSupportByCurrUserId_Select(1,2) [ RunTime:0.0003s ]
SQL: call proc_CC_UserCollectBookpostByBPIdUserId_Select(1,1) [ RunTime:0.0003s ]
SQL: call proc_CC_BookpostSupportByCurrUserId_Select(1,1) [ RunTime:0.0002s ]
INFO: [ app_end ] --START--
INFO: Run Behavior\ShowPageTraceBehavior [ RunTime:0.000641s ]
INFO: [ app_end ] --END-- [ RunTime:0.000686s ]

[ 2016-02-25T17:17:50+08:00 ] ::1 /1.0/communion/getBookpostBySearchText
INFO: [ app_init ] --START--
INFO: Run Behavior\BuildLiteBehavior [ RunTime:0.000015s ]
INFO: [ app_init ] --END-- [ RunTime:0.000379s ]
INFO: [ app_begin ] --START--
INFO: Run Behavior\ReadHtmlCacheBehavior [ RunTime:0.000488s ]
INFO: [ app_begin ] --END-- [ RunTime:0.000538s ]
SQL: call proc_CC_BookpostBySearchText_Select('%笑傲江湖%', 0, 0, 10) [ RunTime:0.0843s ]
SQL: call proc_CC_UserCollectBookpostByBPIdUserId_Select(1,10) [ RunTime:0.0005s ]
SQL: call proc_CC_BookpostSupportByCurrUserId_Select(1,10) [ RunTime:0.0003s ]
INFO: [ app_end ] --START--
INFO: Run Behavior\ShowPageTraceBehavior [ RunTime:0.000539s ]
INFO: [ app_end ] --END-- [ RunTime:0.000583s ]

[ 2016-02-25T17:18:06+08:00 ] ::1 /1.0/communion/getBookpostBySearchText
INFO: [ app_init ] --START--
INFO: Run Behavior\BuildLiteBehavior [ RunTime:0.000015s ]
INFO: [ app_init ] --END-- [ RunTime:0.000376s ]
INFO: [ app_begin ] --START--
INFO: Run Behavior\ReadHtmlCacheBehavior [ RunTime:0.000477s ]
INFO: [ app_begin ] --END-- [ RunTime:0.000522s ]
SQL: call proc_CC_BookpostBySearchText_Select('%笑傲江湖%', 0, 0, 10) [ RunTime:0.0646s ]
SQL: call proc_CC_UserCollectBookpostByBPIdUserId_Select(1,10) [ RunTime:0.0004s ]
SQL: call proc_CC_BookpostSupportByCurrUserId_Select(1,10) [ RunTime:0.0003s ]
INFO: [ app_end ] --START--
INFO: Run Behavior\ShowPageTraceBehavior [ RunTime:0.000638s ]
INFO: [ app_end ] --END-- [ RunTime:0.000684s ]

[ 2016-02-25T17:20:01+08:00 ] ::1 /1.0/communion/getBookpostBySearchText
INFO: [ app_init ] --START--
INFO: Run Behavior\BuildLiteBehavior [ RunTime:0.000018s ]
INFO: [ app_init ] --END-- [ RunTime:0.000477s ]
INFO: [ app_begin ] --START--
INFO: Run Behavior\ReadHtmlCacheBehavior [ RunTime:0.000490s ]
INFO: [ app_begin ] --END-- [ RunTime:0.000537s ]
SQL: call proc_CC_BookpostBySearchText_Select('%笑傲江湖%', 0, 0, 10) [ RunTime:0.0839s ]
SQL: call proc_CC_UserCollectBookpostByBPIdUserId_Select(1,10) [ RunTime:0.0004s ]
SQL: call proc_CC_BookpostSupportByCurrUserId_Select(1,10) [ RunTime:0.0003s ]
INFO: [ app_end ] --START--
INFO: Run Behavior\ShowPageTraceBehavior [ RunTime:0.000531s ]
INFO: [ app_end ] --END-- [ RunTime:0.000575s ]

[ 2016-02-25T17:21:12+08:00 ] ::1 /1.0/communion/getBookpostBySearchText
INFO: [ app_init ] --START--
INFO: Run Behavior\BuildLiteBehavior [ RunTime:0.000024s ]
INFO: [ app_init ] --END-- [ RunTime:0.000839s ]
INFO: [ app_begin ] --START--
INFO: Run Behavior\ReadHtmlCacheBehavior [ RunTime:0.000846s ]
INFO: [ app_begin ] --END-- [ RunTime:0.000925s ]
SQL: call proc_CC_BookpostBySearchText_Select('%笑傲江湖%', 0, 0, 10) [ RunTime:0.0947s ]
SQL: call proc_CC_UserCollectBookpostByBPIdUserId_Select(1,10) [ RunTime:0.0004s ]
SQL: call proc_CC_BookpostSupportByCurrUserId_Select(1,10) [ RunTime:0.0003s ]
INFO: [ app_end ] --START--
INFO: Run Behavior\ShowPageTraceBehavior [ RunTime:0.000889s ]
INFO: [ app_end ] --END-- [ RunTime:0.000949s ]

[ 2016-02-25T17:22:33+08:00 ] ::1 /1.0/communion/getBookpostBySearchText
INFO: [ app_init ] --START--
INFO: Run Behavior\BuildLiteBehavior [ RunTime:0.000028s ]
INFO: [ app_init ] --END-- [ RunTime:0.001058s ]
INFO: [ app_begin ] --START--
INFO: Run Behavior\ReadHtmlCacheBehavior [ RunTime:0.000948s ]
INFO: [ app_begin ] --END-- [ RunTime:0.001045s ]
SQL: call proc_CC_BookpostBySearchText_Select('%笑傲江湖%', 0, 0, 10) [ RunTime:0.0789s ]
SQL: call proc_CC_UserCollectBookpostByBPIdUserId_Select(1,10) [ RunTime:0.0013s ]
SQL: call proc_CC_BookpostSupportByCurrUserId_Select(1,10) [ RunTime:0.0015s ]
INFO: [ app_end ] --START--
INFO: Run Behavior\ShowPageTraceBehavior [ RunTime:0.001263s ]
INFO: [ app_end ] --END-- [ RunTime:0.001966s ]

[ 2016-02-25T17:23:19+08:00 ] ::1 /1.0/communion/getBookpostBySearchText
INFO: [ app_init ] --START--
INFO: Run Behavior\BuildLiteBehavior [ RunTime:0.000020s ]
INFO: [ app_init ] --END-- [ RunTime:0.000453s ]
INFO: [ app_begin ] --START--
INFO: Run Behavior\ReadHtmlCacheBehavior [ RunTime:0.000594s ]
INFO: [ app_begin ] --END-- [ RunTime:0.000661s ]
SQL: call proc_CC_BookpostBySearchText_Select('%笑傲江湖%', 0, 0, 10) [ RunTime:0.1054s ]
SQL: call proc_CC_UserCollectBookpostByBPIdUserId_Select(1,10) [ RunTime:0.0007s ]
SQL: call proc_CC_BookpostSupportByCurrUserId_Select(1,10) [ RunTime:0.0003s ]
INFO: [ app_end ] --START--
INFO: Run Behavior\ShowPageTraceBehavior [ RunTime:0.000551s ]
INFO: [ app_end ] --END-- [ RunTime:0.000594s ]

[ 2016-02-25T17:23:25+08:00 ] ::1 /1.0/communion/getBookpostBySearchText
INFO: [ app_init ] --START--
INFO: Run Behavior\BuildLiteBehavior [ RunTime:0.000015s ]
INFO: [ app_init ] --END-- [ RunTime:0.000387s ]
INFO: [ app_begin ] --START--
INFO: Run Behavior\ReadHtmlCacheBehavior [ RunTime:0.000427s ]
INFO: [ app_begin ] --END-- [ RunTime:0.000471s ]
SQL: call proc_CC_BookpostBySearchText_Select('%笑傲江湖%', 0, 0, 10) [ RunTime:0.0820s ]
SQL: call proc_CC_UserCollectBookpostByBPIdUserId_Select(1,10) [ RunTime:0.0004s ]
SQL: call proc_CC_BookpostSupportByCurrUserId_Select(1,10) [ RunTime:0.0003s ]
INFO: [ app_end ] --START--
INFO: Run Behavior\ShowPageTraceBehavior [ RunTime:0.000538s ]
INFO: [ app_end ] --END-- [ RunTime:0.000581s ]

[ 2016-02-25T17:23:55+08:00 ] ::1 /1.0/communion/getBookpostBySearchText
INFO: [ app_init ] --START--
INFO: Run Behavior\BuildLiteBehavior [ RunTime:0.000015s ]
INFO: [ app_init ] --END-- [ RunTime:0.000397s ]
INFO: [ app_begin ] --START--
INFO: Run Behavior\ReadHtmlCacheBehavior [ RunTime:0.000488s ]
INFO: [ app_begin ] --END-- [ RunTime:0.000540s ]
SQL: call proc_CC_BookpostBySearchText_Select('%笑傲江湖%', 0, 0, 10) [ RunTime:0.0853s ]
SQL: call proc_CC_UserCollectBookpostByBPIdUserId_Select(1,10) [ RunTime:0.0006s ]
SQL: call proc_CC_BookpostSupportByCurrUserId_Select(1,10) [ RunTime:0.0004s ]
INFO: [ app_end ] --START--
INFO: Run Behavior\ShowPageTraceBehavior [ RunTime:0.000863s ]
INFO: [ app_end ] --END-- [ RunTime:0.001000s ]

[ 2016-02-25T17:24:07+08:00 ] ::1 /1.0/communion/getBookpostBySearchText
INFO: [ app_init ] --START--
INFO: Run Behavior\BuildLiteBehavior [ RunTime:0.000017s ]
INFO: [ app_init ] --END-- [ RunTime:0.000391s ]
INFO: [ app_begin ] --START--
INFO: Run Behavior\ReadHtmlCacheBehavior [ RunTime:0.000567s ]
INFO: [ app_begin ] --END-- [ RunTime:0.000617s ]
SQL: call proc_CC_BookpostBySearchText_Select('%天龙八部%', 0, 0, 10) [ RunTime:0.0876s ]
SQL: call proc_CC_UserCollectBookpostByBPIdUserId_Select(1,9) [ RunTime:0.0004s ]
SQL: call proc_CC_BookpostSupportByCurrUserId_Select(1,9) [ RunTime:0.0003s ]
INFO: [ app_end ] --START--
INFO: Run Behavior\ShowPageTraceBehavior [ RunTime:0.000499s ]
INFO: [ app_end ] --END-- [ RunTime:0.000538s ]

[ 2016-02-25T17:24:15+08:00 ] ::1 /1.0/communion/getBookpostBySearchText
INFO: [ app_init ] --START--
INFO: Run Behavior\BuildLiteBehavior [ RunTime:0.000012s ]
INFO: [ app_init ] --END-- [ RunTime:0.000396s ]
INFO: [ app_begin ] --START--
INFO: Run Behavior\ReadHtmlCacheBehavior [ RunTime:0.000530s ]
INFO: [ app_begin ] --END-- [ RunTime:0.000587s ]
SQL: call proc_CC_BookpostBySearchText_Select('%倚天屠龙记%', 0, 0, 10) [ RunTime:0.0873s ]
SQL: call proc_CC_UserCollectBookpostByBPIdUserId_Select(1,8) [ RunTime:0.0006s ]
SQL: call proc_CC_BookpostSupportByCurrUserId_Select(1,8) [ RunTime:0.0004s ]
INFO: [ app_end ] --START--
INFO: Run Behavior\ShowPageTraceBehavior [ RunTime:0.000543s ]
INFO: [ app_end ] --END-- [ RunTime:0.000591s ]

[ 2016-02-25T17:25:27+08:00 ] ::1 /1.0/library/getBookBySearchTextSortMethodFieldId
INFO: [ app_init ] --START--
INFO: Run Behavior\BuildLiteBehavior [ RunTime:0.000011s ]
INFO: [ app_init ] --END-- [ RunTime:0.000280s ]
INFO: [ app_begin ] --START--
INFO: Run Behavior\ReadHtmlCacheBehavior [ RunTime:0.000366s ]
INFO: [ app_begin ] --END-- [ RunTime:0.000404s ]
SQL: call WenHuiApartment.proc_MM_BookBySearchText_Select('%%', 0, 0, 10, 0); [ RunTime:0.0012s ]
SQL: call WenHuiApartment.proc_MM_UserCollectBookByUserIdBookID_Select(10, 1) [ RunTime:0.0004s ]
SQL: call WenHuiApartment.proc_MM_UserCollectBookByUserIdBookID_Select(9, 1) [ RunTime:0.0002s ]
SQL: call WenHuiApartment.proc_MM_UserCollectBookByUserIdBookID_Select(8, 1) [ RunTime:0.0002s ]
SQL: call WenHuiApartment.proc_MM_UserCollectBookByUserIdBookID_Select(7, 1) [ RunTime:0.0002s ]
SQL: call WenHuiApartment.proc_MM_UserCollectBookByUserIdBookID_Select(6, 1) [ RunTime:0.0004s ]
SQL: call WenHuiApartment.proc_MM_UserCollectBookByUserIdBookID_Select(5, 1) [ RunTime:0.0004s ]
SQL: call WenHuiApartment.proc_MM_UserCollectBookByUserIdBookID_Select(4, 1) [ RunTime:0.0002s ]
SQL: call WenHuiApartment.proc_MM_UserCollectBookByUserIdBookID_Select(3, 1) [ RunTime:0.0004s ]
SQL: call WenHuiApartment.proc_MM_UserCollectBookByUserIdBookID_Select(2, 1) [ RunTime:0.0006s ]
SQL: call WenHuiApartment.proc_MM_UserCollectBookByUserIdBookID_Select(1, 1) [ RunTime:0.0007s ]
INFO: [ app_end ] --START--
INFO: Run Behavior\ShowPageTraceBehavior [ RunTime:0.000565s ]
INFO: [ app_end ] --END-- [ RunTime:0.000629s ]

[ 2016-02-25T17:25:27+08:00 ] ::1 /1.0/common/getField
INFO: [ app_init ] --START--
INFO: Run Behavior\BuildLiteBehavior [ RunTime:0.000011s ]
INFO: [ app_init ] --END-- [ RunTime:0.000274s ]
INFO: [ app_begin ] --START--
INFO: Run Behavior\ReadHtmlCacheBehavior [ RunTime:0.000349s ]
INFO: [ app_begin ] --END-- [ RunTime:0.000390s ]
SQL: SHOW COLUMNS FROM `t_field` [ RunTime:0.0472s ]
SQL: SELECT * FROM `t_field`  [ RunTime:0.0004s ]
INFO: [ app_end ] --START--
INFO: Run Behavior\ShowPageTraceBehavior [ RunTime:0.000605s ]
INFO: [ app_end ] --END-- [ RunTime:0.000654s ]

[ 2016-02-25T17:25:27+08:00 ] ::1 /1.0/Application/Home/Images/Cover/cover_10.png
INFO: [ app_init ] --START--
INFO: Run Behavior\BuildLiteBehavior [ RunTime:0.000017s ]
INFO: [ app_init ] --END-- [ RunTime:0.000408s ]

[ 2016-02-25T17:25:27+08:00 ] ::1 /1.0/Application/Home/Images/Cover/cover_9.png
INFO: [ app_init ] --START--
INFO: Run Behavior\BuildLiteBehavior [ RunTime:0.000168s ]
INFO: [ app_init ] --END-- [ RunTime:0.004766s ]

[ 2016-02-25T17:25:27+08:00 ] ::1 /1.0/Application/Home/Images/Cover/cover_8.png
INFO: [ app_init ] --START--
INFO: Run Behavior\BuildLiteBehavior [ RunTime:0.000014s ]
INFO: [ app_init ] --END-- [ RunTime:0.000380s ]

[ 2016-02-25T17:25:28+08:00 ] ::1 /1.0/common/getField
INFO: [ app_init ] --START--
INFO: Run Behavior\BuildLiteBehavior [ RunTime:0.000015s ]
INFO: [ app_init ] --END-- [ RunTime:0.000395s ]
INFO: [ app_begin ] --START--
INFO: Run Behavior\ReadHtmlCacheBehavior [ RunTime:0.000523s ]
INFO: [ app_begin ] --END-- [ RunTime:0.000586s ]
SQL: SHOW COLUMNS FROM `t_field` [ RunTime:0.0351s ]
SQL: SELECT * FROM `t_field`  [ RunTime:0.0004s ]
INFO: [ app_end ] --START--
INFO: Run Behavior\ShowPageTraceBehavior [ RunTime:0.000786s ]
INFO: [ app_end ] --END-- [ RunTime:0.000991s ]

[ 2016-02-25T17:25:28+08:00 ] ::1 /1.0/communion/getBookpostBySortMethodFieldId
INFO: [ app_init ] --START--
INFO: Run Behavior\BuildLiteBehavior [ RunTime:0.000039s ]
INFO: [ app_init ] --END-- [ RunTime:0.000678s ]
INFO: [ app_begin ] --START--
INFO: Run Behavior\ReadHtmlCacheBehavior [ RunTime:0.000531s ]
INFO: [ app_begin ] --END-- [ RunTime:0.000605s ]
SQL: call proc_CC_BookpostBySortMethodFieldId_Select(0,0,10) [ RunTime:0.0473s ]
SQL: call proc_CC_UserCollectBookpostByBPIdUserId_Select(1,10) [ RunTime:0.0005s ]
SQL: call proc_CC_BookpostSupportByCurrUserId_Select(1,10) [ RunTime:0.0003s ]
SQL: call proc_CC_UserCollectBookpostByBPIdUserId_Select(1,9) [ RunTime:0.0002s ]
SQL: call proc_CC_BookpostSupportByCurrUserId_Select(1,9) [ RunTime:0.0002s ]
SQL: call proc_CC_UserCollectBookpostByBPIdUserId_Select(1,8) [ RunTime:0.0002s ]
SQL: call proc_CC_BookpostSupportByCurrUserId_Select(1,8) [ RunTime:0.0002s ]
SQL: call proc_CC_UserCollectBookpostByBPIdUserId_Select(1,7) [ RunTime:0.0002s ]
SQL: call proc_CC_BookpostSupportByCurrUserId_Select(1,7) [ RunTime:0.0002s ]
SQL: call proc_CC_UserCollectBookpostByBPIdUserId_Select(1,6) [ RunTime:0.0002s ]
SQL: call proc_CC_BookpostSupportByCurrUserId_Select(1,6) [ RunTime:0.0002s ]
SQL: call proc_CC_UserCollectBookpostByBPIdUserId_Select(1,5) [ RunTime:0.0002s ]
SQL: call proc_CC_BookpostSupportByCurrUserId_Select(1,5) [ RunTime:0.0002s ]
SQL: call proc_CC_UserCollectBookpostByBPIdUserId_Select(1,4) [ RunTime:0.0003s ]
SQL: call proc_CC_BookpostSupportByCurrUserId_Select(1,4) [ RunTime:0.0002s ]
SQL: call proc_CC_UserCollectBookpostByBPIdUserId_Select(1,3) [ RunTime:0.0003s ]
SQL: call proc_CC_BookpostSupportByCurrUserId_Select(1,3) [ RunTime:0.0002s ]
SQL: call proc_CC_UserCollectBookpostByBPIdUserId_Select(1,2) [ RunTime:0.0002s ]
SQL: call proc_CC_BookpostSupportByCurrUserId_Select(1,2) [ RunTime:0.0002s ]
SQL: call proc_CC_UserCollectBookpostByBPIdUserId_Select(1,1) [ RunTime:0.0002s ]
SQL: call proc_CC_BookpostSupportByCurrUserId_Select(1,1) [ RunTime:0.0002s ]
INFO: [ app_end ] --START--
INFO: Run Behavior\ShowPageTraceBehavior [ RunTime:0.000535s ]
INFO: [ app_end ] --END-- [ RunTime:0.000577s ]

[ 2016-02-25T17:31:58+08:00 ] ::1 /1.0/library/getBookBySearchTextSortMethodFieldId
INFO: [ app_init ] --START--
INFO: Run Behavior\BuildLiteBehavior [ RunTime:0.000019s ]
INFO: [ app_init ] --END-- [ RunTime:0.000424s ]
INFO: [ app_begin ] --START--
INFO: Run Behavior\ReadHtmlCacheBehavior [ RunTime:0.000521s ]
INFO: [ app_begin ] --END-- [ RunTime:0.000580s ]
SQL: call WenHuiApartment.proc_MM_BookBySearchText_Select('%%', 0, 0, 10, 0); [ RunTime:0.0011s ]
SQL: call WenHuiApartment.proc_MM_UserCollectBookByUserIdBookID_Select(10, 1) [ RunTime:0.0003s ]
SQL: call WenHuiApartment.proc_MM_UserCollectBookByUserIdBookID_Select(9, 1) [ RunTime:0.0002s ]
SQL: call WenHuiApartment.proc_MM_UserCollectBookByUserIdBookID_Select(8, 1) [ RunTime:0.0002s ]
SQL: call WenHuiApartment.proc_MM_UserCollectBookByUserIdBookID_Select(7, 1) [ RunTime:0.0002s ]
SQL: call WenHuiApartment.proc_MM_UserCollectBookByUserIdBookID_Select(6, 1) [ RunTime:0.0002s ]
SQL: call WenHuiApartment.proc_MM_UserCollectBookByUserIdBookID_Select(5, 1) [ RunTime:0.0002s ]
SQL: call WenHuiApartment.proc_MM_UserCollectBookByUserIdBookID_Select(4, 1) [ RunTime:0.0002s ]
SQL: call WenHuiApartment.proc_MM_UserCollectBookByUserIdBookID_Select(3, 1) [ RunTime:0.0002s ]
SQL: call WenHuiApartment.proc_MM_UserCollectBookByUserIdBookID_Select(2, 1) [ RunTime:0.0002s ]
SQL: call WenHuiApartment.proc_MM_UserCollectBookByUserIdBookID_Select(1, 1) [ RunTime:0.0002s ]
INFO: [ app_end ] --START--
INFO: Run Behavior\ShowPageTraceBehavior [ RunTime:0.000479s ]
INFO: [ app_end ] --END-- [ RunTime:0.000515s ]

[ 2016-02-25T17:31:58+08:00 ] ::1 /1.0/common/getField
INFO: [ app_init ] --START--
INFO: Run Behavior\BuildLiteBehavior [ RunTime:0.000027s ]
INFO: [ app_init ] --END-- [ RunTime:0.000414s ]
INFO: [ app_begin ] --START--
INFO: Run Behavior\ReadHtmlCacheBehavior [ RunTime:0.000507s ]
INFO: [ app_begin ] --END-- [ RunTime:0.000557s ]
SQL: SHOW COLUMNS FROM `t_field` [ RunTime:0.0557s ]
SQL: SELECT * FROM `t_field`  [ RunTime:0.0004s ]
INFO: [ app_end ] --START--
INFO: Run Behavior\ShowPageTraceBehavior [ RunTime:0.000877s ]
INFO: [ app_end ] --END-- [ RunTime:0.000974s ]

[ 2016-02-25T17:31:58+08:00 ] ::1 /1.0/Application/Home/Images/Cover/cover_10.png
INFO: [ app_init ] --START--
INFO: Run Behavior\BuildLiteBehavior [ RunTime:0.000022s ]
INFO: [ app_init ] --END-- [ RunTime:0.000603s ]

[ 2016-02-25T17:31:58+08:00 ] ::1 /1.0/Application/Home/Images/Cover/cover_9.png
INFO: [ app_init ] --START--
INFO: Run Behavior\BuildLiteBehavior [ RunTime:0.000019s ]
INFO: [ app_init ] --END-- [ RunTime:0.000453s ]

[ 2016-02-25T17:31:58+08:00 ] ::1 /1.0/Application/Home/Images/Cover/cover_8.png
INFO: [ app_init ] --START--
INFO: Run Behavior\BuildLiteBehavior [ RunTime:0.000018s ]
INFO: [ app_init ] --END-- [ RunTime:0.000494s ]

