[ 2016-05-04T01:34:58+08:00 ] ::1 /1.0/user/getUserByAccountPassword
INFO: [ app_init ] --START--
INFO: Run Behavior\BuildLiteBehavior [ RunTime:0.000017s ]
INFO: [ app_init ] --END-- [ RunTime:0.000727s ]
INFO: [ app_begin ] --START--
INFO: Run Behavior\ReadHtmlCacheBehavior [ RunTime:0.000709s ]
INFO: [ app_begin ] --END-- [ RunTime:0.000759s ]
SQL: call proc_UserByAccount_Select(18850459303) [ RunTime:0.0473s ]
SQL: call proc_UserFocusFieldByUserID_Select(1) [ RunTime:0.0005s ]
INFO: [ app_end ] --START--
INFO: Run Behavior\ShowPageTraceBehavior [ RunTime:0.000874s ]
INFO: [ app_end ] --END-- [ RunTime:0.000934s ]

[ 2016-05-04T01:34:59+08:00 ] ::1 /1.0/hottrend/getHotBookpostComment
INFO: [ app_init ] --START--
INFO: Run Behavior\BuildLiteBehavior [ RunTime:0.000010s ]
INFO: [ app_init ] --END-- [ RunTime:0.000272s ]
INFO: [ app_begin ] --START--
INFO: Run Behavior\ReadHtmlCacheBehavior [ RunTime:0.000382s ]
INFO: [ app_begin ] --END-- [ RunTime:0.000434s ]
SQL: SHOW COLUMNS FROM `t_user` [ RunTime:0.0641s ]
SQL: SHOW COLUMNS FROM `t_levels` [ RunTime:0.0348s ]
SQL: SHOW COLUMNS FROM `t_field` [ RunTime:0.0264s ]
SQL: SHOW COLUMNS FROM `t_bookpost_comment` [ RunTime:0.0236s ]
SQL: SELECT * FROM `t_bookpost_comment` LEFT JOIN T_user on T_user.pk_user_id=T_bookpost_comment.fk_bpc_user_id  WHERE ( comment_usable=1 AND comment_time>="2016-04-27 00:00:00" AND comment_time <="2016-05-04 01:34:58" ) ORDER BY comment_support desc, comment_reply_number desc LIMIT 0,10   [ RunTime:0.0005s ]
SQL: SELECT `level_name` FROM `t_levels` WHERE ( 707 BETWEEN level_min_exp AND level_max_exp ) LIMIT 1   [ RunTime:0.0002s ]
SQL: SHOW COLUMNS FROM `t_bookpost` [ RunTime:0.0214s ]
SQL: SELECT * FROM `t_bookpost` LEFT JOIN T_user on T_user.pk_user_id=T_bookpost.fk_bp_user_id LEFT JOIN T_field on T_field.pk_field_id=T_bookpost.fk_bp_field_id  WHERE ( bookpost_usable=1 AND pk_bookpost_id=11 )  [ RunTime:0.0006s ]
SQL: call proc_UserCollectBpByBookpostIDUserID_Select(11, 1) [ RunTime:0.0011s ]
SQL: call proc_UserSupportBpByBookpostIDUserID_Select(11, 1) [ RunTime:0.0004s ]
SQL: call proc_UserSupportBpCommentByCommentIDUserID_Select(3, 1) [ RunTime:0.0004s ]
SQL: SELECT `level_name` FROM `t_levels` WHERE ( 707 BETWEEN level_min_exp AND level_max_exp ) LIMIT 1   [ RunTime:0.0004s ]
SQL: SELECT * FROM `t_bookpost` LEFT JOIN T_user on T_user.pk_user_id=T_bookpost.fk_bp_user_id LEFT JOIN T_field on T_field.pk_field_id=T_bookpost.fk_bp_field_id  WHERE ( bookpost_usable=1 AND pk_bookpost_id=16 )  [ RunTime:0.0006s ]
SQL: call proc_UserCollectBpByBookpostIDUserID_Select(16, 1) [ RunTime:0.0007s ]
SQL: call proc_UserSupportBpByBookpostIDUserID_Select(16, 1) [ RunTime:0.0005s ]
SQL: call proc_UserSupportBpCommentByCommentIDUserID_Select(7, 1) [ RunTime:0.0003s ]
SQL: SELECT `level_name` FROM `t_levels` WHERE ( 125 BETWEEN level_min_exp AND level_max_exp ) LIMIT 1   [ RunTime:0.0003s ]
SQL: SELECT * FROM `t_bookpost` LEFT JOIN T_user on T_user.pk_user_id=T_bookpost.fk_bp_user_id LEFT JOIN T_field on T_field.pk_field_id=T_bookpost.fk_bp_field_id  WHERE ( bookpost_usable=1 AND pk_bookpost_id=3 )  [ RunTime:0.0005s ]
SQL: call proc_UserCollectBpByBookpostIDUserID_Select(3, 1) [ RunTime:0.0004s ]
SQL: call proc_UserSupportBpByBookpostIDUserID_Select(3, 1) [ RunTime:0.0003s ]
SQL: call proc_UserSupportBpCommentByCommentIDUserID_Select(1, 1) [ RunTime:0.0003s ]
SQL: SELECT `level_name` FROM `t_levels` WHERE ( 225 BETWEEN level_min_exp AND level_max_exp ) LIMIT 1   [ RunTime:0.0003s ]
SQL: SELECT * FROM `t_bookpost` LEFT JOIN T_user on T_user.pk_user_id=T_bookpost.fk_bp_user_id LEFT JOIN T_field on T_field.pk_field_id=T_bookpost.fk_bp_field_id  WHERE ( bookpost_usable=1 AND pk_bookpost_id=3 )  [ RunTime:0.0007s ]
SQL: call proc_UserCollectBpByBookpostIDUserID_Select(3, 1) [ RunTime:0.0005s ]
SQL: call proc_UserSupportBpByBookpostIDUserID_Select(3, 1) [ RunTime:0.0004s ]
SQL: call proc_UserSupportBpCommentByCommentIDUserID_Select(2, 1) [ RunTime:0.0003s ]
SQL: SELECT `level_name` FROM `t_levels` WHERE ( 707 BETWEEN level_min_exp AND level_max_exp ) LIMIT 1   [ RunTime:0.0002s ]
SQL: SELECT * FROM `t_bookpost` LEFT JOIN T_user on T_user.pk_user_id=T_bookpost.fk_bp_user_id LEFT JOIN T_field on T_field.pk_field_id=T_bookpost.fk_bp_field_id  WHERE ( bookpost_usable=1 AND pk_bookpost_id=4 )  [ RunTime:0.0005s ]
SQL: call proc_UserCollectBpByBookpostIDUserID_Select(4, 1) [ RunTime:0.0003s ]
SQL: call proc_UserSupportBpByBookpostIDUserID_Select(4, 1) [ RunTime:0.0004s ]
SQL: call proc_UserSupportBpCommentByCommentIDUserID_Select(9, 1) [ RunTime:0.0003s ]
SQL: SELECT `level_name` FROM `t_levels` WHERE ( 707 BETWEEN level_min_exp AND level_max_exp ) LIMIT 1   [ RunTime:0.0002s ]
SQL: SELECT * FROM `t_bookpost` LEFT JOIN T_user on T_user.pk_user_id=T_bookpost.fk_bp_user_id LEFT JOIN T_field on T_field.pk_field_id=T_bookpost.fk_bp_field_id  WHERE ( bookpost_usable=1 AND pk_bookpost_id=1 )  [ RunTime:0.0003s ]
SQL: call proc_UserCollectBpByBookpostIDUserID_Select(1, 1) [ RunTime:0.0004s ]
SQL: call proc_UserSupportBpByBookpostIDUserID_Select(1, 1) [ RunTime:0.0002s ]
SQL: call proc_UserSupportBpCommentByCommentIDUserID_Select(4, 1) [ RunTime:0.0002s ]
SQL: SELECT `level_name` FROM `t_levels` WHERE ( 707 BETWEEN level_min_exp AND level_max_exp ) LIMIT 1   [ RunTime:0.0002s ]
SQL: SELECT * FROM `t_bookpost` LEFT JOIN T_user on T_user.pk_user_id=T_bookpost.fk_bp_user_id LEFT JOIN T_field on T_field.pk_field_id=T_bookpost.fk_bp_field_id  WHERE ( bookpost_usable=1 AND pk_bookpost_id=1 )  [ RunTime:0.0004s ]
SQL: call proc_UserCollectBpByBookpostIDUserID_Select(1, 1) [ RunTime:0.0004s ]
SQL: call proc_UserSupportBpByBookpostIDUserID_Select(1, 1) [ RunTime:0.0003s ]
SQL: call proc_UserSupportBpCommentByCommentIDUserID_Select(5, 1) [ RunTime:0.0002s ]
SQL: SELECT `level_name` FROM `t_levels` WHERE ( 707 BETWEEN level_min_exp AND level_max_exp ) LIMIT 1   [ RunTime:0.0003s ]
SQL: SELECT * FROM `t_bookpost` LEFT JOIN T_user on T_user.pk_user_id=T_bookpost.fk_bp_user_id LEFT JOIN T_field on T_field.pk_field_id=T_bookpost.fk_bp_field_id  WHERE ( bookpost_usable=1 AND pk_bookpost_id=15 )  [ RunTime:0.0015s ]
SQL: call proc_UserCollectBpByBookpostIDUserID_Select(15, 1) [ RunTime:0.0024s ]
SQL: call proc_UserSupportBpByBookpostIDUserID_Select(15, 1) [ RunTime:0.0013s ]
SQL: call proc_UserSupportBpCommentByCommentIDUserID_Select(6, 1) [ RunTime:0.0003s ]
SQL: SELECT `level_name` FROM `t_levels` WHERE ( 707 BETWEEN level_min_exp AND level_max_exp ) LIMIT 1   [ RunTime:0.0003s ]
SQL: SELECT * FROM `t_bookpost` LEFT JOIN T_user on T_user.pk_user_id=T_bookpost.fk_bp_user_id LEFT JOIN T_field on T_field.pk_field_id=T_bookpost.fk_bp_field_id  WHERE ( bookpost_usable=1 AND pk_bookpost_id=3 )  [ RunTime:0.0003s ]
SQL: call proc_UserCollectBpByBookpostIDUserID_Select(3, 1) [ RunTime:0.0004s ]
SQL: call proc_UserSupportBpByBookpostIDUserID_Select(3, 1) [ RunTime:0.0004s ]
SQL: call proc_UserSupportBpCommentByCommentIDUserID_Select(8, 1) [ RunTime:0.0003s ]
INFO: [ app_end ] --START--
INFO: Run Behavior\ShowPageTraceBehavior [ RunTime:0.000903s ]
INFO: [ app_end ] --END-- [ RunTime:0.000995s ]

[ 2016-05-04T01:34:59+08:00 ] ::1 /1.0/Application/Home/Images/Head/zcp
INFO: [ app_init ] --START--
INFO: Run Behavior\BuildLiteBehavior [ RunTime:0.000013s ]
INFO: [ app_init ] --END-- [ RunTime:0.000413s ]
INFO: [ app_begin ] --START--
INFO: Run Behavior\ReadHtmlCacheBehavior [ RunTime:0.000428s ]
INFO: [ app_begin ] --END-- [ RunTime:0.000466s ]
ERR: 无法加载控制器:Application

[ 2016-05-04T01:35:47+08:00 ] ::1 /1.0/user/getUserByAccountPassword
INFO: [ app_init ] --START--
INFO: Run Behavior\BuildLiteBehavior [ RunTime:0.000023s ]
INFO: [ app_init ] --END-- [ RunTime:0.000770s ]
INFO: [ app_begin ] --START--
INFO: Run Behavior\ReadHtmlCacheBehavior [ RunTime:0.000829s ]
INFO: [ app_begin ] --END-- [ RunTime:0.000910s ]
SQL: call proc_UserByAccount_Select(18850459303) [ RunTime:0.0492s ]
SQL: call proc_UserFocusFieldByUserID_Select(1) [ RunTime:0.0005s ]
INFO: [ app_end ] --START--
INFO: Run Behavior\ShowPageTraceBehavior [ RunTime:0.000889s ]
INFO: [ app_end ] --END-- [ RunTime:0.000949s ]

[ 2016-05-04T01:35:48+08:00 ] ::1 /1.0/hottrend/getHotBookpostComment
INFO: [ app_init ] --START--
INFO: Run Behavior\BuildLiteBehavior [ RunTime:0.000018s ]
INFO: [ app_init ] --END-- [ RunTime:0.000442s ]
INFO: [ app_begin ] --START--
INFO: Run Behavior\ReadHtmlCacheBehavior [ RunTime:0.000530s ]
INFO: [ app_begin ] --END-- [ RunTime:0.000626s ]
SQL: SHOW COLUMNS FROM `t_user` [ RunTime:0.0349s ]
SQL: SHOW COLUMNS FROM `t_levels` [ RunTime:0.0284s ]
SQL: SHOW COLUMNS FROM `t_field` [ RunTime:0.0358s ]
SQL: SHOW COLUMNS FROM `t_bookpost_comment` [ RunTime:0.0295s ]
SQL: SELECT * FROM `t_bookpost_comment` LEFT JOIN T_user on T_user.pk_user_id=T_bookpost_comment.fk_bpc_user_id  WHERE ( comment_usable=1 AND comment_time>="2016-04-27 00:00:00" AND comment_time <="2016-05-04 01:35:47" ) ORDER BY comment_support desc, comment_reply_number desc LIMIT 0,10   [ RunTime:0.0010s ]
SQL: SELECT `level_name` FROM `t_levels` WHERE ( 707 BETWEEN level_min_exp AND level_max_exp ) LIMIT 1   [ RunTime:0.0007s ]
SQL: SHOW COLUMNS FROM `t_bookpost` [ RunTime:0.0348s ]
SQL: SELECT * FROM `t_bookpost` LEFT JOIN T_user on T_user.pk_user_id=T_bookpost.fk_bp_user_id LEFT JOIN T_field on T_field.pk_field_id=T_bookpost.fk_bp_field_id  WHERE ( bookpost_usable=1 AND pk_bookpost_id=11 )  [ RunTime:0.0003s ]
SQL: call proc_UserCollectBpByBookpostIDUserID_Select(11, 1) [ RunTime:0.0006s ]
SQL: call proc_UserSupportBpByBookpostIDUserID_Select(11, 1) [ RunTime:0.0003s ]
SQL: call proc_UserSupportBpCommentByCommentIDUserID_Select(3, 1) [ RunTime:0.0004s ]
SQL: SELECT `level_name` FROM `t_levels` WHERE ( 707 BETWEEN level_min_exp AND level_max_exp ) LIMIT 1   [ RunTime:0.0002s ]
SQL: SELECT * FROM `t_bookpost` LEFT JOIN T_user on T_user.pk_user_id=T_bookpost.fk_bp_user_id LEFT JOIN T_field on T_field.pk_field_id=T_bookpost.fk_bp_field_id  WHERE ( bookpost_usable=1 AND pk_bookpost_id=16 )  [ RunTime:0.0005s ]
SQL: call proc_UserCollectBpByBookpostIDUserID_Select(16, 1) [ RunTime:0.0003s ]
SQL: call proc_UserSupportBpByBookpostIDUserID_Select(16, 1) [ RunTime:0.0002s ]
SQL: call proc_UserSupportBpCommentByCommentIDUserID_Select(7, 1) [ RunTime:0.0002s ]
SQL: SELECT `level_name` FROM `t_levels` WHERE ( 125 BETWEEN level_min_exp AND level_max_exp ) LIMIT 1   [ RunTime:0.0002s ]
SQL: SELECT * FROM `t_bookpost` LEFT JOIN T_user on T_user.pk_user_id=T_bookpost.fk_bp_user_id LEFT JOIN T_field on T_field.pk_field_id=T_bookpost.fk_bp_field_id  WHERE ( bookpost_usable=1 AND pk_bookpost_id=3 )  [ RunTime:0.0003s ]
SQL: call proc_UserCollectBpByBookpostIDUserID_Select(3, 1) [ RunTime:0.0004s ]
SQL: call proc_UserSupportBpByBookpostIDUserID_Select(3, 1) [ RunTime:0.0002s ]
SQL: call proc_UserSupportBpCommentByCommentIDUserID_Select(1, 1) [ RunTime:0.0006s ]
SQL: SELECT `level_name` FROM `t_levels` WHERE ( 225 BETWEEN level_min_exp AND level_max_exp ) LIMIT 1   [ RunTime:0.0002s ]
SQL: SELECT * FROM `t_bookpost` LEFT JOIN T_user on T_user.pk_user_id=T_bookpost.fk_bp_user_id LEFT JOIN T_field on T_field.pk_field_id=T_bookpost.fk_bp_field_id  WHERE ( bookpost_usable=1 AND pk_bookpost_id=3 )  [ RunTime:0.0003s ]
SQL: call proc_UserCollectBpByBookpostIDUserID_Select(3, 1) [ RunTime:0.0002s ]
SQL: call proc_UserSupportBpByBookpostIDUserID_Select(3, 1) [ RunTime:0.0002s ]
SQL: call proc_UserSupportBpCommentByCommentIDUserID_Select(2, 1) [ RunTime:0.0002s ]
SQL: SELECT `level_name` FROM `t_levels` WHERE ( 707 BETWEEN level_min_exp AND level_max_exp ) LIMIT 1   [ RunTime:0.0001s ]
SQL: SELECT * FROM `t_bookpost` LEFT JOIN T_user on T_user.pk_user_id=T_bookpost.fk_bp_user_id LEFT JOIN T_field on T_field.pk_field_id=T_bookpost.fk_bp_field_id  WHERE ( bookpost_usable=1 AND pk_bookpost_id=4 )  [ RunTime:0.0002s ]
SQL: call proc_UserCollectBpByBookpostIDUserID_Select(4, 1) [ RunTime:0.0002s ]
SQL: call proc_UserSupportBpByBookpostIDUserID_Select(4, 1) [ RunTime:0.0002s ]
SQL: call proc_UserSupportBpCommentByCommentIDUserID_Select(9, 1) [ RunTime:0.0002s ]
SQL: SELECT `level_name` FROM `t_levels` WHERE ( 707 BETWEEN level_min_exp AND level_max_exp ) LIMIT 1   [ RunTime:0.0002s ]
SQL: SELECT * FROM `t_bookpost` LEFT JOIN T_user on T_user.pk_user_id=T_bookpost.fk_bp_user_id LEFT JOIN T_field on T_field.pk_field_id=T_bookpost.fk_bp_field_id  WHERE ( bookpost_usable=1 AND pk_bookpost_id=1 )  [ RunTime:0.0009s ]
SQL: call proc_UserCollectBpByBookpostIDUserID_Select(1, 1) [ RunTime:0.0010s ]
SQL: call proc_UserSupportBpByBookpostIDUserID_Select(1, 1) [ RunTime:0.0007s ]
SQL: call proc_UserSupportBpCommentByCommentIDUserID_Select(4, 1) [ RunTime:0.0004s ]
SQL: SELECT `level_name` FROM `t_levels` WHERE ( 707 BETWEEN level_min_exp AND level_max_exp ) LIMIT 1   [ RunTime:0.0006s ]
SQL: SELECT * FROM `t_bookpost` LEFT JOIN T_user on T_user.pk_user_id=T_bookpost.fk_bp_user_id LEFT JOIN T_field on T_field.pk_field_id=T_bookpost.fk_bp_field_id  WHERE ( bookpost_usable=1 AND pk_bookpost_id=1 )  [ RunTime:0.0007s ]
SQL: call proc_UserCollectBpByBookpostIDUserID_Select(1, 1) [ RunTime:0.0004s ]
SQL: call proc_UserSupportBpByBookpostIDUserID_Select(1, 1) [ RunTime:0.0003s ]
SQL: call proc_UserSupportBpCommentByCommentIDUserID_Select(5, 1) [ RunTime:0.0002s ]
SQL: SELECT `level_name` FROM `t_levels` WHERE ( 707 BETWEEN level_min_exp AND level_max_exp ) LIMIT 1   [ RunTime:0.0002s ]
SQL: SELECT * FROM `t_bookpost` LEFT JOIN T_user on T_user.pk_user_id=T_bookpost.fk_bp_user_id LEFT JOIN T_field on T_field.pk_field_id=T_bookpost.fk_bp_field_id  WHERE ( bookpost_usable=1 AND pk_bookpost_id=15 )  [ RunTime:0.0004s ]
SQL: call proc_UserCollectBpByBookpostIDUserID_Select(15, 1) [ RunTime:0.0003s ]
SQL: call proc_UserSupportBpByBookpostIDUserID_Select(15, 1) [ RunTime:0.0002s ]
SQL: call proc_UserSupportBpCommentByCommentIDUserID_Select(6, 1) [ RunTime:0.0002s ]
SQL: SELECT `level_name` FROM `t_levels` WHERE ( 707 BETWEEN level_min_exp AND level_max_exp ) LIMIT 1   [ RunTime:0.0002s ]
SQL: SELECT * FROM `t_bookpost` LEFT JOIN T_user on T_user.pk_user_id=T_bookpost.fk_bp_user_id LEFT JOIN T_field on T_field.pk_field_id=T_bookpost.fk_bp_field_id  WHERE ( bookpost_usable=1 AND pk_bookpost_id=3 )  [ RunTime:0.0002s ]
SQL: call proc_UserCollectBpByBookpostIDUserID_Select(3, 1) [ RunTime:0.0003s ]
SQL: call proc_UserSupportBpByBookpostIDUserID_Select(3, 1) [ RunTime:0.0002s ]
SQL: call proc_UserSupportBpCommentByCommentIDUserID_Select(8, 1) [ RunTime:0.0002s ]
INFO: [ app_end ] --START--
INFO: Run Behavior\ShowPageTraceBehavior [ RunTime:0.000763s ]
INFO: [ app_end ] --END-- [ RunTime:0.000880s ]

[ 2016-05-04T01:35:48+08:00 ] ::1 /1.0/Application/Home/Images/Head/zcp
INFO: [ app_init ] --START--
INFO: Run Behavior\BuildLiteBehavior [ RunTime:0.000013s ]
INFO: [ app_init ] --END-- [ RunTime:0.000299s ]
INFO: [ app_begin ] --START--
INFO: Run Behavior\ReadHtmlCacheBehavior [ RunTime:0.000469s ]
INFO: [ app_begin ] --END-- [ RunTime:0.000728s ]
ERR: 无法加载控制器:Application

[ 2016-05-04T01:36:21+08:00 ] ::1 /1.0/user/getUserByAccountPassword
INFO: [ app_init ] --START--
INFO: Run Behavior\BuildLiteBehavior [ RunTime:0.000057s ]
INFO: [ app_init ] --END-- [ RunTime:0.001204s ]
INFO: [ app_begin ] --START--
INFO: Run Behavior\ReadHtmlCacheBehavior [ RunTime:0.000455s ]
INFO: [ app_begin ] --END-- [ RunTime:0.000504s ]
SQL: call proc_UserByAccount_Select(18850459303) [ RunTime:0.0197s ]
SQL: call proc_UserFocusFieldByUserID_Select(1) [ RunTime:0.0006s ]
INFO: [ app_end ] --START--
INFO: Run Behavior\ShowPageTraceBehavior [ RunTime:0.000525s ]
INFO: [ app_end ] --END-- [ RunTime:0.000567s ]

[ 2016-05-04T01:36:21+08:00 ] ::1 /1.0/hottrend/getHotBookpostComment
INFO: [ app_init ] --START--
INFO: Run Behavior\BuildLiteBehavior [ RunTime:0.000013s ]
INFO: [ app_init ] --END-- [ RunTime:0.000455s ]
INFO: [ app_begin ] --START--
INFO: Run Behavior\ReadHtmlCacheBehavior [ RunTime:0.000549s ]
INFO: [ app_begin ] --END-- [ RunTime:0.000614s ]
SQL: SHOW COLUMNS FROM `t_user` [ RunTime:0.0287s ]
SQL: SHOW COLUMNS FROM `t_levels` [ RunTime:0.0281s ]
SQL: SHOW COLUMNS FROM `t_field` [ RunTime:0.0300s ]
SQL: SHOW COLUMNS FROM `t_bookpost_comment` [ RunTime:0.0357s ]
SQL: SELECT * FROM `t_bookpost_comment` LEFT JOIN T_user on T_user.pk_user_id=T_bookpost_comment.fk_bpc_user_id  WHERE ( comment_usable=1 AND comment_time>="2016-04-27 00:00:00" AND comment_time <="2016-05-04 01:36:21" ) ORDER BY comment_support desc, comment_reply_number desc LIMIT 0,10   [ RunTime:0.0005s ]
SQL: SELECT `level_name` FROM `t_levels` WHERE ( 707 BETWEEN level_min_exp AND level_max_exp ) LIMIT 1   [ RunTime:0.0002s ]
SQL: SHOW COLUMNS FROM `t_bookpost` [ RunTime:0.0098s ]
SQL: SELECT * FROM `t_bookpost` LEFT JOIN T_user on T_user.pk_user_id=T_bookpost.fk_bp_user_id LEFT JOIN T_field on T_field.pk_field_id=T_bookpost.fk_bp_field_id  WHERE ( bookpost_usable=1 AND pk_bookpost_id=11 )  [ RunTime:0.0003s ]
SQL: call proc_UserCollectBpByBookpostIDUserID_Select(11, 1) [ RunTime:0.0003s ]
SQL: call proc_UserSupportBpByBookpostIDUserID_Select(11, 1) [ RunTime:0.0003s ]
SQL: call proc_UserSupportBpCommentByCommentIDUserID_Select(3, 1) [ RunTime:0.0004s ]
SQL: SELECT `level_name` FROM `t_levels` WHERE ( 707 BETWEEN level_min_exp AND level_max_exp ) LIMIT 1   [ RunTime:0.0006s ]
SQL: SELECT * FROM `t_bookpost` LEFT JOIN T_user on T_user.pk_user_id=T_bookpost.fk_bp_user_id LEFT JOIN T_field on T_field.pk_field_id=T_bookpost.fk_bp_field_id  WHERE ( bookpost_usable=1 AND pk_bookpost_id=16 )  [ RunTime:0.0007s ]
SQL: call proc_UserCollectBpByBookpostIDUserID_Select(16, 1) [ RunTime:0.0004s ]
SQL: call proc_UserSupportBpByBookpostIDUserID_Select(16, 1) [ RunTime:0.0005s ]
SQL: call proc_UserSupportBpCommentByCommentIDUserID_Select(7, 1) [ RunTime:0.0005s ]
SQL: SELECT `level_name` FROM `t_levels` WHERE ( 125 BETWEEN level_min_exp AND level_max_exp ) LIMIT 1   [ RunTime:0.0004s ]
SQL: SELECT * FROM `t_bookpost` LEFT JOIN T_user on T_user.pk_user_id=T_bookpost.fk_bp_user_id LEFT JOIN T_field on T_field.pk_field_id=T_bookpost.fk_bp_field_id  WHERE ( bookpost_usable=1 AND pk_bookpost_id=3 )  [ RunTime:0.0003s ]
SQL: call proc_UserCollectBpByBookpostIDUserID_Select(3, 1) [ RunTime:0.0003s ]
SQL: call proc_UserSupportBpByBookpostIDUserID_Select(3, 1) [ RunTime:0.0003s ]
SQL: call proc_UserSupportBpCommentByCommentIDUserID_Select(1, 1) [ RunTime:0.0002s ]
SQL: SELECT `level_name` FROM `t_levels` WHERE ( 225 BETWEEN level_min_exp AND level_max_exp ) LIMIT 1   [ RunTime:0.0002s ]
SQL: SELECT * FROM `t_bookpost` LEFT JOIN T_user on T_user.pk_user_id=T_bookpost.fk_bp_user_id LEFT JOIN T_field on T_field.pk_field_id=T_bookpost.fk_bp_field_id  WHERE ( bookpost_usable=1 AND pk_bookpost_id=3 )  [ RunTime:0.0003s ]
SQL: call proc_UserCollectBpByBookpostIDUserID_Select(3, 1) [ RunTime:0.0002s ]
SQL: call proc_UserSupportBpByBookpostIDUserID_Select(3, 1) [ RunTime:0.0005s ]
SQL: call proc_UserSupportBpCommentByCommentIDUserID_Select(2, 1) [ RunTime:0.0002s ]
SQL: SELECT `level_name` FROM `t_levels` WHERE ( 707 BETWEEN level_min_exp AND level_max_exp ) LIMIT 1   [ RunTime:0.0002s ]
SQL: SELECT * FROM `t_bookpost` LEFT JOIN T_user on T_user.pk_user_id=T_bookpost.fk_bp_user_id LEFT JOIN T_field on T_field.pk_field_id=T_bookpost.fk_bp_field_id  WHERE ( bookpost_usable=1 AND pk_bookpost_id=4 )  [ RunTime:0.0002s ]
SQL: call proc_UserCollectBpByBookpostIDUserID_Select(4, 1) [ RunTime:0.0003s ]
SQL: call proc_UserSupportBpByBookpostIDUserID_Select(4, 1) [ RunTime:0.0006s ]
SQL: call proc_UserSupportBpCommentByCommentIDUserID_Select(9, 1) [ RunTime:0.0002s ]
SQL: SELECT `level_name` FROM `t_levels` WHERE ( 707 BETWEEN level_min_exp AND level_max_exp ) LIMIT 1   [ RunTime:0.0002s ]
SQL: SELECT * FROM `t_bookpost` LEFT JOIN T_user on T_user.pk_user_id=T_bookpost.fk_bp_user_id LEFT JOIN T_field on T_field.pk_field_id=T_bookpost.fk_bp_field_id  WHERE ( bookpost_usable=1 AND pk_bookpost_id=1 )  [ RunTime:0.0002s ]
SQL: call proc_UserCollectBpByBookpostIDUserID_Select(1, 1) [ RunTime:0.0002s ]
SQL: call proc_UserSupportBpByBookpostIDUserID_Select(1, 1) [ RunTime:0.0002s ]
SQL: call proc_UserSupportBpCommentByCommentIDUserID_Select(4, 1) [ RunTime:0.0002s ]
SQL: SELECT `level_name` FROM `t_levels` WHERE ( 707 BETWEEN level_min_exp AND level_max_exp ) LIMIT 1   [ RunTime:0.0001s ]
SQL: SELECT * FROM `t_bookpost` LEFT JOIN T_user on T_user.pk_user_id=T_bookpost.fk_bp_user_id LEFT JOIN T_field on T_field.pk_field_id=T_bookpost.fk_bp_field_id  WHERE ( bookpost_usable=1 AND pk_bookpost_id=1 )  [ RunTime:0.0002s ]
SQL: call proc_UserCollectBpByBookpostIDUserID_Select(1, 1) [ RunTime:0.0002s ]
SQL: call proc_UserSupportBpByBookpostIDUserID_Select(1, 1) [ RunTime:0.0002s ]
SQL: call proc_UserSupportBpCommentByCommentIDUserID_Select(5, 1) [ RunTime:0.0003s ]
SQL: SELECT `level_name` FROM `t_levels` WHERE ( 707 BETWEEN level_min_exp AND level_max_exp ) LIMIT 1   [ RunTime:0.0001s ]
SQL: SELECT * FROM `t_bookpost` LEFT JOIN T_user on T_user.pk_user_id=T_bookpost.fk_bp_user_id LEFT JOIN T_field on T_field.pk_field_id=T_bookpost.fk_bp_field_id  WHERE ( bookpost_usable=1 AND pk_bookpost_id=15 )  [ RunTime:0.0002s ]
SQL: call proc_UserCollectBpByBookpostIDUserID_Select(15, 1) [ RunTime:0.0002s ]
SQL: call proc_UserSupportBpByBookpostIDUserID_Select(15, 1) [ RunTime:0.0002s ]
SQL: call proc_UserSupportBpCommentByCommentIDUserID_Select(6, 1) [ RunTime:0.0002s ]
SQL: SELECT `level_name` FROM `t_levels` WHERE ( 707 BETWEEN level_min_exp AND level_max_exp ) LIMIT 1   [ RunTime:0.0001s ]
SQL: SELECT * FROM `t_bookpost` LEFT JOIN T_user on T_user.pk_user_id=T_bookpost.fk_bp_user_id LEFT JOIN T_field on T_field.pk_field_id=T_bookpost.fk_bp_field_id  WHERE ( bookpost_usable=1 AND pk_bookpost_id=3 )  [ RunTime:0.0002s ]
SQL: call proc_UserCollectBpByBookpostIDUserID_Select(3, 1) [ RunTime:0.0002s ]
SQL: call proc_UserSupportBpByBookpostIDUserID_Select(3, 1) [ RunTime:0.0002s ]
SQL: call proc_UserSupportBpCommentByCommentIDUserID_Select(8, 1) [ RunTime:0.0002s ]
INFO: [ app_end ] --START--
INFO: Run Behavior\ShowPageTraceBehavior [ RunTime:0.000699s ]
INFO: [ app_end ] --END-- [ RunTime:0.000763s ]

[ 2016-05-04T01:36:22+08:00 ] ::1 /1.0/Application/Home/Images/Head/zcp
INFO: [ app_init ] --START--
INFO: Run Behavior\BuildLiteBehavior [ RunTime:0.000012s ]
INFO: [ app_init ] --END-- [ RunTime:0.000298s ]
INFO: [ app_begin ] --START--
INFO: Run Behavior\ReadHtmlCacheBehavior [ RunTime:0.000358s ]
INFO: [ app_begin ] --END-- [ RunTime:0.000392s ]
ERR: 无法加载控制器:Application

[ 2016-05-04T01:37:22+08:00 ] ::1 /1.0/user/getUserByAccountPassword
INFO: [ app_init ] --START--
INFO: Run Behavior\BuildLiteBehavior [ RunTime:0.000010s ]
INFO: [ app_init ] --END-- [ RunTime:0.000283s ]
INFO: [ app_begin ] --START--
INFO: Run Behavior\ReadHtmlCacheBehavior [ RunTime:0.000340s ]
INFO: [ app_begin ] --END-- [ RunTime:0.000374s ]
SQL: call proc_UserByAccount_Select(18850459303) [ RunTime:0.0252s ]
SQL: call proc_UserFocusFieldByUserID_Select(1) [ RunTime:0.0005s ]
INFO: [ app_end ] --START--
INFO: Run Behavior\ShowPageTraceBehavior [ RunTime:0.000549s ]
INFO: [ app_end ] --END-- [ RunTime:0.000601s ]

[ 2016-05-04T01:37:23+08:00 ] ::1 /1.0/hottrend/getHotBookpostComment
INFO: [ app_init ] --START--
INFO: Run Behavior\BuildLiteBehavior [ RunTime:0.000106s ]
INFO: [ app_init ] --END-- [ RunTime:0.000628s ]
INFO: [ app_begin ] --START--
INFO: Run Behavior\ReadHtmlCacheBehavior [ RunTime:0.000462s ]
INFO: [ app_begin ] --END-- [ RunTime:0.000510s ]
SQL: SHOW COLUMNS FROM `t_user` [ RunTime:0.0237s ]
SQL: SHOW COLUMNS FROM `t_levels` [ RunTime:0.0216s ]
SQL: SHOW COLUMNS FROM `t_field` [ RunTime:0.0229s ]
SQL: SHOW COLUMNS FROM `t_bookpost_comment` [ RunTime:0.0179s ]
SQL: SELECT * FROM `t_bookpost_comment` LEFT JOIN T_user on T_user.pk_user_id=T_bookpost_comment.fk_bpc_user_id  WHERE ( comment_usable=1 AND comment_time>="2016-04-27 00:00:00" AND comment_time <="2016-05-04 01:37:22" ) ORDER BY comment_support desc, comment_reply_number desc LIMIT 0,10   [ RunTime:0.0007s ]
SQL: SELECT `level_name` FROM `t_levels` WHERE ( 707 BETWEEN level_min_exp AND level_max_exp ) LIMIT 1   [ RunTime:0.0003s ]
SQL: SHOW COLUMNS FROM `t_bookpost` [ RunTime:0.0352s ]
SQL: SELECT * FROM `t_bookpost` LEFT JOIN T_user on T_user.pk_user_id=T_bookpost.fk_bp_user_id LEFT JOIN T_field on T_field.pk_field_id=T_bookpost.fk_bp_field_id  WHERE ( bookpost_usable=1 AND pk_bookpost_id=11 )  [ RunTime:0.0003s ]
SQL: call proc_UserCollectBpByBookpostIDUserID_Select(11, 1) [ RunTime:0.0016s ]
SQL: call proc_UserSupportBpByBookpostIDUserID_Select(11, 1) [ RunTime:0.0012s ]
SQL: call proc_UserSupportBpCommentByCommentIDUserID_Select(3, 1) [ RunTime:0.0004s ]
SQL: SELECT `level_name` FROM `t_levels` WHERE ( 707 BETWEEN level_min_exp AND level_max_exp ) LIMIT 1   [ RunTime:0.0002s ]
SQL: SELECT * FROM `t_bookpost` LEFT JOIN T_user on T_user.pk_user_id=T_bookpost.fk_bp_user_id LEFT JOIN T_field on T_field.pk_field_id=T_bookpost.fk_bp_field_id  WHERE ( bookpost_usable=1 AND pk_bookpost_id=16 )  [ RunTime:0.0003s ]
SQL: call proc_UserCollectBpByBookpostIDUserID_Select(16, 1) [ RunTime:0.0004s ]
SQL: call proc_UserSupportBpByBookpostIDUserID_Select(16, 1) [ RunTime:0.0002s ]
SQL: call proc_UserSupportBpCommentByCommentIDUserID_Select(7, 1) [ RunTime:0.0002s ]
SQL: SELECT `level_name` FROM `t_levels` WHERE ( 125 BETWEEN level_min_exp AND level_max_exp ) LIMIT 1   [ RunTime:0.0002s ]
SQL: SELECT * FROM `t_bookpost` LEFT JOIN T_user on T_user.pk_user_id=T_bookpost.fk_bp_user_id LEFT JOIN T_field on T_field.pk_field_id=T_bookpost.fk_bp_field_id  WHERE ( bookpost_usable=1 AND pk_bookpost_id=3 )  [ RunTime:0.0011s ]
SQL: call proc_UserCollectBpByBookpostIDUserID_Select(3, 1) [ RunTime:0.0005s ]
SQL: call proc_UserSupportBpByBookpostIDUserID_Select(3, 1) [ RunTime:0.0021s ]
SQL: call proc_UserSupportBpCommentByCommentIDUserID_Select(1, 1) [ RunTime:0.0016s ]
SQL: SELECT `level_name` FROM `t_levels` WHERE ( 225 BETWEEN level_min_exp AND level_max_exp ) LIMIT 1   [ RunTime:0.0004s ]
SQL: SELECT * FROM `t_bookpost` LEFT JOIN T_user on T_user.pk_user_id=T_bookpost.fk_bp_user_id LEFT JOIN T_field on T_field.pk_field_id=T_bookpost.fk_bp_field_id  WHERE ( bookpost_usable=1 AND pk_bookpost_id=3 )  [ RunTime:0.0005s ]
SQL: call proc_UserCollectBpByBookpostIDUserID_Select(3, 1) [ RunTime:0.0003s ]
SQL: call proc_UserSupportBpByBookpostIDUserID_Select(3, 1) [ RunTime:0.0005s ]
SQL: call proc_UserSupportBpCommentByCommentIDUserID_Select(2, 1) [ RunTime:0.0006s ]
SQL: SELECT `level_name` FROM `t_levels` WHERE ( 707 BETWEEN level_min_exp AND level_max_exp ) LIMIT 1   [ RunTime:0.0010s ]
SQL: SELECT * FROM `t_bookpost` LEFT JOIN T_user on T_user.pk_user_id=T_bookpost.fk_bp_user_id LEFT JOIN T_field on T_field.pk_field_id=T_bookpost.fk_bp_field_id  WHERE ( bookpost_usable=1 AND pk_bookpost_id=4 )  [ RunTime:0.0005s ]
SQL: call proc_UserCollectBpByBookpostIDUserID_Select(4, 1) [ RunTime:0.0003s ]
SQL: call proc_UserSupportBpByBookpostIDUserID_Select(4, 1) [ RunTime:0.0003s ]
SQL: call proc_UserSupportBpCommentByCommentIDUserID_Select(9, 1) [ RunTime:0.0002s ]
SQL: SELECT `level_name` FROM `t_levels` WHERE ( 707 BETWEEN level_min_exp AND level_max_exp ) LIMIT 1   [ RunTime:0.0002s ]
SQL: SELECT * FROM `t_bookpost` LEFT JOIN T_user on T_user.pk_user_id=T_bookpost.fk_bp_user_id LEFT JOIN T_field on T_field.pk_field_id=T_bookpost.fk_bp_field_id  WHERE ( bookpost_usable=1 AND pk_bookpost_id=1 )  [ RunTime:0.0003s ]
SQL: call proc_UserCollectBpByBookpostIDUserID_Select(1, 1) [ RunTime:0.0003s ]
SQL: call proc_UserSupportBpByBookpostIDUserID_Select(1, 1) [ RunTime:0.0002s ]
SQL: call proc_UserSupportBpCommentByCommentIDUserID_Select(4, 1) [ RunTime:0.0002s ]
SQL: SELECT `level_name` FROM `t_levels` WHERE ( 707 BETWEEN level_min_exp AND level_max_exp ) LIMIT 1   [ RunTime:0.0002s ]
SQL: SELECT * FROM `t_bookpost` LEFT JOIN T_user on T_user.pk_user_id=T_bookpost.fk_bp_user_id LEFT JOIN T_field on T_field.pk_field_id=T_bookpost.fk_bp_field_id  WHERE ( bookpost_usable=1 AND pk_bookpost_id=1 )  [ RunTime:0.0003s ]
SQL: call proc_UserCollectBpByBookpostIDUserID_Select(1, 1) [ RunTime:0.0003s ]
SQL: call proc_UserSupportBpByBookpostIDUserID_Select(1, 1) [ RunTime:0.0002s ]
SQL: call proc_UserSupportBpCommentByCommentIDUserID_Select(5, 1) [ RunTime:0.0003s ]
SQL: SELECT `level_name` FROM `t_levels` WHERE ( 707 BETWEEN level_min_exp AND level_max_exp ) LIMIT 1   [ RunTime:0.0002s ]
SQL: SELECT * FROM `t_bookpost` LEFT JOIN T_user on T_user.pk_user_id=T_bookpost.fk_bp_user_id LEFT JOIN T_field on T_field.pk_field_id=T_bookpost.fk_bp_field_id  WHERE ( bookpost_usable=1 AND pk_bookpost_id=15 )  [ RunTime:0.0003s ]
SQL: call proc_UserCollectBpByBookpostIDUserID_Select(15, 1) [ RunTime:0.0002s ]
SQL: call proc_UserSupportBpByBookpostIDUserID_Select(15, 1) [ RunTime:0.0006s ]
SQL: call proc_UserSupportBpCommentByCommentIDUserID_Select(6, 1) [ RunTime:0.0002s ]
SQL: SELECT `level_name` FROM `t_levels` WHERE ( 707 BETWEEN level_min_exp AND level_max_exp ) LIMIT 1   [ RunTime:0.0002s ]
SQL: SELECT * FROM `t_bookpost` LEFT JOIN T_user on T_user.pk_user_id=T_bookpost.fk_bp_user_id LEFT JOIN T_field on T_field.pk_field_id=T_bookpost.fk_bp_field_id  WHERE ( bookpost_usable=1 AND pk_bookpost_id=3 )  [ RunTime:0.0002s ]
SQL: call proc_UserCollectBpByBookpostIDUserID_Select(3, 1) [ RunTime:0.0002s ]
SQL: call proc_UserSupportBpByBookpostIDUserID_Select(3, 1) [ RunTime:0.0002s ]
SQL: call proc_UserSupportBpCommentByCommentIDUserID_Select(8, 1) [ RunTime:0.0002s ]
INFO: [ app_end ] --START--
INFO: Run Behavior\ShowPageTraceBehavior [ RunTime:0.000717s ]
INFO: [ app_end ] --END-- [ RunTime:0.000781s ]

[ 2016-05-04T01:37:23+08:00 ] ::1 /1.0/Application/Home/Images/Head/zcp
INFO: [ app_init ] --START--
INFO: Run Behavior\BuildLiteBehavior [ RunTime:0.000035s ]
INFO: [ app_init ] --END-- [ RunTime:0.001205s ]
INFO: [ app_begin ] --START--
INFO: Run Behavior\ReadHtmlCacheBehavior [ RunTime:0.000496s ]
INFO: [ app_begin ] --END-- [ RunTime:0.000593s ]
ERR: 无法加载控制器:Application

[ 2016-05-04T01:37:25+08:00 ] ::1 /1.0/communion/getBookpostCommentByBookpostID
INFO: [ app_init ] --START--
INFO: Run Behavior\BuildLiteBehavior [ RunTime:0.000013s ]
INFO: [ app_init ] --END-- [ RunTime:0.000315s ]
INFO: [ app_begin ] --START--
INFO: Run Behavior\ReadHtmlCacheBehavior [ RunTime:0.000374s ]
INFO: [ app_begin ] --END-- [ RunTime:0.000414s ]
SQL: SHOW COLUMNS FROM `t_levels` [ RunTime:0.0550s ]
SQL: call proc_BpCommentByBookpostID_Select(3, 0, 10) [ RunTime:0.0725s ]
SQL: SELECT `level_name` FROM `t_levels` WHERE ( 707 BETWEEN level_min_exp AND level_max_exp ) LIMIT 1   [ RunTime:0.0003s ]
SQL: call proc_UserSupportBpCommentByCommentIDUserID_Select(8, 1) [ RunTime:0.0004s ]
SQL: SELECT `level_name` FROM `t_levels` WHERE ( 125 BETWEEN level_min_exp AND level_max_exp ) LIMIT 1   [ RunTime:0.0002s ]
SQL: call proc_UserSupportBpCommentByCommentIDUserID_Select(1, 1) [ RunTime:0.0003s ]
SQL: SELECT `level_name` FROM `t_levels` WHERE ( 225 BETWEEN level_min_exp AND level_max_exp ) LIMIT 1   [ RunTime:0.0003s ]
SQL: call proc_UserSupportBpCommentByCommentIDUserID_Select(2, 1) [ RunTime:0.0002s ]
INFO: [ app_end ] --START--
INFO: Run Behavior\ShowPageTraceBehavior [ RunTime:0.000810s ]
INFO: [ app_end ] --END-- [ RunTime:0.000872s ]

[ 2016-05-04T01:38:26+08:00 ] ::1 /1.0/user/getUserByAccountPassword
INFO: [ app_init ] --START--
INFO: Run Behavior\BuildLiteBehavior [ RunTime:0.000011s ]
INFO: [ app_init ] --END-- [ RunTime:0.000341s ]
INFO: [ app_begin ] --START--
INFO: Run Behavior\ReadHtmlCacheBehavior [ RunTime:0.000386s ]
INFO: [ app_begin ] --END-- [ RunTime:0.000420s ]
SQL: call proc_UserByAccount_Select(18850459303) [ RunTime:0.0387s ]
SQL: call proc_UserFocusFieldByUserID_Select(1) [ RunTime:0.0007s ]
INFO: [ app_end ] --START--
INFO: Run Behavior\ShowPageTraceBehavior [ RunTime:0.000692s ]
INFO: [ app_end ] --END-- [ RunTime:0.000747s ]

[ 2016-05-04T01:38:26+08:00 ] ::1 /1.0/hottrend/getHotBookpostComment
INFO: [ app_init ] --START--
INFO: Run Behavior\BuildLiteBehavior [ RunTime:0.000012s ]
INFO: [ app_init ] --END-- [ RunTime:0.000314s ]
INFO: [ app_begin ] --START--
INFO: Run Behavior\ReadHtmlCacheBehavior [ RunTime:0.000381s ]
INFO: [ app_begin ] --END-- [ RunTime:0.000431s ]
SQL: SHOW COLUMNS FROM `t_user` [ RunTime:0.0368s ]
SQL: SHOW COLUMNS FROM `t_levels` [ RunTime:0.0317s ]
SQL: SHOW COLUMNS FROM `t_field` [ RunTime:0.0219s ]
SQL: SHOW COLUMNS FROM `t_bookpost_comment` [ RunTime:0.0302s ]
SQL: SELECT * FROM `t_bookpost_comment` LEFT JOIN T_user on T_user.pk_user_id=T_bookpost_comment.fk_bpc_user_id  WHERE ( comment_usable=1 AND comment_time>="2016-04-27 00:00:00" AND comment_time <="2016-05-04 01:38:26" ) ORDER BY comment_support desc, comment_reply_number desc LIMIT 0,10   [ RunTime:0.0006s ]
SQL: SELECT `level_name` FROM `t_levels` WHERE ( 707 BETWEEN level_min_exp AND level_max_exp ) LIMIT 1   [ RunTime:0.0002s ]
SQL: SHOW COLUMNS FROM `t_bookpost` [ RunTime:0.0234s ]
SQL: SELECT * FROM `t_bookpost` LEFT JOIN T_user on T_user.pk_user_id=T_bookpost.fk_bp_user_id LEFT JOIN T_field on T_field.pk_field_id=T_bookpost.fk_bp_field_id  WHERE ( bookpost_usable=1 AND pk_bookpost_id=11 )  [ RunTime:0.0007s ]
SQL: call proc_UserCollectBpByBookpostIDUserID_Select(11, 1) [ RunTime:0.0004s ]
SQL: call proc_UserSupportBpByBookpostIDUserID_Select(11, 1) [ RunTime:0.0003s ]
SQL: call proc_UserSupportBpCommentByCommentIDUserID_Select(3, 1) [ RunTime:0.0003s ]
SQL: SELECT `level_name` FROM `t_levels` WHERE ( 707 BETWEEN level_min_exp AND level_max_exp ) LIMIT 1   [ RunTime:0.0002s ]
SQL: SELECT * FROM `t_bookpost` LEFT JOIN T_user on T_user.pk_user_id=T_bookpost.fk_bp_user_id LEFT JOIN T_field on T_field.pk_field_id=T_bookpost.fk_bp_field_id  WHERE ( bookpost_usable=1 AND pk_bookpost_id=16 )  [ RunTime:0.0003s ]
SQL: call proc_UserCollectBpByBookpostIDUserID_Select(16, 1) [ RunTime:0.0002s ]
SQL: call proc_UserSupportBpByBookpostIDUserID_Select(16, 1) [ RunTime:0.0002s ]
SQL: call proc_UserSupportBpCommentByCommentIDUserID_Select(7, 1) [ RunTime:0.0002s ]
SQL: SELECT `level_name` FROM `t_levels` WHERE ( 125 BETWEEN level_min_exp AND level_max_exp ) LIMIT 1   [ RunTime:0.0001s ]
SQL: SELECT * FROM `t_bookpost` LEFT JOIN T_user on T_user.pk_user_id=T_bookpost.fk_bp_user_id LEFT JOIN T_field on T_field.pk_field_id=T_bookpost.fk_bp_field_id  WHERE ( bookpost_usable=1 AND pk_bookpost_id=3 )  [ RunTime:0.0002s ]
SQL: call proc_UserCollectBpByBookpostIDUserID_Select(3, 1) [ RunTime:0.0002s ]
SQL: call proc_UserSupportBpByBookpostIDUserID_Select(3, 1) [ RunTime:0.0002s ]
SQL: call proc_UserSupportBpCommentByCommentIDUserID_Select(1, 1) [ RunTime:0.0002s ]
SQL: SELECT `level_name` FROM `t_levels` WHERE ( 225 BETWEEN level_min_exp AND level_max_exp ) LIMIT 1   [ RunTime:0.0001s ]
SQL: SELECT * FROM `t_bookpost` LEFT JOIN T_user on T_user.pk_user_id=T_bookpost.fk_bp_user_id LEFT JOIN T_field on T_field.pk_field_id=T_bookpost.fk_bp_field_id  WHERE ( bookpost_usable=1 AND pk_bookpost_id=3 )  [ RunTime:0.0002s ]
SQL: call proc_UserCollectBpByBookpostIDUserID_Select(3, 1) [ RunTime:0.0002s ]
SQL: call proc_UserSupportBpByBookpostIDUserID_Select(3, 1) [ RunTime:0.0002s ]
SQL: call proc_UserSupportBpCommentByCommentIDUserID_Select(2, 1) [ RunTime:0.0002s ]
SQL: SELECT `level_name` FROM `t_levels` WHERE ( 707 BETWEEN level_min_exp AND level_max_exp ) LIMIT 1   [ RunTime:0.0001s ]
SQL: SELECT * FROM `t_bookpost` LEFT JOIN T_user on T_user.pk_user_id=T_bookpost.fk_bp_user_id LEFT JOIN T_field on T_field.pk_field_id=T_bookpost.fk_bp_field_id  WHERE ( bookpost_usable=1 AND pk_bookpost_id=4 )  [ RunTime:0.0002s ]
SQL: call proc_UserCollectBpByBookpostIDUserID_Select(4, 1) [ RunTime:0.0002s ]
SQL: call proc_UserSupportBpByBookpostIDUserID_Select(4, 1) [ RunTime:0.0002s ]
SQL: call proc_UserSupportBpCommentByCommentIDUserID_Select(9, 1) [ RunTime:0.0003s ]
SQL: SELECT `level_name` FROM `t_levels` WHERE ( 707 BETWEEN level_min_exp AND level_max_exp ) LIMIT 1   [ RunTime:0.0002s ]
SQL: SELECT * FROM `t_bookpost` LEFT JOIN T_user on T_user.pk_user_id=T_bookpost.fk_bp_user_id LEFT JOIN T_field on T_field.pk_field_id=T_bookpost.fk_bp_field_id  WHERE ( bookpost_usable=1 AND pk_bookpost_id=1 )  [ RunTime:0.0004s ]
SQL: call proc_UserCollectBpByBookpostIDUserID_Select(1, 1) [ RunTime:0.0002s ]
SQL: call proc_UserSupportBpByBookpostIDUserID_Select(1, 1) [ RunTime:0.0002s ]
SQL: call proc_UserSupportBpCommentByCommentIDUserID_Select(4, 1) [ RunTime:0.0003s ]
SQL: SELECT `level_name` FROM `t_levels` WHERE ( 707 BETWEEN level_min_exp AND level_max_exp ) LIMIT 1   [ RunTime:0.0004s ]
SQL: SELECT * FROM `t_bookpost` LEFT JOIN T_user on T_user.pk_user_id=T_bookpost.fk_bp_user_id LEFT JOIN T_field on T_field.pk_field_id=T_bookpost.fk_bp_field_id  WHERE ( bookpost_usable=1 AND pk_bookpost_id=1 )  [ RunTime:0.0004s ]
SQL: call proc_UserCollectBpByBookpostIDUserID_Select(1, 1) [ RunTime:0.0004s ]
SQL: call proc_UserSupportBpByBookpostIDUserID_Select(1, 1) [ RunTime:0.0002s ]
SQL: call proc_UserSupportBpCommentByCommentIDUserID_Select(5, 1) [ RunTime:0.0005s ]
SQL: SELECT `level_name` FROM `t_levels` WHERE ( 707 BETWEEN level_min_exp AND level_max_exp ) LIMIT 1   [ RunTime:0.0004s ]
SQL: SELECT * FROM `t_bookpost` LEFT JOIN T_user on T_user.pk_user_id=T_bookpost.fk_bp_user_id LEFT JOIN T_field on T_field.pk_field_id=T_bookpost.fk_bp_field_id  WHERE ( bookpost_usable=1 AND pk_bookpost_id=15 )  [ RunTime:0.0008s ]
SQL: call proc_UserCollectBpByBookpostIDUserID_Select(15, 1) [ RunTime:0.0003s ]
SQL: call proc_UserSupportBpByBookpostIDUserID_Select(15, 1) [ RunTime:0.0002s ]
SQL: call proc_UserSupportBpCommentByCommentIDUserID_Select(6, 1) [ RunTime:0.0002s ]
SQL: SELECT `level_name` FROM `t_levels` WHERE ( 707 BETWEEN level_min_exp AND level_max_exp ) LIMIT 1   [ RunTime:0.0002s ]
SQL: SELECT * FROM `t_bookpost` LEFT JOIN T_user on T_user.pk_user_id=T_bookpost.fk_bp_user_id LEFT JOIN T_field on T_field.pk_field_id=T_bookpost.fk_bp_field_id  WHERE ( bookpost_usable=1 AND pk_bookpost_id=3 )  [ RunTime:0.0005s ]
SQL: call proc_UserCollectBpByBookpostIDUserID_Select(3, 1) [ RunTime:0.0010s ]
SQL: call proc_UserSupportBpByBookpostIDUserID_Select(3, 1) [ RunTime:0.0003s ]
SQL: call proc_UserSupportBpCommentByCommentIDUserID_Select(8, 1) [ RunTime:0.0003s ]
INFO: [ app_end ] --START--
INFO: Run Behavior\ShowPageTraceBehavior [ RunTime:0.000817s ]
INFO: [ app_end ] --END-- [ RunTime:0.001240s ]

[ 2016-05-04T01:38:26+08:00 ] ::1 /1.0/Application/Home/Images/Head/zcp
INFO: [ app_init ] --START--
INFO: Run Behavior\BuildLiteBehavior [ RunTime:0.000011s ]
INFO: [ app_init ] --END-- [ RunTime:0.000307s ]
INFO: [ app_begin ] --START--
INFO: Run Behavior\ReadHtmlCacheBehavior [ RunTime:0.000367s ]
INFO: [ app_begin ] --END-- [ RunTime:0.000402s ]
ERR: 无法加载控制器:Application

