[ 2016-03-22T10:03:51+08:00 ] ::1 /1.0/common/getField
INFO: [ app_init ] --START--
INFO: Run Behavior\BuildLiteBehavior [ RunTime:0.000019s ]
INFO: [ app_init ] --END-- [ RunTime:0.001672s ]
INFO: [ app_begin ] --START--
INFO: Run Behavior\ReadHtmlCacheBehavior [ RunTime:0.000879s ]
INFO: [ app_begin ] --END-- [ RunTime:0.000959s ]
SQL: SHOW COLUMNS FROM `t_field` [ RunTime:0.0792s ]
SQL: SELECT * FROM `t_field`  [ RunTime:0.0003s ]
INFO: [ app_end ] --START--
INFO: Run Behavior\ShowPageTraceBehavior [ RunTime:0.000796s ]
INFO: [ app_end ] --END-- [ RunTime:0.000907s ]

[ 2016-03-22T10:03:51+08:00 ] ::1 /1.0/library/getBookBySearchTextSortMethodFieldID
INFO: [ app_init ] --START--
INFO: Run Behavior\BuildLiteBehavior [ RunTime:0.000015s ]
INFO: [ app_init ] --END-- [ RunTime:0.001969s ]
INFO: [ app_begin ] --START--
INFO: Run Behavior\ReadHtmlCacheBehavior [ RunTime:0.000879s ]
INFO: [ app_begin ] --END-- [ RunTime:0.000959s ]
SQL: call WenHuiApartment.proc_Book_SelectByMultiCondition('%%', 0, 0, 0, 10); [ RunTime:0.0836s ]
SQL: call WenHuiApartment.proc_UserCollectBookByBookIDUserID_Select(10, 1) [ RunTime:0.0024s ]
SQL: call WenHuiApartment.proc_UserCollectBookByBookIDUserID_Select(9, 1) [ RunTime:0.0003s ]
SQL: call WenHuiApartment.proc_UserCollectBookByBookIDUserID_Select(8, 1) [ RunTime:0.0003s ]
SQL: call WenHuiApartment.proc_UserCollectBookByBookIDUserID_Select(7, 1) [ RunTime:0.0002s ]
SQL: call WenHuiApartment.proc_UserCollectBookByBookIDUserID_Select(6, 1) [ RunTime:0.0002s ]
SQL: call WenHuiApartment.proc_UserCollectBookByBookIDUserID_Select(5, 1) [ RunTime:0.0002s ]
SQL: call WenHuiApartment.proc_UserCollectBookByBookIDUserID_Select(4, 1) [ RunTime:0.0002s ]
SQL: call WenHuiApartment.proc_UserCollectBookByBookIDUserID_Select(3, 1) [ RunTime:0.0002s ]
SQL: call WenHuiApartment.proc_UserCollectBookByBookIDUserID_Select(2, 1) [ RunTime:0.0002s ]
SQL: call WenHuiApartment.proc_UserCollectBookByBookIDUserID_Select(1, 1) [ RunTime:0.0002s ]
INFO: [ app_end ] --START--
INFO: Run Behavior\ShowPageTraceBehavior [ RunTime:0.000724s ]
INFO: [ app_end ] --END-- [ RunTime:0.000800s ]

[ 2016-03-22T10:03:51+08:00 ] ::1 /1.0/Application/Home/Images/Cover/cover_10.png
INFO: [ app_init ] --START--
INFO: Run Behavior\BuildLiteBehavior [ RunTime:0.000022s ]
INFO: [ app_init ] --END-- [ RunTime:0.000436s ]

[ 2016-03-22T10:03:51+08:00 ] ::1 /1.0/Application/Home/Images/Cover/cover_9.png
INFO: [ app_init ] --START--
INFO: Run Behavior\BuildLiteBehavior [ RunTime:0.000023s ]
INFO: [ app_init ] --END-- [ RunTime:0.000505s ]

[ 2016-03-22T10:03:51+08:00 ] ::1 /1.0/Application/Home/Images/Cover/cover_8.png
INFO: [ app_init ] --START--
INFO: Run Behavior\BuildLiteBehavior [ RunTime:0.000201s ]
INFO: [ app_init ] --END-- [ RunTime:0.001141s ]

[ 2016-03-22T10:06:41+08:00 ] ::1 /1.0/common/getField
INFO: [ app_init ] --START--
INFO: Run Behavior\BuildLiteBehavior [ RunTime:0.000021s ]
INFO: [ app_init ] --END-- [ RunTime:0.000612s ]
INFO: [ app_begin ] --START--
INFO: Run Behavior\ReadHtmlCacheBehavior [ RunTime:0.001574s ]
INFO: [ app_begin ] --END-- [ RunTime:0.001632s ]
SQL: SHOW COLUMNS FROM `t_field` [ RunTime:0.0764s ]
SQL: SELECT * FROM `t_field`  [ RunTime:0.0004s ]
INFO: [ app_end ] --START--
INFO: Run Behavior\ShowPageTraceBehavior [ RunTime:0.000800s ]
INFO: [ app_end ] --END-- [ RunTime:0.000866s ]

[ 2016-03-22T10:06:41+08:00 ] ::1 /1.0/library/getBookBySearchTextSortMethodFieldID
INFO: [ app_init ] --START--
INFO: Run Behavior\BuildLiteBehavior [ RunTime:0.000012s ]
INFO: [ app_init ] --END-- [ RunTime:0.001161s ]
INFO: [ app_begin ] --START--
INFO: Run Behavior\ReadHtmlCacheBehavior [ RunTime:0.000651s ]
INFO: [ app_begin ] --END-- [ RunTime:0.000701s ]
SQL: call WenHuiApartment.proc_Book_SelectByMultiCondition('%%', 0, 0, 0, 10); [ RunTime:0.0786s ]
SQL: call WenHuiApartment.proc_UserCollectBookByBookIDUserID_Select(10, 1) [ RunTime:0.0006s ]
SQL: call WenHuiApartment.proc_UserCollectBookByBookIDUserID_Select(9, 1) [ RunTime:0.0002s ]
SQL: call WenHuiApartment.proc_UserCollectBookByBookIDUserID_Select(8, 1) [ RunTime:0.0003s ]
SQL: call WenHuiApartment.proc_UserCollectBookByBookIDUserID_Select(7, 1) [ RunTime:0.0003s ]
SQL: call WenHuiApartment.proc_UserCollectBookByBookIDUserID_Select(6, 1) [ RunTime:0.0002s ]
SQL: call WenHuiApartment.proc_UserCollectBookByBookIDUserID_Select(5, 1) [ RunTime:0.0002s ]
SQL: call WenHuiApartment.proc_UserCollectBookByBookIDUserID_Select(4, 1) [ RunTime:0.0003s ]
SQL: call WenHuiApartment.proc_UserCollectBookByBookIDUserID_Select(3, 1) [ RunTime:0.0002s ]
SQL: call WenHuiApartment.proc_UserCollectBookByBookIDUserID_Select(2, 1) [ RunTime:0.0003s ]
SQL: call WenHuiApartment.proc_UserCollectBookByBookIDUserID_Select(1, 1) [ RunTime:0.0002s ]
INFO: [ app_end ] --START--
INFO: Run Behavior\ShowPageTraceBehavior [ RunTime:0.000548s ]
INFO: [ app_end ] --END-- [ RunTime:0.000589s ]

[ 2016-03-22T10:06:41+08:00 ] ::1 /1.0/Application/Home/Images/Cover/cover_8.png
INFO: [ app_init ] --START--
INFO: Run Behavior\BuildLiteBehavior [ RunTime:0.000016s ]
INFO: [ app_init ] --END-- [ RunTime:0.000474s ]

[ 2016-03-22T10:06:41+08:00 ] ::1 /1.0/Application/Home/Images/Cover/cover_10.png
INFO: [ app_init ] --START--
INFO: Run Behavior\BuildLiteBehavior [ RunTime:0.000019s ]
INFO: [ app_init ] --END-- [ RunTime:0.000430s ]

[ 2016-03-22T10:06:41+08:00 ] ::1 /1.0/Application/Home/Images/Cover/cover_9.png
INFO: [ app_init ] --START--
INFO: Run Behavior\BuildLiteBehavior [ RunTime:0.000020s ]
INFO: [ app_init ] --END-- [ RunTime:0.000456s ]

[ 2016-03-22T10:07:23+08:00 ] ::1 /1.0/common/getField
INFO: [ app_init ] --START--
INFO: Run Behavior\BuildLiteBehavior [ RunTime:0.000012s ]
INFO: [ app_init ] --END-- [ RunTime:0.000275s ]
INFO: [ app_begin ] --START--
INFO: Run Behavior\ReadHtmlCacheBehavior [ RunTime:0.000499s ]
INFO: [ app_begin ] --END-- [ RunTime:0.000545s ]
SQL: SHOW COLUMNS FROM `t_field` [ RunTime:0.0852s ]
SQL: SELECT * FROM `t_field`  [ RunTime:0.0003s ]
INFO: [ app_end ] --START--
INFO: Run Behavior\ShowPageTraceBehavior [ RunTime:0.000612s ]
INFO: [ app_end ] --END-- [ RunTime:0.000673s ]

[ 2016-03-22T10:07:23+08:00 ] ::1 /1.0/library/getBookBySearchTextSortMethodFieldID
INFO: [ app_init ] --START--
INFO: Run Behavior\BuildLiteBehavior [ RunTime:0.000015s ]
INFO: [ app_init ] --END-- [ RunTime:0.000390s ]
INFO: [ app_begin ] --START--
INFO: Run Behavior\ReadHtmlCacheBehavior [ RunTime:0.000511s ]
INFO: [ app_begin ] --END-- [ RunTime:0.000565s ]
SQL: call WenHuiApartment.proc_Book_SelectByMultiCondition('%%', 0, 0, 0, 10); [ RunTime:0.0814s ]
SQL: call WenHuiApartment.proc_UserCollectBookByBookIDUserID_Select(10, 1) [ RunTime:0.0006s ]
SQL: call WenHuiApartment.proc_UserCollectBookByBookIDUserID_Select(9, 1) [ RunTime:0.0002s ]
SQL: call WenHuiApartment.proc_UserCollectBookByBookIDUserID_Select(8, 1) [ RunTime:0.0002s ]
SQL: call WenHuiApartment.proc_UserCollectBookByBookIDUserID_Select(7, 1) [ RunTime:0.0004s ]
SQL: call WenHuiApartment.proc_UserCollectBookByBookIDUserID_Select(6, 1) [ RunTime:0.0003s ]
SQL: call WenHuiApartment.proc_UserCollectBookByBookIDUserID_Select(5, 1) [ RunTime:0.0002s ]
SQL: call WenHuiApartment.proc_UserCollectBookByBookIDUserID_Select(4, 1) [ RunTime:0.0002s ]
SQL: call WenHuiApartment.proc_UserCollectBookByBookIDUserID_Select(3, 1) [ RunTime:0.0003s ]
SQL: call WenHuiApartment.proc_UserCollectBookByBookIDUserID_Select(2, 1) [ RunTime:0.0002s ]
SQL: call WenHuiApartment.proc_UserCollectBookByBookIDUserID_Select(1, 1) [ RunTime:0.0002s ]
INFO: [ app_end ] --START--
INFO: Run Behavior\ShowPageTraceBehavior [ RunTime:0.000528s ]
INFO: [ app_end ] --END-- [ RunTime:0.000569s ]

[ 2016-03-22T10:07:23+08:00 ] ::1 /1.0/Application/Home/Images/Cover/cover_10.png
INFO: [ app_init ] --START--
INFO: Run Behavior\BuildLiteBehavior [ RunTime:0.000024s ]
INFO: [ app_init ] --END-- [ RunTime:0.000372s ]

[ 2016-03-22T10:07:23+08:00 ] ::1 /1.0/Application/Home/Images/Cover/cover_9.png
INFO: [ app_init ] --START--
INFO: Run Behavior\BuildLiteBehavior [ RunTime:0.000013s ]
INFO: [ app_init ] --END-- [ RunTime:0.000447s ]

[ 2016-03-22T10:07:23+08:00 ] ::1 /1.0/Application/Home/Images/Cover/cover_8.png
INFO: [ app_init ] --START--
INFO: Run Behavior\BuildLiteBehavior [ RunTime:0.000034s ]
INFO: [ app_init ] --END-- [ RunTime:0.000612s ]

[ 2016-03-22T10:24:37+08:00 ] ::1 /1.0/common/getField
INFO: [ app_init ] --START--
INFO: Run Behavior\BuildLiteBehavior [ RunTime:0.000019s ]
INFO: [ app_init ] --END-- [ RunTime:0.000615s ]
INFO: [ app_begin ] --START--
INFO: Run Behavior\ReadHtmlCacheBehavior [ RunTime:0.000773s ]
INFO: [ app_begin ] --END-- [ RunTime:0.000830s ]
SQL: SHOW COLUMNS FROM `t_field` [ RunTime:0.0722s ]
SQL: SELECT * FROM `t_field`  [ RunTime:0.0004s ]
INFO: [ app_end ] --START--
INFO: Run Behavior\ShowPageTraceBehavior [ RunTime:0.001131s ]
INFO: [ app_end ] --END-- [ RunTime:0.001212s ]

[ 2016-03-22T10:24:37+08:00 ] ::1 /1.0/library/getBookBySearchTextSortMethodFieldID
INFO: [ app_init ] --START--
INFO: Run Behavior\BuildLiteBehavior [ RunTime:0.000015s ]
INFO: [ app_init ] --END-- [ RunTime:0.001151s ]
INFO: [ app_begin ] --START--
INFO: Run Behavior\ReadHtmlCacheBehavior [ RunTime:0.000699s ]
INFO: [ app_begin ] --END-- [ RunTime:0.000748s ]
SQL: call WenHuiApartment.proc_Book_SelectByMultiCondition('%%', 0, 0, 0, 10); [ RunTime:0.0744s ]
SQL: call WenHuiApartment.proc_UserCollectBookByBookIDUserID_Select(10, 1) [ RunTime:0.0013s ]
SQL: call WenHuiApartment.proc_UserCollectBookByBookIDUserID_Select(9, 1) [ RunTime:0.0003s ]
SQL: call WenHuiApartment.proc_UserCollectBookByBookIDUserID_Select(8, 1) [ RunTime:0.0003s ]
SQL: call WenHuiApartment.proc_UserCollectBookByBookIDUserID_Select(7, 1) [ RunTime:0.0002s ]
SQL: call WenHuiApartment.proc_UserCollectBookByBookIDUserID_Select(6, 1) [ RunTime:0.0002s ]
SQL: call WenHuiApartment.proc_UserCollectBookByBookIDUserID_Select(5, 1) [ RunTime:0.0002s ]
SQL: call WenHuiApartment.proc_UserCollectBookByBookIDUserID_Select(4, 1) [ RunTime:0.0003s ]
SQL: call WenHuiApartment.proc_UserCollectBookByBookIDUserID_Select(3, 1) [ RunTime:0.0002s ]
SQL: call WenHuiApartment.proc_UserCollectBookByBookIDUserID_Select(2, 1) [ RunTime:0.0002s ]
SQL: call WenHuiApartment.proc_UserCollectBookByBookIDUserID_Select(1, 1) [ RunTime:0.0002s ]
INFO: [ app_end ] --START--
INFO: Run Behavior\ShowPageTraceBehavior [ RunTime:0.000543s ]
INFO: [ app_end ] --END-- [ RunTime:0.000585s ]

[ 2016-03-22T10:24:37+08:00 ] ::1 /1.0/Application/Home/Images/Cover/cover_10.png
INFO: [ app_init ] --START--
INFO: Run Behavior\BuildLiteBehavior [ RunTime:0.000011s ]
INFO: [ app_init ] --END-- [ RunTime:0.000365s ]

[ 2016-03-22T10:24:37+08:00 ] ::1 /1.0/Application/Home/Images/Cover/cover_9.png
INFO: [ app_init ] --START--
INFO: Run Behavior\BuildLiteBehavior [ RunTime:0.000017s ]
INFO: [ app_init ] --END-- [ RunTime:0.000560s ]

[ 2016-03-22T10:24:37+08:00 ] ::1 /1.0/Application/Home/Images/Cover/cover_8.png
INFO: [ app_init ] --START--
INFO: Run Behavior\BuildLiteBehavior [ RunTime:0.000034s ]
INFO: [ app_init ] --END-- [ RunTime:0.000416s ]

[ 2016-03-22T10:25:12+08:00 ] ::1 /1.0/library/getBookBySearchTextSortMethodFieldID
INFO: [ app_init ] --START--
INFO: Run Behavior\BuildLiteBehavior [ RunTime:0.000011s ]
INFO: [ app_init ] --END-- [ RunTime:0.000281s ]
INFO: [ app_begin ] --START--
INFO: Run Behavior\ReadHtmlCacheBehavior [ RunTime:0.000369s ]
INFO: [ app_begin ] --END-- [ RunTime:0.000407s ]
SQL: call WenHuiApartment.proc_Book_SelectByMultiCondition('%%', 0, 0, 0, 10); [ RunTime:0.0058s ]
SQL: call WenHuiApartment.proc_UserCollectBookByBookIDUserID_Select(10, 1) [ RunTime:0.0008s ]
SQL: call WenHuiApartment.proc_UserCollectBookByBookIDUserID_Select(9, 1) [ RunTime:0.0004s ]
SQL: call WenHuiApartment.proc_UserCollectBookByBookIDUserID_Select(8, 1) [ RunTime:0.0003s ]
SQL: call WenHuiApartment.proc_UserCollectBookByBookIDUserID_Select(7, 1) [ RunTime:0.0003s ]
SQL: call WenHuiApartment.proc_UserCollectBookByBookIDUserID_Select(6, 1) [ RunTime:0.0003s ]
SQL: call WenHuiApartment.proc_UserCollectBookByBookIDUserID_Select(5, 1) [ RunTime:0.0003s ]
SQL: call WenHuiApartment.proc_UserCollectBookByBookIDUserID_Select(4, 1) [ RunTime:0.0002s ]
SQL: call WenHuiApartment.proc_UserCollectBookByBookIDUserID_Select(3, 1) [ RunTime:0.0002s ]
SQL: call WenHuiApartment.proc_UserCollectBookByBookIDUserID_Select(2, 1) [ RunTime:0.0002s ]
SQL: call WenHuiApartment.proc_UserCollectBookByBookIDUserID_Select(1, 1) [ RunTime:0.0002s ]
INFO: [ app_end ] --START--
INFO: Run Behavior\ShowPageTraceBehavior [ RunTime:0.000543s ]
INFO: [ app_end ] --END-- [ RunTime:0.000590s ]

[ 2016-03-22T10:25:12+08:00 ] ::1 /1.0/common/getField
INFO: [ app_init ] --START--
INFO: Run Behavior\BuildLiteBehavior [ RunTime:0.000022s ]
INFO: [ app_init ] --END-- [ RunTime:0.000479s ]
INFO: [ app_begin ] --START--
INFO: Run Behavior\ReadHtmlCacheBehavior [ RunTime:0.000527s ]
INFO: [ app_begin ] --END-- [ RunTime:0.000578s ]
SQL: SHOW COLUMNS FROM `t_field` [ RunTime:0.0947s ]
SQL: SELECT * FROM `t_field`  [ RunTime:0.0004s ]
INFO: [ app_end ] --START--
INFO: Run Behavior\ShowPageTraceBehavior [ RunTime:0.000921s ]
INFO: [ app_end ] --END-- [ RunTime:0.001009s ]

[ 2016-03-22T10:25:12+08:00 ] ::1 /1.0/Application/Home/Images/Cover/cover_10.png
INFO: [ app_init ] --START--
INFO: Run Behavior\BuildLiteBehavior [ RunTime:0.000018s ]
INFO: [ app_init ] --END-- [ RunTime:0.000598s ]

[ 2016-03-22T10:25:12+08:00 ] ::1 /1.0/Application/Home/Images/Cover/cover_9.png
INFO: [ app_init ] --START--
INFO: Run Behavior\BuildLiteBehavior [ RunTime:0.000010s ]
INFO: [ app_init ] --END-- [ RunTime:0.000289s ]

[ 2016-03-22T10:25:12+08:00 ] ::1 /1.0/Application/Home/Images/Cover/cover_8.png
INFO: [ app_init ] --START--
INFO: Run Behavior\BuildLiteBehavior [ RunTime:0.000019s ]
INFO: [ app_init ] --END-- [ RunTime:0.000514s ]

[ 2016-03-22T10:26:44+08:00 ] ::1 /1.0/common/getField
INFO: [ app_init ] --START--
INFO: Run Behavior\BuildLiteBehavior [ RunTime:0.000011s ]
INFO: [ app_init ] --END-- [ RunTime:0.000273s ]
INFO: [ app_begin ] --START--
INFO: Run Behavior\ReadHtmlCacheBehavior [ RunTime:0.000350s ]
INFO: [ app_begin ] --END-- [ RunTime:0.000385s ]
SQL: SHOW COLUMNS FROM `t_field` [ RunTime:0.0353s ]
SQL: SELECT * FROM `t_field`  [ RunTime:0.0008s ]
INFO: [ app_end ] --START--
INFO: Run Behavior\ShowPageTraceBehavior [ RunTime:0.000722s ]
INFO: [ app_end ] --END-- [ RunTime:0.000794s ]

[ 2016-03-22T10:26:44+08:00 ] ::1 /1.0/library/getBookBySearchTextSortMethodFieldID
INFO: [ app_init ] --START--
INFO: Run Behavior\BuildLiteBehavior [ RunTime:0.000015s ]
INFO: [ app_init ] --END-- [ RunTime:0.000401s ]
INFO: [ app_begin ] --START--
INFO: Run Behavior\ReadHtmlCacheBehavior [ RunTime:0.000528s ]
INFO: [ app_begin ] --END-- [ RunTime:0.000590s ]
SQL: call WenHuiApartment.proc_Book_SelectByMultiCondition('%%', 0, 0, 0, 10); [ RunTime:0.0324s ]
SQL: call WenHuiApartment.proc_UserCollectBookByBookIDUserID_Select(10, 1) [ RunTime:0.0020s ]
SQL: call WenHuiApartment.proc_UserCollectBookByBookIDUserID_Select(9, 1) [ RunTime:0.0005s ]
SQL: call WenHuiApartment.proc_UserCollectBookByBookIDUserID_Select(8, 1) [ RunTime:0.0004s ]
SQL: call WenHuiApartment.proc_UserCollectBookByBookIDUserID_Select(7, 1) [ RunTime:0.0004s ]
SQL: call WenHuiApartment.proc_UserCollectBookByBookIDUserID_Select(6, 1) [ RunTime:0.0006s ]
SQL: call WenHuiApartment.proc_UserCollectBookByBookIDUserID_Select(5, 1) [ RunTime:0.0004s ]
SQL: call WenHuiApartment.proc_UserCollectBookByBookIDUserID_Select(4, 1) [ RunTime:0.0004s ]
SQL: call WenHuiApartment.proc_UserCollectBookByBookIDUserID_Select(3, 1) [ RunTime:0.0004s ]
SQL: call WenHuiApartment.proc_UserCollectBookByBookIDUserID_Select(2, 1) [ RunTime:0.0003s ]
SQL: call WenHuiApartment.proc_UserCollectBookByBookIDUserID_Select(1, 1) [ RunTime:0.0002s ]
INFO: [ app_end ] --START--
INFO: Run Behavior\ShowPageTraceBehavior [ RunTime:0.000612s ]
INFO: [ app_end ] --END-- [ RunTime:0.000658s ]

[ 2016-03-22T10:26:44+08:00 ] ::1 /1.0/Application/Home/Images/Cover/cover_9.png
INFO: [ app_init ] --START--
INFO: Run Behavior\BuildLiteBehavior [ RunTime:0.000011s ]
INFO: [ app_init ] --END-- [ RunTime:0.000368s ]

[ 2016-03-22T10:26:44+08:00 ] ::1 /1.0/Application/Home/Images/Cover/cover_10.png
INFO: [ app_init ] --START--
INFO: Run Behavior\BuildLiteBehavior [ RunTime:0.000016s ]
INFO: [ app_init ] --END-- [ RunTime:0.000467s ]

[ 2016-03-22T10:26:44+08:00 ] ::1 /1.0/Application/Home/Images/Cover/cover_8.png
INFO: [ app_init ] --START--
INFO: Run Behavior\BuildLiteBehavior [ RunTime:0.000021s ]
INFO: [ app_init ] --END-- [ RunTime:0.000601s ]

[ 2016-03-22T10:28:47+08:00 ] ::1 /1.0/common/getField
INFO: [ app_init ] --START--
INFO: Run Behavior\BuildLiteBehavior [ RunTime:0.000010s ]
INFO: [ app_init ] --END-- [ RunTime:0.000266s ]
INFO: [ app_begin ] --START--
INFO: Run Behavior\ReadHtmlCacheBehavior [ RunTime:0.000344s ]
INFO: [ app_begin ] --END-- [ RunTime:0.000377s ]
SQL: SHOW COLUMNS FROM `t_field` [ RunTime:0.0468s ]
SQL: SELECT * FROM `t_field`  [ RunTime:0.0005s ]
INFO: [ app_end ] --START--
INFO: Run Behavior\ShowPageTraceBehavior [ RunTime:0.000837s ]
INFO: [ app_end ] --END-- [ RunTime:0.000938s ]

[ 2016-03-22T10:28:47+08:00 ] ::1 /1.0/library/getBookBySearchTextSortMethodFieldID
INFO: [ app_init ] --START--
INFO: Run Behavior\BuildLiteBehavior [ RunTime:0.000011s ]
INFO: [ app_init ] --END-- [ RunTime:0.000286s ]
INFO: [ app_begin ] --START--
INFO: Run Behavior\ReadHtmlCacheBehavior [ RunTime:0.005146s ]
INFO: [ app_begin ] --END-- [ RunTime:0.005206s ]
SQL: call WenHuiApartment.proc_Book_SelectByMultiCondition('%%', 0, 0, 0, 10); [ RunTime:0.0465s ]
SQL: call WenHuiApartment.proc_UserCollectBookByBookIDUserID_Select(10, 1) [ RunTime:0.0005s ]
SQL: call WenHuiApartment.proc_UserCollectBookByBookIDUserID_Select(9, 1) [ RunTime:0.0004s ]
SQL: call WenHuiApartment.proc_UserCollectBookByBookIDUserID_Select(8, 1) [ RunTime:0.0003s ]
SQL: call WenHuiApartment.proc_UserCollectBookByBookIDUserID_Select(7, 1) [ RunTime:0.0003s ]
SQL: call WenHuiApartment.proc_UserCollectBookByBookIDUserID_Select(6, 1) [ RunTime:0.0003s ]
SQL: call WenHuiApartment.proc_UserCollectBookByBookIDUserID_Select(5, 1) [ RunTime:0.0003s ]
SQL: call WenHuiApartment.proc_UserCollectBookByBookIDUserID_Select(4, 1) [ RunTime:0.0003s ]
SQL: call WenHuiApartment.proc_UserCollectBookByBookIDUserID_Select(3, 1) [ RunTime:0.0003s ]
SQL: call WenHuiApartment.proc_UserCollectBookByBookIDUserID_Select(2, 1) [ RunTime:0.0003s ]
SQL: call WenHuiApartment.proc_UserCollectBookByBookIDUserID_Select(1, 1) [ RunTime:0.0004s ]
INFO: [ app_end ] --START--
INFO: Run Behavior\ShowPageTraceBehavior [ RunTime:0.000897s ]
INFO: [ app_end ] --END-- [ RunTime:0.000984s ]

[ 2016-03-22T10:28:47+08:00 ] ::1 /1.0/Application/Home/Images/Cover/cover_10.png
INFO: [ app_init ] --START--
INFO: Run Behavior\BuildLiteBehavior [ RunTime:0.000017s ]
INFO: [ app_init ] --END-- [ RunTime:0.000407s ]

[ 2016-03-22T10:28:47+08:00 ] ::1 /1.0/Application/Home/Images/Cover/cover_9.png
INFO: [ app_init ] --START--
INFO: Run Behavior\BuildLiteBehavior [ RunTime:0.000018s ]
INFO: [ app_init ] --END-- [ RunTime:0.000466s ]

[ 2016-03-22T10:28:47+08:00 ] ::1 /1.0/Application/Home/Images/Cover/cover_8.png
INFO: [ app_init ] --START--
INFO: Run Behavior\BuildLiteBehavior [ RunTime:0.000026s ]
INFO: [ app_init ] --END-- [ RunTime:0.001138s ]

[ 2016-03-22T10:29:36+08:00 ] ::1 /1.0/common/getField
INFO: [ app_init ] --START--
INFO: Run Behavior\BuildLiteBehavior [ RunTime:0.000013s ]
INFO: [ app_init ] --END-- [ RunTime:0.000589s ]
INFO: [ app_begin ] --START--
INFO: Run Behavior\ReadHtmlCacheBehavior [ RunTime:0.000739s ]
INFO: [ app_begin ] --END-- [ RunTime:0.000795s ]
SQL: SHOW COLUMNS FROM `t_field` [ RunTime:0.0465s ]
SQL: SELECT * FROM `t_field`  [ RunTime:0.0005s ]
INFO: [ app_end ] --START--
INFO: Run Behavior\ShowPageTraceBehavior [ RunTime:0.001369s ]
INFO: [ app_end ] --END-- [ RunTime:0.001486s ]

[ 2016-03-22T10:29:36+08:00 ] ::1 /1.0/library/getBookBySearchTextSortMethodFieldID
INFO: [ app_init ] --START--
INFO: Run Behavior\BuildLiteBehavior [ RunTime:0.000012s ]
INFO: [ app_init ] --END-- [ RunTime:0.000517s ]
INFO: [ app_begin ] --START--
INFO: Run Behavior\ReadHtmlCacheBehavior [ RunTime:0.000640s ]
INFO: [ app_begin ] --END-- [ RunTime:0.000687s ]
SQL: call WenHuiApartment.proc_Book_SelectByMultiCondition('%%', 0, 0, 0, 10); [ RunTime:0.0483s ]
SQL: call WenHuiApartment.proc_UserCollectBookByBookIDUserID_Select(10, 1) [ RunTime:0.0012s ]
SQL: call WenHuiApartment.proc_UserCollectBookByBookIDUserID_Select(9, 1) [ RunTime:0.0006s ]
SQL: call WenHuiApartment.proc_UserCollectBookByBookIDUserID_Select(8, 1) [ RunTime:0.0003s ]
SQL: call WenHuiApartment.proc_UserCollectBookByBookIDUserID_Select(7, 1) [ RunTime:0.0003s ]
SQL: call WenHuiApartment.proc_UserCollectBookByBookIDUserID_Select(6, 1) [ RunTime:0.0003s ]
SQL: call WenHuiApartment.proc_UserCollectBookByBookIDUserID_Select(5, 1) [ RunTime:0.0002s ]
SQL: call WenHuiApartment.proc_UserCollectBookByBookIDUserID_Select(4, 1) [ RunTime:0.0003s ]
SQL: call WenHuiApartment.proc_UserCollectBookByBookIDUserID_Select(3, 1) [ RunTime:0.0003s ]
SQL: call WenHuiApartment.proc_UserCollectBookByBookIDUserID_Select(2, 1) [ RunTime:0.0002s ]
SQL: call WenHuiApartment.proc_UserCollectBookByBookIDUserID_Select(1, 1) [ RunTime:0.0003s ]
INFO: [ app_end ] --START--
INFO: Run Behavior\ShowPageTraceBehavior [ RunTime:0.000818s ]
INFO: [ app_end ] --END-- [ RunTime:0.000861s ]

[ 2016-03-22T10:29:36+08:00 ] ::1 /1.0/Application/Home/Images/Cover/cover_8.png
INFO: [ app_init ] --START--
INFO: Run Behavior\BuildLiteBehavior [ RunTime:0.000017s ]
INFO: [ app_init ] --END-- [ RunTime:0.000483s ]

[ 2016-03-22T10:29:36+08:00 ] ::1 /1.0/Application/Home/Images/Cover/cover_10.png
INFO: [ app_init ] --START--
INFO: Run Behavior\BuildLiteBehavior [ RunTime:0.000020s ]
INFO: [ app_init ] --END-- [ RunTime:0.000383s ]

[ 2016-03-22T10:29:36+08:00 ] ::1 /1.0/Application/Home/Images/Cover/cover_9.png
INFO: [ app_init ] --START--
INFO: Run Behavior\BuildLiteBehavior [ RunTime:0.000022s ]
INFO: [ app_init ] --END-- [ RunTime:0.000384s ]

[ 2016-03-22T10:38:35+08:00 ] ::1 /1.0/common/getField
INFO: [ app_init ] --START--
INFO: Run Behavior\BuildLiteBehavior [ RunTime:0.000013s ]
INFO: [ app_init ] --END-- [ RunTime:0.000558s ]
INFO: [ app_begin ] --START--
INFO: Run Behavior\ReadHtmlCacheBehavior [ RunTime:0.000737s ]
INFO: [ app_begin ] --END-- [ RunTime:0.000789s ]
SQL: SHOW COLUMNS FROM `t_field` [ RunTime:0.0602s ]
SQL: SELECT * FROM `t_field`  [ RunTime:0.0006s ]
INFO: [ app_end ] --START--
INFO: Run Behavior\ShowPageTraceBehavior [ RunTime:0.002115s ]
INFO: [ app_end ] --END-- [ RunTime:0.002483s ]

[ 2016-03-22T10:38:35+08:00 ] ::1 /1.0/library/getBookBySearchTextSortMethodFieldID
INFO: [ app_init ] --START--
INFO: Run Behavior\BuildLiteBehavior [ RunTime:0.000013s ]
INFO: [ app_init ] --END-- [ RunTime:0.001079s ]
INFO: [ app_begin ] --START--
INFO: Run Behavior\ReadHtmlCacheBehavior [ RunTime:0.000485s ]
INFO: [ app_begin ] --END-- [ RunTime:0.000532s ]
SQL: call WenHuiApartment.proc_Book_SelectByMultiCondition('%%', 0, 0, 0, 10); [ RunTime:0.0635s ]
SQL: call WenHuiApartment.proc_UserCollectBookByBookIDUserID_Select(10, 1) [ RunTime:0.0006s ]
SQL: call WenHuiApartment.proc_UserCollectBookByBookIDUserID_Select(9, 1) [ RunTime:0.0003s ]
SQL: call WenHuiApartment.proc_UserCollectBookByBookIDUserID_Select(8, 1) [ RunTime:0.0003s ]
SQL: call WenHuiApartment.proc_UserCollectBookByBookIDUserID_Select(7, 1) [ RunTime:0.0004s ]
SQL: call WenHuiApartment.proc_UserCollectBookByBookIDUserID_Select(6, 1) [ RunTime:0.0002s ]
SQL: call WenHuiApartment.proc_UserCollectBookByBookIDUserID_Select(5, 1) [ RunTime:0.0003s ]
SQL: call WenHuiApartment.proc_UserCollectBookByBookIDUserID_Select(4, 1) [ RunTime:0.0003s ]
SQL: call WenHuiApartment.proc_UserCollectBookByBookIDUserID_Select(3, 1) [ RunTime:0.0002s ]
SQL: call WenHuiApartment.proc_UserCollectBookByBookIDUserID_Select(2, 1) [ RunTime:0.0002s ]
SQL: call WenHuiApartment.proc_UserCollectBookByBookIDUserID_Select(1, 1) [ RunTime:0.0002s ]
INFO: [ app_end ] --START--
INFO: Run Behavior\ShowPageTraceBehavior [ RunTime:0.000527s ]
INFO: [ app_end ] --END-- [ RunTime:0.000568s ]

[ 2016-03-22T10:38:35+08:00 ] ::1 /1.0/Application/Home/Images/Cover/cover_8.png
INFO: [ app_init ] --START--
INFO: Run Behavior\BuildLiteBehavior [ RunTime:0.000017s ]
INFO: [ app_init ] --END-- [ RunTime:0.000501s ]

[ 2016-03-22T10:38:35+08:00 ] ::1 /1.0/Application/Home/Images/Cover/cover_10.png
INFO: [ app_init ] --START--
INFO: Run Behavior\BuildLiteBehavior [ RunTime:0.000012s ]
INFO: [ app_init ] --END-- [ RunTime:0.000392s ]

[ 2016-03-22T10:38:35+08:00 ] ::1 /1.0/Application/Home/Images/Cover/cover_9.png
INFO: [ app_init ] --START--
INFO: Run Behavior\BuildLiteBehavior [ RunTime:0.000018s ]
INFO: [ app_init ] --END-- [ RunTime:0.000490s ]

[ 2016-03-22T10:43:32+08:00 ] ::1 /1.0/common/getField
INFO: [ app_init ] --START--
INFO: Run Behavior\BuildLiteBehavior [ RunTime:0.000016s ]
INFO: [ app_init ] --END-- [ RunTime:0.000638s ]
INFO: [ app_begin ] --START--
INFO: Run Behavior\ReadHtmlCacheBehavior [ RunTime:0.000466s ]
INFO: [ app_begin ] --END-- [ RunTime:0.000521s ]
SQL: SHOW COLUMNS FROM `t_field` [ RunTime:0.0615s ]
SQL: SELECT * FROM `t_field`  [ RunTime:0.0003s ]
INFO: [ app_end ] --START--
INFO: Run Behavior\ShowPageTraceBehavior [ RunTime:0.000844s ]
INFO: [ app_end ] --END-- [ RunTime:0.000921s ]

[ 2016-03-22T10:43:32+08:00 ] ::1 /1.0/library/getBookBySearchTextSortMethodFieldID
INFO: [ app_init ] --START--
INFO: Run Behavior\BuildLiteBehavior [ RunTime:0.000016s ]
INFO: [ app_init ] --END-- [ RunTime:0.000638s ]
INFO: [ app_begin ] --START--
INFO: Run Behavior\ReadHtmlCacheBehavior [ RunTime:0.000711s ]
INFO: [ app_begin ] --END-- [ RunTime:0.000755s ]
SQL: call WenHuiApartment.proc_Book_SelectByMultiCondition('%%', 0, 0, 0, 10); [ RunTime:0.0630s ]
SQL: call WenHuiApartment.proc_UserCollectBookByBookIDUserID_Select(10, 1) [ RunTime:0.0004s ]
SQL: call WenHuiApartment.proc_UserCollectBookByBookIDUserID_Select(9, 1) [ RunTime:0.0003s ]
SQL: call WenHuiApartment.proc_UserCollectBookByBookIDUserID_Select(8, 1) [ RunTime:0.0003s ]
SQL: call WenHuiApartment.proc_UserCollectBookByBookIDUserID_Select(7, 1) [ RunTime:0.0003s ]
SQL: call WenHuiApartment.proc_UserCollectBookByBookIDUserID_Select(6, 1) [ RunTime:0.0002s ]
SQL: call WenHuiApartment.proc_UserCollectBookByBookIDUserID_Select(5, 1) [ RunTime:0.0003s ]
SQL: call WenHuiApartment.proc_UserCollectBookByBookIDUserID_Select(4, 1) [ RunTime:0.0002s ]
SQL: call WenHuiApartment.proc_UserCollectBookByBookIDUserID_Select(3, 1) [ RunTime:0.0002s ]
SQL: call WenHuiApartment.proc_UserCollectBookByBookIDUserID_Select(2, 1) [ RunTime:0.0003s ]
SQL: call WenHuiApartment.proc_UserCollectBookByBookIDUserID_Select(1, 1) [ RunTime:0.0003s ]
INFO: [ app_end ] --START--
INFO: Run Behavior\ShowPageTraceBehavior [ RunTime:0.000532s ]
INFO: [ app_end ] --END-- [ RunTime:0.000581s ]

[ 2016-03-22T10:43:32+08:00 ] ::1 /1.0/Application/Home/Images/Cover/cover_10.png
INFO: [ app_init ] --START--
INFO: Run Behavior\BuildLiteBehavior [ RunTime:0.000027s ]
INFO: [ app_init ] --END-- [ RunTime:0.000429s ]

[ 2016-03-22T10:43:32+08:00 ] ::1 /1.0/Application/Home/Images/Cover/cover_9.png
INFO: [ app_init ] --START--
INFO: Run Behavior\BuildLiteBehavior [ RunTime:0.000017s ]
INFO: [ app_init ] --END-- [ RunTime:0.000478s ]

[ 2016-03-22T10:43:32+08:00 ] ::1 /1.0/Application/Home/Images/Cover/cover_8.png
INFO: [ app_init ] --START--
INFO: Run Behavior\BuildLiteBehavior [ RunTime:0.000019s ]
INFO: [ app_init ] --END-- [ RunTime:0.000549s ]

[ 2016-03-22T11:00:18+08:00 ] ::1 /1.0/activity/getCurrThesis
INFO: [ app_init ] --START--
INFO: Run Behavior\BuildLiteBehavior [ RunTime:0.000014s ]
INFO: [ app_init ] --END-- [ RunTime:0.000576s ]
INFO: [ app_begin ] --START--
INFO: Run Behavior\ReadHtmlCacheBehavior [ RunTime:0.000802s ]
INFO: [ app_begin ] --END-- [ RunTime:0.000860s ]
SQL: call WenHuiApartment.proc_Z_ThesisByThesisState_Select() [ RunTime:0.0040s ]
SQL: call WenHuiApartment.proc_UserCollectThesisBythesisIDUserID_Select(1, 1) [ RunTime:0.0018s ]
SQL: call WenHuiApartment.proc_ArgumentByBelong_Select(1, 0, 1) [ RunTime:0.0020s ]
SQL: call WenHuiApartment.proc_UserSupportArgumentByArgumentIDUserID_Select(36, 1) [ RunTime:0.0023s ]
SQL: call WenHuiApartment.proc_ArgumentByBelong_Select(0, 0, 1) [ RunTime:0.0009s ]
SQL: call WenHuiApartment.proc_UserSupportArgumentByArgumentIDUserID_Select(34, 1) [ RunTime:0.0004s ]
INFO: [ app_end ] --START--
INFO: Run Behavior\ShowPageTraceBehavior [ RunTime:0.001390s ]
INFO: [ app_end ] --END-- [ RunTime:0.001507s ]

[ 2016-03-22T11:00:18+08:00 ] ::1 /1.0/activity/getCoupletBySortMethod
INFO: [ app_init ] --START--
INFO: Run Behavior\BuildLiteBehavior [ RunTime:0.000016s ]
INFO: [ app_init ] --END-- [ RunTime:0.001156s ]
INFO: [ app_begin ] --START--
INFO: Run Behavior\ReadHtmlCacheBehavior [ RunTime:0.000473s ]
INFO: [ app_begin ] --END-- [ RunTime:0.000525s ]
SQL: call WenHuiApartment.proc_Couplet_SelectByMultiCondition(0, 0, 10) [ RunTime:0.0055s ]
SQL: call WenHuiApartment.proc_UserSupportCoupletByCoupletIDUserID_Select(31, 1) [ RunTime:0.0035s ]
SQL: call WenHuiApartment.proc_UserCollectCoupletByCoupletIDUserID_Select(31, 1) [ RunTime:0.0033s ]
SQL: call WenHuiApartment.proc_UserSupportCoupletByCoupletIDUserID_Select(30, 1) [ RunTime:0.0003s ]
SQL: call WenHuiApartment.proc_UserCollectCoupletByCoupletIDUserID_Select(30, 1) [ RunTime:0.0002s ]
SQL: call WenHuiApartment.proc_UserSupportCoupletByCoupletIDUserID_Select(29, 1) [ RunTime:0.0002s ]
SQL: call WenHuiApartment.proc_UserCollectCoupletByCoupletIDUserID_Select(29, 1) [ RunTime:0.0002s ]
SQL: call WenHuiApartment.proc_UserSupportCoupletByCoupletIDUserID_Select(28, 1) [ RunTime:0.0002s ]
SQL: call WenHuiApartment.proc_UserCollectCoupletByCoupletIDUserID_Select(28, 1) [ RunTime:0.0002s ]
SQL: call WenHuiApartment.proc_UserSupportCoupletByCoupletIDUserID_Select(27, 1) [ RunTime:0.0002s ]
SQL: call WenHuiApartment.proc_UserCollectCoupletByCoupletIDUserID_Select(27, 1) [ RunTime:0.0002s ]
SQL: call WenHuiApartment.proc_UserSupportCoupletByCoupletIDUserID_Select(26, 1) [ RunTime:0.0002s ]
SQL: call WenHuiApartment.proc_UserCollectCoupletByCoupletIDUserID_Select(26, 1) [ RunTime:0.0002s ]
SQL: call WenHuiApartment.proc_UserSupportCoupletByCoupletIDUserID_Select(25, 1) [ RunTime:0.0002s ]
SQL: call WenHuiApartment.proc_UserCollectCoupletByCoupletIDUserID_Select(25, 1) [ RunTime:0.0002s ]
SQL: call WenHuiApartment.proc_UserSupportCoupletByCoupletIDUserID_Select(24, 1) [ RunTime:0.0002s ]
SQL: call WenHuiApartment.proc_UserCollectCoupletByCoupletIDUserID_Select(24, 1) [ RunTime:0.0002s ]
SQL: call WenHuiApartment.proc_UserSupportCoupletByCoupletIDUserID_Select(23, 1) [ RunTime:0.0002s ]
SQL: call WenHuiApartment.proc_UserCollectCoupletByCoupletIDUserID_Select(23, 1) [ RunTime:0.0002s ]
SQL: call WenHuiApartment.proc_UserSupportCoupletByCoupletIDUserID_Select(22, 1) [ RunTime:0.0002s ]
SQL: call WenHuiApartment.proc_UserCollectCoupletByCoupletIDUserID_Select(22, 1) [ RunTime:0.0002s ]
INFO: [ app_end ] --START--
INFO: Run Behavior\ShowPageTraceBehavior [ RunTime:0.000512s ]
INFO: [ app_end ] --END-- [ RunTime:0.000550s ]

[ 2016-03-22T11:09:58+08:00 ] ::1 /1.0/library/getBookBySearchTextSortMethodFieldID
INFO: [ app_init ] --START--
INFO: Run Behavior\BuildLiteBehavior [ RunTime:0.000016s ]
INFO: [ app_init ] --END-- [ RunTime:0.000375s ]
INFO: [ app_begin ] --START--
INFO: Run Behavior\ReadHtmlCacheBehavior [ RunTime:0.000496s ]
INFO: [ app_begin ] --END-- [ RunTime:0.000546s ]
SQL: call WenHuiApartment.proc_Book_SelectByMultiCondition('%%', 0, 0, 0, 10); [ RunTime:0.0048s ]
SQL: call WenHuiApartment.proc_UserCollectBookByBookIDUserID_Select(10, 1) [ RunTime:0.0005s ]
SQL: call WenHuiApartment.proc_UserCollectBookByBookIDUserID_Select(9, 1) [ RunTime:0.0002s ]
SQL: call WenHuiApartment.proc_UserCollectBookByBookIDUserID_Select(8, 1) [ RunTime:0.0002s ]
SQL: call WenHuiApartment.proc_UserCollectBookByBookIDUserID_Select(7, 1) [ RunTime:0.0002s ]
SQL: call WenHuiApartment.proc_UserCollectBookByBookIDUserID_Select(6, 1) [ RunTime:0.0002s ]
SQL: call WenHuiApartment.proc_UserCollectBookByBookIDUserID_Select(5, 1) [ RunTime:0.0002s ]
SQL: call WenHuiApartment.proc_UserCollectBookByBookIDUserID_Select(4, 1) [ RunTime:0.0002s ]
SQL: call WenHuiApartment.proc_UserCollectBookByBookIDUserID_Select(3, 1) [ RunTime:0.0002s ]
SQL: call WenHuiApartment.proc_UserCollectBookByBookIDUserID_Select(2, 1) [ RunTime:0.0002s ]
SQL: call WenHuiApartment.proc_UserCollectBookByBookIDUserID_Select(1, 1) [ RunTime:0.0002s ]
INFO: [ app_end ] --START--
INFO: Run Behavior\ShowPageTraceBehavior [ RunTime:0.000470s ]
INFO: [ app_end ] --END-- [ RunTime:0.000506s ]

[ 2016-03-22T11:09:58+08:00 ] ::1 /1.0/common/getField
INFO: [ app_init ] --START--
INFO: Run Behavior\BuildLiteBehavior [ RunTime:0.000009s ]
INFO: [ app_init ] --END-- [ RunTime:0.000268s ]
INFO: [ app_begin ] --START--
INFO: Run Behavior\ReadHtmlCacheBehavior [ RunTime:0.000349s ]
INFO: [ app_begin ] --END-- [ RunTime:0.000385s ]
SQL: SHOW COLUMNS FROM `t_field` [ RunTime:0.0673s ]
SQL: SELECT * FROM `t_field`  [ RunTime:0.0002s ]
INFO: [ app_end ] --START--
INFO: Run Behavior\ShowPageTraceBehavior [ RunTime:0.000555s ]
INFO: [ app_end ] --END-- [ RunTime:0.000598s ]

[ 2016-03-22T11:09:59+08:00 ] ::1 /1.0/Application/Home/Images/Cover/cover_9.png
INFO: [ app_init ] --START--
INFO: Run Behavior\BuildLiteBehavior [ RunTime:0.000018s ]
INFO: [ app_init ] --END-- [ RunTime:0.000436s ]

[ 2016-03-22T11:09:59+08:00 ] ::1 /1.0/Application/Home/Images/Cover/cover_8.png
INFO: [ app_init ] --START--
INFO: Run Behavior\BuildLiteBehavior [ RunTime:0.000014s ]
INFO: [ app_init ] --END-- [ RunTime:0.000406s ]

[ 2016-03-22T11:09:59+08:00 ] ::1 /1.0/Application/Home/Images/Cover/cover_10.png
INFO: [ app_init ] --START--
INFO: Run Behavior\BuildLiteBehavior [ RunTime:0.000014s ]
INFO: [ app_init ] --END-- [ RunTime:0.000408s ]

[ 2016-03-22T11:42:46+08:00 ] ::1 /1.0/common/getField
INFO: [ app_init ] --START--
INFO: Run Behavior\BuildLiteBehavior [ RunTime:0.000013s ]
INFO: [ app_init ] --END-- [ RunTime:0.001025s ]
INFO: [ app_begin ] --START--
INFO: Run Behavior\ReadHtmlCacheBehavior [ RunTime:0.000476s ]
INFO: [ app_begin ] --END-- [ RunTime:0.000546s ]
SQL: SHOW COLUMNS FROM `t_field` [ RunTime:0.0576s ]
SQL: SELECT * FROM `t_field`  [ RunTime:0.0003s ]
INFO: [ app_end ] --START--
INFO: Run Behavior\ShowPageTraceBehavior [ RunTime:0.000896s ]
INFO: [ app_end ] --END-- [ RunTime:0.000957s ]

[ 2016-03-22T11:42:46+08:00 ] ::1 /1.0/library/getBookBySearchTextSortMethodFieldID
INFO: [ app_init ] --START--
INFO: Run Behavior\BuildLiteBehavior [ RunTime:0.000013s ]
INFO: [ app_init ] --END-- [ RunTime:0.000538s ]
INFO: [ app_begin ] --START--
INFO: Run Behavior\ReadHtmlCacheBehavior [ RunTime:0.000568s ]
INFO: [ app_begin ] --END-- [ RunTime:0.000610s ]
SQL: call WenHuiApartment.proc_Book_SelectByMultiCondition('%%', 0, 0, 0, 10); [ RunTime:0.0592s ]
SQL: call WenHuiApartment.proc_UserCollectBookByBookIDUserID_Select(10, 1) [ RunTime:0.0004s ]
SQL: call WenHuiApartment.proc_UserCollectBookByBookIDUserID_Select(9, 1) [ RunTime:0.0004s ]
SQL: call WenHuiApartment.proc_UserCollectBookByBookIDUserID_Select(8, 1) [ RunTime:0.0003s ]
SQL: call WenHuiApartment.proc_UserCollectBookByBookIDUserID_Select(7, 1) [ RunTime:0.0003s ]
SQL: call WenHuiApartment.proc_UserCollectBookByBookIDUserID_Select(6, 1) [ RunTime:0.0002s ]
SQL: call WenHuiApartment.proc_UserCollectBookByBookIDUserID_Select(5, 1) [ RunTime:0.0002s ]
SQL: call WenHuiApartment.proc_UserCollectBookByBookIDUserID_Select(4, 1) [ RunTime:0.0002s ]
SQL: call WenHuiApartment.proc_UserCollectBookByBookIDUserID_Select(3, 1) [ RunTime:0.0002s ]
SQL: call WenHuiApartment.proc_UserCollectBookByBookIDUserID_Select(2, 1) [ RunTime:0.0002s ]
SQL: call WenHuiApartment.proc_UserCollectBookByBookIDUserID_Select(1, 1) [ RunTime:0.0002s ]
INFO: [ app_end ] --START--
INFO: Run Behavior\ShowPageTraceBehavior [ RunTime:0.000538s ]
INFO: [ app_end ] --END-- [ RunTime:0.000577s ]

[ 2016-03-22T11:42:46+08:00 ] ::1 /1.0/Application/Home/Images/Cover/cover_9.png
INFO: [ app_init ] --START--
INFO: Run Behavior\BuildLiteBehavior [ RunTime:0.000018s ]
INFO: [ app_init ] --END-- [ RunTime:0.000505s ]

[ 2016-03-22T11:42:46+08:00 ] ::1 /1.0/Application/Home/Images/Cover/cover_10.png
INFO: [ app_init ] --START--
INFO: Run Behavior\BuildLiteBehavior [ RunTime:0.000012s ]
INFO: [ app_init ] --END-- [ RunTime:0.000441s ]

[ 2016-03-22T11:42:46+08:00 ] ::1 /1.0/Application/Home/Images/Cover/cover_8.png
INFO: [ app_init ] --START--
INFO: Run Behavior\BuildLiteBehavior [ RunTime:0.000019s ]
INFO: [ app_init ] --END-- [ RunTime:0.000600s ]

[ 2016-03-22T16:47:11+08:00 ] ::1 /1.0/common/getField
INFO: [ app_init ] --START--
INFO: Run Behavior\BuildLiteBehavior [ RunTime:0.000012s ]
INFO: [ app_init ] --END-- [ RunTime:0.000504s ]
INFO: [ app_begin ] --START--
INFO: Run Behavior\ReadHtmlCacheBehavior [ RunTime:0.000377s ]
INFO: [ app_begin ] --END-- [ RunTime:0.000419s ]
SQL: SHOW COLUMNS FROM `t_field` [ RunTime:0.0497s ]
SQL: SELECT * FROM `t_field`  [ RunTime:0.0004s ]
INFO: [ app_end ] --START--
INFO: Run Behavior\ShowPageTraceBehavior [ RunTime:0.001411s ]
INFO: [ app_end ] --END-- [ RunTime:0.001538s ]

[ 2016-03-22T16:47:11+08:00 ] ::1 /1.0/library/getBookBySearchTextSortMethodFieldID
INFO: [ app_init ] --START--
INFO: Run Behavior\BuildLiteBehavior [ RunTime:0.000010s ]
INFO: [ app_init ] --END-- [ RunTime:0.000967s ]
INFO: [ app_begin ] --START--
INFO: Run Behavior\ReadHtmlCacheBehavior [ RunTime:0.001136s ]
INFO: [ app_begin ] --END-- [ RunTime:0.001178s ]
SQL: call WenHuiApartment.proc_Book_SelectByMultiCondition('%%', 0, 0, 0, 10); [ RunTime:0.0526s ]
SQL: call WenHuiApartment.proc_UserCollectBookByBookIDUserID_Select(10, 1) [ RunTime:0.0007s ]
SQL: call WenHuiApartment.proc_UserCollectBookByBookIDUserID_Select(9, 1) [ RunTime:0.0003s ]
SQL: call WenHuiApartment.proc_UserCollectBookByBookIDUserID_Select(8, 1) [ RunTime:0.0004s ]
SQL: call WenHuiApartment.proc_UserCollectBookByBookIDUserID_Select(7, 1) [ RunTime:0.0003s ]
SQL: call WenHuiApartment.proc_UserCollectBookByBookIDUserID_Select(6, 1) [ RunTime:0.0003s ]
SQL: call WenHuiApartment.proc_UserCollectBookByBookIDUserID_Select(5, 1) [ RunTime:0.0002s ]
SQL: call WenHuiApartment.proc_UserCollectBookByBookIDUserID_Select(4, 1) [ RunTime:0.0003s ]
SQL: call WenHuiApartment.proc_UserCollectBookByBookIDUserID_Select(3, 1) [ RunTime:0.0003s ]
SQL: call WenHuiApartment.proc_UserCollectBookByBookIDUserID_Select(2, 1) [ RunTime:0.0003s ]
SQL: call WenHuiApartment.proc_UserCollectBookByBookIDUserID_Select(1, 1) [ RunTime:0.0002s ]
INFO: [ app_end ] --START--
INFO: Run Behavior\ShowPageTraceBehavior [ RunTime:0.000562s ]
INFO: [ app_end ] --END-- [ RunTime:0.000606s ]

[ 2016-03-22T16:47:11+08:00 ] ::1 /1.0/Application/Home/Images/Cover/cover_10.png
INFO: [ app_init ] --START--
INFO: Run Behavior\BuildLiteBehavior [ RunTime:0.000017s ]
INFO: [ app_init ] --END-- [ RunTime:0.000504s ]

[ 2016-03-22T16:47:11+08:00 ] ::1 /1.0/Application/Home/Images/Cover/cover_9.png
INFO: [ app_init ] --START--
INFO: Run Behavior\BuildLiteBehavior [ RunTime:0.000020s ]
INFO: [ app_init ] --END-- [ RunTime:0.000527s ]

[ 2016-03-22T16:47:11+08:00 ] ::1 /1.0/Application/Home/Images/Cover/cover_8.png
INFO: [ app_init ] --START--
INFO: Run Behavior\BuildLiteBehavior [ RunTime:0.000012s ]
INFO: [ app_init ] --END-- [ RunTime:0.000307s ]

[ 2016-03-22T16:47:38+08:00 ] ::1 /1.0/common/getField
INFO: [ app_init ] --START--
INFO: Run Behavior\BuildLiteBehavior [ RunTime:0.000015s ]
INFO: [ app_init ] --END-- [ RunTime:0.000649s ]
INFO: [ app_begin ] --START--
INFO: Run Behavior\ReadHtmlCacheBehavior [ RunTime:0.000779s ]
INFO: [ app_begin ] --END-- [ RunTime:0.000845s ]
SQL: SHOW COLUMNS FROM `t_field` [ RunTime:0.0412s ]
SQL: SELECT * FROM `t_field`  [ RunTime:0.0004s ]
INFO: [ app_end ] --START--
INFO: Run Behavior\ShowPageTraceBehavior [ RunTime:0.001013s ]
INFO: [ app_end ] --END-- [ RunTime:0.001106s ]

[ 2016-03-22T16:47:38+08:00 ] ::1 /1.0/library/getBookBySearchTextSortMethodFieldID
INFO: [ app_init ] --START--
INFO: Run Behavior\BuildLiteBehavior [ RunTime:0.000015s ]
INFO: [ app_init ] --END-- [ RunTime:0.000551s ]
INFO: [ app_begin ] --START--
INFO: Run Behavior\ReadHtmlCacheBehavior [ RunTime:0.000779s ]
INFO: [ app_begin ] --END-- [ RunTime:0.000845s ]
SQL: call WenHuiApartment.proc_Book_SelectByMultiCondition('%%', 0, 0, 0, 10); [ RunTime:0.0426s ]
SQL: call WenHuiApartment.proc_UserCollectBookByBookIDUserID_Select(10, 1) [ RunTime:0.0009s ]
SQL: call WenHuiApartment.proc_UserCollectBookByBookIDUserID_Select(9, 1) [ RunTime:0.0004s ]
SQL: call WenHuiApartment.proc_UserCollectBookByBookIDUserID_Select(8, 1) [ RunTime:0.0005s ]
SQL: call WenHuiApartment.proc_UserCollectBookByBookIDUserID_Select(7, 1) [ RunTime:0.0004s ]
SQL: call WenHuiApartment.proc_UserCollectBookByBookIDUserID_Select(6, 1) [ RunTime:0.0004s ]
SQL: call WenHuiApartment.proc_UserCollectBookByBookIDUserID_Select(5, 1) [ RunTime:0.0005s ]
SQL: call WenHuiApartment.proc_UserCollectBookByBookIDUserID_Select(4, 1) [ RunTime:0.0003s ]
SQL: call WenHuiApartment.proc_UserCollectBookByBookIDUserID_Select(3, 1) [ RunTime:0.0002s ]
SQL: call WenHuiApartment.proc_UserCollectBookByBookIDUserID_Select(2, 1) [ RunTime:0.0002s ]
SQL: call WenHuiApartment.proc_UserCollectBookByBookIDUserID_Select(1, 1) [ RunTime:0.0009s ]
INFO: [ app_end ] --START--
INFO: Run Behavior\ShowPageTraceBehavior [ RunTime:0.000691s ]
INFO: [ app_end ] --END-- [ RunTime:0.000745s ]

[ 2016-03-22T16:47:38+08:00 ] ::1 /1.0/Application/Home/Images/Cover/cover_10.png
INFO: [ app_init ] --START--
INFO: Run Behavior\BuildLiteBehavior [ RunTime:0.000011s ]
INFO: [ app_init ] --END-- [ RunTime:0.000372s ]

[ 2016-03-22T16:47:38+08:00 ] ::1 /1.0/Application/Home/Images/Cover/cover_9.png
INFO: [ app_init ] --START--
INFO: Run Behavior\BuildLiteBehavior [ RunTime:0.000013s ]
INFO: [ app_init ] --END-- [ RunTime:0.000534s ]

[ 2016-03-22T16:47:38+08:00 ] ::1 /1.0/Application/Home/Images/Cover/cover_8.png
INFO: [ app_init ] --START--
INFO: Run Behavior\BuildLiteBehavior [ RunTime:0.000018s ]
INFO: [ app_init ] --END-- [ RunTime:0.000441s ]

[ 2016-03-22T17:00:00+08:00 ] ::1 /1.0/common/getField
INFO: [ app_init ] --START--
INFO: Run Behavior\BuildLiteBehavior [ RunTime:0.000012s ]
INFO: [ app_init ] --END-- [ RunTime:0.001020s ]
INFO: [ app_begin ] --START--
INFO: Run Behavior\ReadHtmlCacheBehavior [ RunTime:0.000464s ]
INFO: [ app_begin ] --END-- [ RunTime:0.000528s ]
SQL: SHOW COLUMNS FROM `t_field` [ RunTime:0.0282s ]
SQL: SELECT * FROM `t_field`  [ RunTime:0.0003s ]
INFO: [ app_end ] --START--
INFO: Run Behavior\ShowPageTraceBehavior [ RunTime:0.000954s ]
INFO: [ app_end ] --END-- [ RunTime:0.001010s ]

[ 2016-03-22T17:00:00+08:00 ] ::1 /1.0/library/getBookBySearchTextSortMethodFieldID
INFO: [ app_init ] --START--
INFO: Run Behavior\BuildLiteBehavior [ RunTime:0.000011s ]
INFO: [ app_init ] --END-- [ RunTime:0.000522s ]
INFO: [ app_begin ] --START--
INFO: Run Behavior\ReadHtmlCacheBehavior [ RunTime:0.000569s ]
INFO: [ app_begin ] --END-- [ RunTime:0.000609s ]
SQL: call WenHuiApartment.proc_Book_SelectByMultiCondition('%%', 0, 0, 0, 10); [ RunTime:0.0299s ]
SQL: call WenHuiApartment.proc_UserCollectBookByBookIDUserID_Select(10, 1) [ RunTime:0.0004s ]
SQL: call WenHuiApartment.proc_UserCollectBookByBookIDUserID_Select(9, 1) [ RunTime:0.0003s ]
SQL: call WenHuiApartment.proc_UserCollectBookByBookIDUserID_Select(8, 1) [ RunTime:0.0004s ]
SQL: call WenHuiApartment.proc_UserCollectBookByBookIDUserID_Select(7, 1) [ RunTime:0.0003s ]
SQL: call WenHuiApartment.proc_UserCollectBookByBookIDUserID_Select(6, 1) [ RunTime:0.0002s ]
SQL: call WenHuiApartment.proc_UserCollectBookByBookIDUserID_Select(5, 1) [ RunTime:0.0002s ]
SQL: call WenHuiApartment.proc_UserCollectBookByBookIDUserID_Select(4, 1) [ RunTime:0.0002s ]
SQL: call WenHuiApartment.proc_UserCollectBookByBookIDUserID_Select(3, 1) [ RunTime:0.0003s ]
SQL: call WenHuiApartment.proc_UserCollectBookByBookIDUserID_Select(2, 1) [ RunTime:0.0002s ]
SQL: call WenHuiApartment.proc_UserCollectBookByBookIDUserID_Select(1, 1) [ RunTime:0.0002s ]
INFO: [ app_end ] --START--
INFO: Run Behavior\ShowPageTraceBehavior [ RunTime:0.000529s ]
INFO: [ app_end ] --END-- [ RunTime:0.000571s ]

[ 2016-03-22T17:00:01+08:00 ] ::1 /1.0/Application/Home/Images/Cover/cover_10.png
INFO: [ app_init ] --START--
INFO: Run Behavior\BuildLiteBehavior [ RunTime:0.000017s ]
INFO: [ app_init ] --END-- [ RunTime:0.000475s ]

[ 2016-03-22T17:00:01+08:00 ] ::1 /1.0/Application/Home/Images/Cover/cover_9.png
INFO: [ app_init ] --START--
INFO: Run Behavior\BuildLiteBehavior [ RunTime:0.000020s ]
INFO: [ app_init ] --END-- [ RunTime:0.000624s ]

[ 2016-03-22T17:00:01+08:00 ] ::1 /1.0/Application/Home/Images/Cover/cover_8.png
INFO: [ app_init ] --START--
INFO: Run Behavior\BuildLiteBehavior [ RunTime:0.000017s ]
INFO: [ app_init ] --END-- [ RunTime:0.000444s ]

[ 2016-03-22T17:01:50+08:00 ] ::1 /1.0/library/getBookBySearchTextSortMethodFieldID
INFO: [ app_init ] --START--
INFO: Run Behavior\BuildLiteBehavior [ RunTime:0.000016s ]
INFO: [ app_init ] --END-- [ RunTime:0.000627s ]
INFO: [ app_begin ] --START--
INFO: Run Behavior\ReadHtmlCacheBehavior [ RunTime:0.000636s ]
INFO: [ app_begin ] --END-- [ RunTime:0.000690s ]
SQL: call WenHuiApartment.proc_Book_SelectByMultiCondition('%%', 0, 0, 0, 10); [ RunTime:0.0350s ]
SQL: call WenHuiApartment.proc_UserCollectBookByBookIDUserID_Select(10, 1) [ RunTime:0.0007s ]
SQL: call WenHuiApartment.proc_UserCollectBookByBookIDUserID_Select(9, 1) [ RunTime:0.0004s ]
SQL: call WenHuiApartment.proc_UserCollectBookByBookIDUserID_Select(8, 1) [ RunTime:0.0003s ]
SQL: call WenHuiApartment.proc_UserCollectBookByBookIDUserID_Select(7, 1) [ RunTime:0.0003s ]
SQL: call WenHuiApartment.proc_UserCollectBookByBookIDUserID_Select(6, 1) [ RunTime:0.0003s ]
SQL: call WenHuiApartment.proc_UserCollectBookByBookIDUserID_Select(5, 1) [ RunTime:0.0003s ]
SQL: call WenHuiApartment.proc_UserCollectBookByBookIDUserID_Select(4, 1) [ RunTime:0.0003s ]
SQL: call WenHuiApartment.proc_UserCollectBookByBookIDUserID_Select(3, 1) [ RunTime:0.0003s ]
SQL: call WenHuiApartment.proc_UserCollectBookByBookIDUserID_Select(2, 1) [ RunTime:0.0003s ]
SQL: call WenHuiApartment.proc_UserCollectBookByBookIDUserID_Select(1, 1) [ RunTime:0.0003s ]
INFO: [ app_end ] --START--
INFO: Run Behavior\ShowPageTraceBehavior [ RunTime:0.001180s ]
INFO: [ app_end ] --END-- [ RunTime:0.001292s ]

[ 2016-03-22T17:01:50+08:00 ] ::1 /1.0/common/getField
INFO: [ app_init ] --START--
INFO: Run Behavior\BuildLiteBehavior [ RunTime:0.000016s ]
INFO: [ app_init ] --END-- [ RunTime:0.000626s ]
INFO: [ app_begin ] --START--
INFO: Run Behavior\ReadHtmlCacheBehavior [ RunTime:0.000660s ]
INFO: [ app_begin ] --END-- [ RunTime:0.000712s ]
SQL: SHOW COLUMNS FROM `t_field` [ RunTime:0.0718s ]
SQL: SELECT * FROM `t_field`  [ RunTime:0.0003s ]
INFO: [ app_end ] --START--
INFO: Run Behavior\ShowPageTraceBehavior [ RunTime:0.000508s ]
INFO: [ app_end ] --END-- [ RunTime:0.000547s ]

[ 2016-03-22T17:01:50+08:00 ] ::1 /1.0/Application/Home/Images/Cover/cover_9.png
INFO: [ app_init ] --START--
INFO: Run Behavior\BuildLiteBehavior [ RunTime:0.000054s ]
INFO: [ app_init ] --END-- [ RunTime:0.000995s ]

[ 2016-03-22T17:01:50+08:00 ] ::1 /1.0/Application/Home/Images/Cover/cover_10.png
INFO: [ app_init ] --START--
INFO: Run Behavior\BuildLiteBehavior [ RunTime:0.000018s ]
INFO: [ app_init ] --END-- [ RunTime:0.000563s ]

[ 2016-03-22T17:01:50+08:00 ] ::1 /1.0/Application/Home/Images/Cover/cover_8.png
INFO: [ app_init ] --START--
INFO: Run Behavior\BuildLiteBehavior [ RunTime:0.000019s ]
INFO: [ app_init ] --END-- [ RunTime:0.000507s ]

[ 2016-03-22T17:08:49+08:00 ] ::1 /1.0/common/getField
INFO: [ app_init ] --START--
INFO: Run Behavior\BuildLiteBehavior [ RunTime:0.000015s ]
INFO: [ app_init ] --END-- [ RunTime:0.000631s ]
INFO: [ app_begin ] --START--
INFO: Run Behavior\ReadHtmlCacheBehavior [ RunTime:0.000713s ]
INFO: [ app_begin ] --END-- [ RunTime:0.000762s ]
SQL: SHOW COLUMNS FROM `t_field` [ RunTime:0.0597s ]
SQL: SELECT * FROM `t_field`  [ RunTime:0.0002s ]
INFO: [ app_end ] --START--
INFO: Run Behavior\ShowPageTraceBehavior [ RunTime:0.000791s ]
INFO: [ app_end ] --END-- [ RunTime:0.000834s ]

[ 2016-03-22T17:08:49+08:00 ] ::1 /1.0/library/getBookBySearchTextSortMethodFieldID
INFO: [ app_init ] --START--
INFO: Run Behavior\BuildLiteBehavior [ RunTime:0.000015s ]
INFO: [ app_init ] --END-- [ RunTime:0.000630s ]
INFO: [ app_begin ] --START--
INFO: Run Behavior\ReadHtmlCacheBehavior [ RunTime:0.000652s ]
INFO: [ app_begin ] --END-- [ RunTime:0.000707s ]
SQL: call WenHuiApartment.proc_Book_SelectByMultiCondition('%%', 0, 0, 0, 10); [ RunTime:0.0604s ]
SQL: call WenHuiApartment.proc_UserCollectBookByBookIDUserID_Select(10, 1) [ RunTime:0.0004s ]
SQL: call WenHuiApartment.proc_UserCollectBookByBookIDUserID_Select(9, 1) [ RunTime:0.0002s ]
SQL: call WenHuiApartment.proc_UserCollectBookByBookIDUserID_Select(8, 1) [ RunTime:0.0002s ]
SQL: call WenHuiApartment.proc_UserCollectBookByBookIDUserID_Select(7, 1) [ RunTime:0.0003s ]
SQL: call WenHuiApartment.proc_UserCollectBookByBookIDUserID_Select(6, 1) [ RunTime:0.0003s ]
SQL: call WenHuiApartment.proc_UserCollectBookByBookIDUserID_Select(5, 1) [ RunTime:0.0003s ]
SQL: call WenHuiApartment.proc_UserCollectBookByBookIDUserID_Select(4, 1) [ RunTime:0.0003s ]
SQL: call WenHuiApartment.proc_UserCollectBookByBookIDUserID_Select(3, 1) [ RunTime:0.0002s ]
SQL: call WenHuiApartment.proc_UserCollectBookByBookIDUserID_Select(2, 1) [ RunTime:0.0002s ]
SQL: call WenHuiApartment.proc_UserCollectBookByBookIDUserID_Select(1, 1) [ RunTime:0.0002s ]
INFO: [ app_end ] --START--
INFO: Run Behavior\ShowPageTraceBehavior [ RunTime:0.000758s ]
INFO: [ app_end ] --END-- [ RunTime:0.000825s ]

[ 2016-03-22T17:08:49+08:00 ] ::1 /1.0/Application/Home/Images/Cover/cover_9.png
INFO: [ app_init ] --START--
INFO: Run Behavior\BuildLiteBehavior [ RunTime:0.000017s ]
INFO: [ app_init ] --END-- [ RunTime:0.000474s ]

[ 2016-03-22T17:08:49+08:00 ] ::1 /1.0/Application/Home/Images/Cover/cover_10.png
INFO: [ app_init ] --START--
INFO: Run Behavior\BuildLiteBehavior [ RunTime:0.000010s ]
INFO: [ app_init ] --END-- [ RunTime:0.000344s ]

[ 2016-03-22T17:08:49+08:00 ] ::1 /1.0/Application/Home/Images/Cover/cover_8.png
INFO: [ app_init ] --START--
INFO: Run Behavior\BuildLiteBehavior [ RunTime:0.000033s ]
INFO: [ app_init ] --END-- [ RunTime:0.000630s ]

[ 2016-03-22T17:11:20+08:00 ] ::1 /1.0/common/getField
INFO: [ app_init ] --START--
INFO: Run Behavior\BuildLiteBehavior [ RunTime:0.000016s ]
INFO: [ app_init ] --END-- [ RunTime:0.000627s ]
INFO: [ app_begin ] --START--
INFO: Run Behavior\ReadHtmlCacheBehavior [ RunTime:0.000662s ]
INFO: [ app_begin ] --END-- [ RunTime:0.000718s ]
SQL: SHOW COLUMNS FROM `t_field` [ RunTime:0.0666s ]
SQL: SELECT * FROM `t_field`  [ RunTime:0.0004s ]
INFO: [ app_end ] --START--
INFO: Run Behavior\ShowPageTraceBehavior [ RunTime:0.000901s ]
INFO: [ app_end ] --END-- [ RunTime:0.000949s ]

[ 2016-03-22T17:11:20+08:00 ] ::1 /1.0/library/getBookBySearchTextSortMethodFieldID
INFO: [ app_init ] --START--
INFO: Run Behavior\BuildLiteBehavior [ RunTime:0.000016s ]
INFO: [ app_init ] --END-- [ RunTime:0.000627s ]
INFO: [ app_begin ] --START--
INFO: Run Behavior\ReadHtmlCacheBehavior [ RunTime:0.001425s ]
INFO: [ app_begin ] --END-- [ RunTime:0.001477s ]
SQL: call WenHuiApartment.proc_Book_SelectByMultiCondition('%%', 0, 0, 0, 10); [ RunTime:0.0667s ]
SQL: call WenHuiApartment.proc_UserCollectBookByBookIDUserID_Select(10, 1) [ RunTime:0.0007s ]
SQL: call WenHuiApartment.proc_UserCollectBookByBookIDUserID_Select(9, 1) [ RunTime:0.0003s ]
SQL: call WenHuiApartment.proc_UserCollectBookByBookIDUserID_Select(8, 1) [ RunTime:0.0002s ]
SQL: call WenHuiApartment.proc_UserCollectBookByBookIDUserID_Select(7, 1) [ RunTime:0.0002s ]
SQL: call WenHuiApartment.proc_UserCollectBookByBookIDUserID_Select(6, 1) [ RunTime:0.0003s ]
SQL: call WenHuiApartment.proc_UserCollectBookByBookIDUserID_Select(5, 1) [ RunTime:0.0002s ]
SQL: call WenHuiApartment.proc_UserCollectBookByBookIDUserID_Select(4, 1) [ RunTime:0.0003s ]
SQL: call WenHuiApartment.proc_UserCollectBookByBookIDUserID_Select(3, 1) [ RunTime:0.0003s ]
SQL: call WenHuiApartment.proc_UserCollectBookByBookIDUserID_Select(2, 1) [ RunTime:0.0003s ]
SQL: call WenHuiApartment.proc_UserCollectBookByBookIDUserID_Select(1, 1) [ RunTime:0.0002s ]
INFO: [ app_end ] --START--
INFO: Run Behavior\ShowPageTraceBehavior [ RunTime:0.000603s ]
INFO: [ app_end ] --END-- [ RunTime:0.000648s ]

[ 2016-03-22T17:11:20+08:00 ] ::1 /1.0/Application/Home/Images/Cover/cover_9.png
INFO: [ app_init ] --START--
INFO: Run Behavior\BuildLiteBehavior [ RunTime:0.000018s ]
INFO: [ app_init ] --END-- [ RunTime:0.000426s ]

[ 2016-03-22T17:11:20+08:00 ] ::1 /1.0/Application/Home/Images/Cover/cover_8.png
INFO: [ app_init ] --START--
INFO: Run Behavior\BuildLiteBehavior [ RunTime:0.000013s ]
INFO: [ app_init ] --END-- [ RunTime:0.000375s ]

[ 2016-03-22T17:11:20+08:00 ] ::1 /1.0/Application/Home/Images/Cover/cover_10.png
INFO: [ app_init ] --START--
INFO: Run Behavior\BuildLiteBehavior [ RunTime:0.000012s ]
INFO: [ app_init ] --END-- [ RunTime:0.000393s ]

[ 2016-03-22T17:12:41+08:00 ] ::1 /1.0/common/getField
INFO: [ app_init ] --START--
INFO: Run Behavior\BuildLiteBehavior [ RunTime:0.000015s ]
INFO: [ app_init ] --END-- [ RunTime:0.001442s ]
INFO: [ app_begin ] --START--
INFO: Run Behavior\ReadHtmlCacheBehavior [ RunTime:0.000512s ]
INFO: [ app_begin ] --END-- [ RunTime:0.000564s ]
SQL: SHOW COLUMNS FROM `t_field` [ RunTime:0.0422s ]
SQL: SELECT * FROM `t_field`  [ RunTime:0.0005s ]
INFO: [ app_end ] --START--
INFO: Run Behavior\ShowPageTraceBehavior [ RunTime:0.002340s ]
INFO: [ app_end ] --END-- [ RunTime:0.002463s ]

[ 2016-03-22T17:12:41+08:00 ] ::1 /1.0/library/getBookBySearchTextSortMethodFieldID
INFO: [ app_init ] --START--
INFO: Run Behavior\BuildLiteBehavior [ RunTime:0.000015s ]
INFO: [ app_init ] --END-- [ RunTime:0.000391s ]
INFO: [ app_begin ] --START--
INFO: Run Behavior\ReadHtmlCacheBehavior [ RunTime:0.000609s ]
INFO: [ app_begin ] --END-- [ RunTime:0.000660s ]
SQL: call WenHuiApartment.proc_Book_SelectByMultiCondition('%%', 0, 0, 0, 10); [ RunTime:0.0426s ]
SQL: call WenHuiApartment.proc_UserCollectBookByBookIDUserID_Select(10, 1) [ RunTime:0.0005s ]
SQL: call WenHuiApartment.proc_UserCollectBookByBookIDUserID_Select(9, 1) [ RunTime:0.0003s ]
SQL: call WenHuiApartment.proc_UserCollectBookByBookIDUserID_Select(8, 1) [ RunTime:0.0003s ]
SQL: call WenHuiApartment.proc_UserCollectBookByBookIDUserID_Select(7, 1) [ RunTime:0.0003s ]
SQL: call WenHuiApartment.proc_UserCollectBookByBookIDUserID_Select(6, 1) [ RunTime:0.0002s ]
SQL: call WenHuiApartment.proc_UserCollectBookByBookIDUserID_Select(5, 1) [ RunTime:0.0003s ]
SQL: call WenHuiApartment.proc_UserCollectBookByBookIDUserID_Select(4, 1) [ RunTime:0.0003s ]
SQL: call WenHuiApartment.proc_UserCollectBookByBookIDUserID_Select(3, 1) [ RunTime:0.0003s ]
SQL: call WenHuiApartment.proc_UserCollectBookByBookIDUserID_Select(2, 1) [ RunTime:0.0002s ]
SQL: call WenHuiApartment.proc_UserCollectBookByBookIDUserID_Select(1, 1) [ RunTime:0.0004s ]
INFO: [ app_end ] --START--
INFO: Run Behavior\ShowPageTraceBehavior [ RunTime:0.000662s ]
INFO: [ app_end ] --END-- [ RunTime:0.000717s ]

[ 2016-03-22T17:12:41+08:00 ] ::1 /1.0/Application/Home/Images/Cover/cover_8.png
INFO: [ app_init ] --START--
INFO: Run Behavior\BuildLiteBehavior [ RunTime:0.000026s ]
INFO: [ app_init ] --END-- [ RunTime:0.000491s ]

[ 2016-03-22T17:12:41+08:00 ] ::1 /1.0/Application/Home/Images/Cover/cover_9.png
INFO: [ app_init ] --START--
INFO: Run Behavior\BuildLiteBehavior [ RunTime:0.000015s ]
INFO: [ app_init ] --END-- [ RunTime:0.000556s ]

[ 2016-03-22T17:12:41+08:00 ] ::1 /1.0/Application/Home/Images/Cover/cover_10.png
INFO: [ app_init ] --START--
INFO: Run Behavior\BuildLiteBehavior [ RunTime:0.000017s ]
INFO: [ app_init ] --END-- [ RunTime:0.000459s ]

[ 2016-03-22T17:17:29+08:00 ] ::1 /1.0/common/getField
INFO: [ app_init ] --START--
INFO: Run Behavior\BuildLiteBehavior [ RunTime:0.000010s ]
INFO: [ app_init ] --END-- [ RunTime:0.000263s ]
INFO: [ app_begin ] --START--
INFO: Run Behavior\ReadHtmlCacheBehavior [ RunTime:0.000345s ]
INFO: [ app_begin ] --END-- [ RunTime:0.000380s ]
SQL: SHOW COLUMNS FROM `t_field` [ RunTime:0.0505s ]
SQL: SELECT * FROM `t_field`  [ RunTime:0.0011s ]
INFO: [ app_end ] --START--
INFO: Run Behavior\ShowPageTraceBehavior [ RunTime:0.000766s ]
INFO: [ app_end ] --END-- [ RunTime:0.000830s ]

[ 2016-03-22T17:17:29+08:00 ] ::1 /1.0/library/getBookBySearchTextSortMethodFieldID
INFO: [ app_init ] --START--
INFO: Run Behavior\BuildLiteBehavior [ RunTime:0.000010s ]
INFO: [ app_init ] --END-- [ RunTime:0.000274s ]
INFO: [ app_begin ] --START--
INFO: Run Behavior\ReadHtmlCacheBehavior [ RunTime:0.004163s ]
INFO: [ app_begin ] --END-- [ RunTime:0.004225s ]
SQL: call WenHuiApartment.proc_Book_SelectByMultiCondition('%%', 0, 0, 0, 10); [ RunTime:0.0474s ]
SQL: call WenHuiApartment.proc_UserCollectBookByBookIDUserID_Select(10, 1) [ RunTime:0.0032s ]
SQL: call WenHuiApartment.proc_UserCollectBookByBookIDUserID_Select(9, 1) [ RunTime:0.0179s ]
SQL: call WenHuiApartment.proc_UserCollectBookByBookIDUserID_Select(8, 1) [ RunTime:0.0019s ]
SQL: call WenHuiApartment.proc_UserCollectBookByBookIDUserID_Select(7, 1) [ RunTime:0.0009s ]
SQL: call WenHuiApartment.proc_UserCollectBookByBookIDUserID_Select(6, 1) [ RunTime:0.0012s ]
SQL: call WenHuiApartment.proc_UserCollectBookByBookIDUserID_Select(5, 1) [ RunTime:0.0004s ]
SQL: call WenHuiApartment.proc_UserCollectBookByBookIDUserID_Select(4, 1) [ RunTime:0.0003s ]
SQL: call WenHuiApartment.proc_UserCollectBookByBookIDUserID_Select(3, 1) [ RunTime:0.0004s ]
SQL: call WenHuiApartment.proc_UserCollectBookByBookIDUserID_Select(2, 1) [ RunTime:0.0004s ]
SQL: call WenHuiApartment.proc_UserCollectBookByBookIDUserID_Select(1, 1) [ RunTime:0.0004s ]
INFO: [ app_end ] --START--
INFO: Run Behavior\ShowPageTraceBehavior [ RunTime:0.001246s ]
INFO: [ app_end ] --END-- [ RunTime:0.001354s ]

[ 2016-03-22T17:17:29+08:00 ] ::1 /1.0/Application/Home/Images/Cover/cover_9.png
INFO: [ app_init ] --START--
INFO: Run Behavior\BuildLiteBehavior [ RunTime:0.000013s ]
INFO: [ app_init ] --END-- [ RunTime:0.000398s ]

[ 2016-03-22T17:17:29+08:00 ] ::1 /1.0/Application/Home/Images/Cover/cover_10.png
INFO: [ app_init ] --START--
INFO: Run Behavior\BuildLiteBehavior [ RunTime:0.000014s ]
INFO: [ app_init ] --END-- [ RunTime:0.000454s ]

[ 2016-03-22T17:17:29+08:00 ] ::1 /1.0/Application/Home/Images/Cover/cover_8.png
INFO: [ app_init ] --START--
INFO: Run Behavior\BuildLiteBehavior [ RunTime:0.000013s ]
INFO: [ app_init ] --END-- [ RunTime:0.000399s ]

[ 2016-03-22T17:20:20+08:00 ] ::1 /1.0/common/getField
INFO: [ app_init ] --START--
INFO: Run Behavior\BuildLiteBehavior [ RunTime:0.000016s ]
INFO: [ app_init ] --END-- [ RunTime:0.000315s ]
INFO: [ app_begin ] --START--
INFO: Run Behavior\ReadHtmlCacheBehavior [ RunTime:0.000493s ]
INFO: [ app_begin ] --END-- [ RunTime:0.000544s ]
SQL: SHOW COLUMNS FROM `t_field` [ RunTime:0.0414s ]
SQL: SELECT * FROM `t_field`  [ RunTime:0.0003s ]
INFO: [ app_end ] --START--
INFO: Run Behavior\ShowPageTraceBehavior [ RunTime:0.000534s ]
INFO: [ app_end ] --END-- [ RunTime:0.000583s ]

[ 2016-03-22T17:20:20+08:00 ] ::1 /1.0/library/getBookBySearchTextSortMethodFieldID
INFO: [ app_init ] --START--
INFO: Run Behavior\BuildLiteBehavior [ RunTime:0.000010s ]
INFO: [ app_init ] --END-- [ RunTime:0.000271s ]
INFO: [ app_begin ] --START--
INFO: Run Behavior\ReadHtmlCacheBehavior [ RunTime:0.000352s ]
INFO: [ app_begin ] --END-- [ RunTime:0.000387s ]
SQL: call WenHuiApartment.proc_Book_SelectByMultiCondition('%%', 0, 0, 0, 10); [ RunTime:0.0371s ]
SQL: call WenHuiApartment.proc_UserCollectBookByBookIDUserID_Select(10, 1) [ RunTime:0.0005s ]
SQL: call WenHuiApartment.proc_UserCollectBookByBookIDUserID_Select(9, 1) [ RunTime:0.0003s ]
SQL: call WenHuiApartment.proc_UserCollectBookByBookIDUserID_Select(8, 1) [ RunTime:0.0005s ]
SQL: call WenHuiApartment.proc_UserCollectBookByBookIDUserID_Select(7, 1) [ RunTime:0.0003s ]
SQL: call WenHuiApartment.proc_UserCollectBookByBookIDUserID_Select(6, 1) [ RunTime:0.0006s ]
SQL: call WenHuiApartment.proc_UserCollectBookByBookIDUserID_Select(5, 1) [ RunTime:0.0005s ]
SQL: call WenHuiApartment.proc_UserCollectBookByBookIDUserID_Select(4, 1) [ RunTime:0.0012s ]
SQL: call WenHuiApartment.proc_UserCollectBookByBookIDUserID_Select(3, 1) [ RunTime:0.0012s ]
SQL: call WenHuiApartment.proc_UserCollectBookByBookIDUserID_Select(2, 1) [ RunTime:0.0006s ]
SQL: call WenHuiApartment.proc_UserCollectBookByBookIDUserID_Select(1, 1) [ RunTime:0.0003s ]
INFO: [ app_end ] --START--
INFO: Run Behavior\ShowPageTraceBehavior [ RunTime:0.000718s ]
INFO: [ app_end ] --END-- [ RunTime:0.000788s ]

[ 2016-03-22T17:20:20+08:00 ] ::1 /1.0/Application/Home/Images/Cover/cover_10.png
INFO: [ app_init ] --START--
INFO: Run Behavior\BuildLiteBehavior [ RunTime:0.000017s ]
INFO: [ app_init ] --END-- [ RunTime:0.000485s ]

[ 2016-03-22T17:20:20+08:00 ] ::1 /1.0/Application/Home/Images/Cover/cover_9.png
INFO: [ app_init ] --START--
INFO: Run Behavior\BuildLiteBehavior [ RunTime:0.000018s ]
INFO: [ app_init ] --END-- [ RunTime:0.000420s ]

[ 2016-03-22T17:20:20+08:00 ] ::1 /1.0/Application/Home/Images/Cover/cover_8.png
INFO: [ app_init ] --START--
INFO: Run Behavior\BuildLiteBehavior [ RunTime:0.000082s ]
INFO: [ app_init ] --END-- [ RunTime:0.000672s ]

[ 2016-03-22T17:20:21+08:00 ] ::1 /1.0/library/getBookReplyByBookID
INFO: [ app_init ] --START--
INFO: Run Behavior\BuildLiteBehavior [ RunTime:0.000013s ]
INFO: [ app_init ] --END-- [ RunTime:0.000288s ]
INFO: [ app_begin ] --START--
INFO: Run Behavior\ReadHtmlCacheBehavior [ RunTime:0.000372s ]
INFO: [ app_begin ] --END-- [ RunTime:0.000412s ]
SQL: call WenHuiApartment.proc_BookReplyByBookID_Select(10, 0, 10); [ RunTime:0.0029s ]
SQL: call WenHuiApartment.proc_UserSupportBookReplyByReplyIDUserID_Select(12, 1) [ RunTime:0.0019s ]
SQL: call WenHuiApartment.proc_UserSupportBookReplyByReplyIDUserID_Select(10, 1) [ RunTime:0.0004s ]
SQL: call WenHuiApartment.proc_UserSupportBookReplyByReplyIDUserID_Select(11, 1) [ RunTime:0.0003s ]
INFO: [ app_end ] --START--
INFO: Run Behavior\ShowPageTraceBehavior [ RunTime:0.000643s ]
INFO: [ app_end ] --END-- [ RunTime:0.000696s ]

[ 2016-03-22T17:27:28+08:00 ] ::1 /1.0/common/getField
INFO: [ app_init ] --START--
INFO: Run Behavior\BuildLiteBehavior [ RunTime:0.000011s ]
INFO: [ app_init ] --END-- [ RunTime:0.000266s ]
INFO: [ app_begin ] --START--
INFO: Run Behavior\ReadHtmlCacheBehavior [ RunTime:0.000483s ]
INFO: [ app_begin ] --END-- [ RunTime:0.000532s ]
SQL: SHOW COLUMNS FROM `t_field` [ RunTime:0.0330s ]
SQL: SELECT * FROM `t_field`  [ RunTime:0.0015s ]
INFO: [ app_end ] --START--
INFO: Run Behavior\ShowPageTraceBehavior [ RunTime:0.000780s ]
INFO: [ app_end ] --END-- [ RunTime:0.000866s ]

[ 2016-03-22T17:27:28+08:00 ] ::1 /1.0/library/getBookBySearchTextSortMethodFieldID
INFO: [ app_init ] --START--
INFO: Run Behavior\BuildLiteBehavior [ RunTime:0.000017s ]
INFO: [ app_init ] --END-- [ RunTime:0.000414s ]
INFO: [ app_begin ] --START--
INFO: Run Behavior\ReadHtmlCacheBehavior [ RunTime:0.000364s ]
INFO: [ app_begin ] --END-- [ RunTime:0.000401s ]
SQL: call WenHuiApartment.proc_Book_SelectByMultiCondition('%%', 0, 0, 0, 10); [ RunTime:0.0344s ]
SQL: call WenHuiApartment.proc_UserCollectBookByBookIDUserID_Select(10, 1) [ RunTime:0.0009s ]
SQL: call WenHuiApartment.proc_UserCollectBookByBookIDUserID_Select(9, 1) [ RunTime:0.0004s ]
SQL: call WenHuiApartment.proc_UserCollectBookByBookIDUserID_Select(8, 1) [ RunTime:0.0004s ]
SQL: call WenHuiApartment.proc_UserCollectBookByBookIDUserID_Select(7, 1) [ RunTime:0.0003s ]
SQL: call WenHuiApartment.proc_UserCollectBookByBookIDUserID_Select(6, 1) [ RunTime:0.0002s ]
SQL: call WenHuiApartment.proc_UserCollectBookByBookIDUserID_Select(5, 1) [ RunTime:0.0002s ]
SQL: call WenHuiApartment.proc_UserCollectBookByBookIDUserID_Select(4, 1) [ RunTime:0.0002s ]
SQL: call WenHuiApartment.proc_UserCollectBookByBookIDUserID_Select(3, 1) [ RunTime:0.0002s ]
SQL: call WenHuiApartment.proc_UserCollectBookByBookIDUserID_Select(2, 1) [ RunTime:0.0002s ]
SQL: call WenHuiApartment.proc_UserCollectBookByBookIDUserID_Select(1, 1) [ RunTime:0.0002s ]
INFO: [ app_end ] --START--
INFO: Run Behavior\ShowPageTraceBehavior [ RunTime:0.000659s ]
INFO: [ app_end ] --END-- [ RunTime:0.000714s ]

[ 2016-03-22T17:27:28+08:00 ] ::1 /1.0/Application/Home/Images/Cover/cover_10.png
INFO: [ app_init ] --START--
INFO: Run Behavior\BuildLiteBehavior [ RunTime:0.000021s ]
INFO: [ app_init ] --END-- [ RunTime:0.001641s ]

[ 2016-03-22T17:27:28+08:00 ] ::1 /1.0/Application/Home/Images/Cover/cover_9.png
INFO: [ app_init ] --START--
INFO: Run Behavior\BuildLiteBehavior [ RunTime:0.000270s ]
INFO: [ app_init ] --END-- [ RunTime:0.000806s ]

[ 2016-03-22T17:27:28+08:00 ] ::1 /1.0/Application/Home/Images/Cover/cover_8.png
INFO: [ app_init ] --START--
INFO: Run Behavior\BuildLiteBehavior [ RunTime:0.000017s ]
INFO: [ app_init ] --END-- [ RunTime:0.000440s ]

[ 2016-03-22T17:32:09+08:00 ] ::1 /1.0/common/getField
INFO: [ app_init ] --START--
INFO: Run Behavior\BuildLiteBehavior [ RunTime:0.000009s ]
INFO: [ app_init ] --END-- [ RunTime:0.000350s ]
INFO: [ app_begin ] --START--
INFO: Run Behavior\ReadHtmlCacheBehavior [ RunTime:0.000862s ]
INFO: [ app_begin ] --END-- [ RunTime:0.000908s ]
SQL: SHOW COLUMNS FROM `t_field` [ RunTime:0.0537s ]
SQL: SELECT * FROM `t_field`  [ RunTime:0.0004s ]
INFO: [ app_end ] --START--
INFO: Run Behavior\ShowPageTraceBehavior [ RunTime:0.001104s ]
INFO: [ app_end ] --END-- [ RunTime:0.001179s ]

[ 2016-03-22T17:32:09+08:00 ] ::1 /1.0/library/getBookBySearchTextSortMethodFieldID
INFO: [ app_init ] --START--
INFO: Run Behavior\BuildLiteBehavior [ RunTime:0.000016s ]
INFO: [ app_init ] --END-- [ RunTime:0.000585s ]
INFO: [ app_begin ] --START--
INFO: Run Behavior\ReadHtmlCacheBehavior [ RunTime:0.000801s ]
INFO: [ app_begin ] --END-- [ RunTime:0.000869s ]
SQL: call WenHuiApartment.proc_Book_SelectByMultiCondition('%%', 0, 0, 0, 10); [ RunTime:0.0553s ]
SQL: call WenHuiApartment.proc_UserCollectBookByBookIDUserID_Select(10, 1) [ RunTime:0.0007s ]
SQL: call WenHuiApartment.proc_UserCollectBookByBookIDUserID_Select(9, 1) [ RunTime:0.0003s ]
SQL: call WenHuiApartment.proc_UserCollectBookByBookIDUserID_Select(8, 1) [ RunTime:0.0003s ]
SQL: call WenHuiApartment.proc_UserCollectBookByBookIDUserID_Select(7, 1) [ RunTime:0.0003s ]
SQL: call WenHuiApartment.proc_UserCollectBookByBookIDUserID_Select(6, 1) [ RunTime:0.0003s ]
SQL: call WenHuiApartment.proc_UserCollectBookByBookIDUserID_Select(5, 1) [ RunTime:0.0003s ]
SQL: call WenHuiApartment.proc_UserCollectBookByBookIDUserID_Select(4, 1) [ RunTime:0.0002s ]
SQL: call WenHuiApartment.proc_UserCollectBookByBookIDUserID_Select(3, 1) [ RunTime:0.0003s ]
SQL: call WenHuiApartment.proc_UserCollectBookByBookIDUserID_Select(2, 1) [ RunTime:0.0002s ]
SQL: call WenHuiApartment.proc_UserCollectBookByBookIDUserID_Select(1, 1) [ RunTime:0.0002s ]
INFO: [ app_end ] --START--
INFO: Run Behavior\ShowPageTraceBehavior [ RunTime:0.000683s ]
INFO: [ app_end ] --END-- [ RunTime:0.000726s ]

[ 2016-03-22T17:32:09+08:00 ] ::1 /1.0/Application/Home/Images/Cover/cover_9.png
INFO: [ app_init ] --START--
INFO: Run Behavior\BuildLiteBehavior [ RunTime:0.000028s ]
INFO: [ app_init ] --END-- [ RunTime:0.000451s ]

[ 2016-03-22T17:32:09+08:00 ] ::1 /1.0/Application/Home/Images/Cover/cover_10.png
INFO: [ app_init ] --START--
INFO: Run Behavior\BuildLiteBehavior [ RunTime:0.000015s ]
INFO: [ app_init ] --END-- [ RunTime:0.000568s ]

[ 2016-03-22T17:32:09+08:00 ] ::1 /1.0/Application/Home/Images/Cover/cover_8.png
INFO: [ app_init ] --START--
INFO: Run Behavior\BuildLiteBehavior [ RunTime:0.000019s ]
INFO: [ app_init ] --END-- [ RunTime:0.000623s ]

[ 2016-03-22T17:32:46+08:00 ] ::1 /1.0/common/getField
INFO: [ app_init ] --START--
INFO: Run Behavior\BuildLiteBehavior [ RunTime:0.000012s ]
INFO: [ app_init ] --END-- [ RunTime:0.000398s ]
INFO: [ app_begin ] --START--
INFO: Run Behavior\ReadHtmlCacheBehavior [ RunTime:0.000359s ]
INFO: [ app_begin ] --END-- [ RunTime:0.000393s ]
SQL: SHOW COLUMNS FROM `t_field` [ RunTime:0.0587s ]
SQL: SELECT * FROM `t_field`  [ RunTime:0.0005s ]
INFO: [ app_end ] --START--
INFO: Run Behavior\ShowPageTraceBehavior [ RunTime:0.000749s ]
INFO: [ app_end ] --END-- [ RunTime:0.000852s ]

[ 2016-03-22T17:32:46+08:00 ] ::1 /1.0/library/getBookBySearchTextSortMethodFieldID
INFO: [ app_init ] --START--
INFO: Run Behavior\BuildLiteBehavior [ RunTime:0.000013s ]
INFO: [ app_init ] --END-- [ RunTime:0.000384s ]
INFO: [ app_begin ] --START--
INFO: Run Behavior\ReadHtmlCacheBehavior [ RunTime:0.000507s ]
INFO: [ app_begin ] --END-- [ RunTime:0.000557s ]
SQL: call WenHuiApartment.proc_Book_SelectByMultiCondition('%%', 0, 0, 0, 10); [ RunTime:0.0598s ]
SQL: call WenHuiApartment.proc_UserCollectBookByBookIDUserID_Select(10, 1) [ RunTime:0.0007s ]
SQL: call WenHuiApartment.proc_UserCollectBookByBookIDUserID_Select(9, 1) [ RunTime:0.0006s ]
SQL: call WenHuiApartment.proc_UserCollectBookByBookIDUserID_Select(8, 1) [ RunTime:0.0004s ]
SQL: call WenHuiApartment.proc_UserCollectBookByBookIDUserID_Select(7, 1) [ RunTime:0.0004s ]
SQL: call WenHuiApartment.proc_UserCollectBookByBookIDUserID_Select(6, 1) [ RunTime:0.0003s ]
SQL: call WenHuiApartment.proc_UserCollectBookByBookIDUserID_Select(5, 1) [ RunTime:0.0003s ]
SQL: call WenHuiApartment.proc_UserCollectBookByBookIDUserID_Select(4, 1) [ RunTime:0.0003s ]
SQL: call WenHuiApartment.proc_UserCollectBookByBookIDUserID_Select(3, 1) [ RunTime:0.0003s ]
SQL: call WenHuiApartment.proc_UserCollectBookByBookIDUserID_Select(2, 1) [ RunTime:0.0003s ]
SQL: call WenHuiApartment.proc_UserCollectBookByBookIDUserID_Select(1, 1) [ RunTime:0.0002s ]
INFO: [ app_end ] --START--
INFO: Run Behavior\ShowPageTraceBehavior [ RunTime:0.000938s ]
INFO: [ app_end ] --END-- [ RunTime:0.001024s ]

[ 2016-03-22T17:32:47+08:00 ] ::1 /1.0/Application/Home/Images/Cover/cover_9.png
INFO: [ app_init ] --START--
INFO: Run Behavior\BuildLiteBehavior [ RunTime:0.000053s ]
INFO: [ app_init ] --END-- [ RunTime:0.000594s ]

[ 2016-03-22T17:32:47+08:00 ] ::1 /1.0/Application/Home/Images/Cover/cover_10.png
INFO: [ app_init ] --START--
INFO: Run Behavior\BuildLiteBehavior [ RunTime:0.000012s ]
INFO: [ app_init ] --END-- [ RunTime:0.000310s ]

[ 2016-03-22T17:32:47+08:00 ] ::1 /1.0/Application/Home/Images/Cover/cover_8.png
INFO: [ app_init ] --START--
INFO: Run Behavior\BuildLiteBehavior [ RunTime:0.000015s ]
INFO: [ app_init ] --END-- [ RunTime:0.000416s ]

[ 2016-03-22T17:34:23+08:00 ] ::1 /1.0/common/getField
INFO: [ app_init ] --START--
INFO: Run Behavior\BuildLiteBehavior [ RunTime:0.000016s ]
INFO: [ app_init ] --END-- [ RunTime:0.000634s ]
INFO: [ app_begin ] --START--
INFO: Run Behavior\ReadHtmlCacheBehavior [ RunTime:0.000748s ]
INFO: [ app_begin ] --END-- [ RunTime:0.000804s ]
SQL: SHOW COLUMNS FROM `t_field` [ RunTime:0.0564s ]
SQL: SELECT * FROM `t_field`  [ RunTime:0.0004s ]
INFO: [ app_end ] --START--
INFO: Run Behavior\ShowPageTraceBehavior [ RunTime:0.001344s ]
INFO: [ app_end ] --END-- [ RunTime:0.001417s ]

[ 2016-03-22T17:34:23+08:00 ] ::1 /1.0/library/getBookBySearchTextSortMethodFieldID
INFO: [ app_init ] --START--
INFO: Run Behavior\BuildLiteBehavior [ RunTime:0.000016s ]
INFO: [ app_init ] --END-- [ RunTime:0.000634s ]
INFO: [ app_begin ] --START--
INFO: Run Behavior\ReadHtmlCacheBehavior [ RunTime:0.000748s ]
INFO: [ app_begin ] --END-- [ RunTime:0.000804s ]
SQL: call WenHuiApartment.proc_Book_SelectByMultiCondition('%%', 0, 0, 0, 10); [ RunTime:0.0567s ]
SQL: call WenHuiApartment.proc_UserCollectBookByBookIDUserID_Select(10, 1) [ RunTime:0.0005s ]
SQL: call WenHuiApartment.proc_UserCollectBookByBookIDUserID_Select(9, 1) [ RunTime:0.0003s ]
SQL: call WenHuiApartment.proc_UserCollectBookByBookIDUserID_Select(8, 1) [ RunTime:0.0003s ]
SQL: call WenHuiApartment.proc_UserCollectBookByBookIDUserID_Select(7, 1) [ RunTime:0.0003s ]
SQL: call WenHuiApartment.proc_UserCollectBookByBookIDUserID_Select(6, 1) [ RunTime:0.0004s ]
SQL: call WenHuiApartment.proc_UserCollectBookByBookIDUserID_Select(5, 1) [ RunTime:0.0004s ]
SQL: call WenHuiApartment.proc_UserCollectBookByBookIDUserID_Select(4, 1) [ RunTime:0.0004s ]
SQL: call WenHuiApartment.proc_UserCollectBookByBookIDUserID_Select(3, 1) [ RunTime:0.0003s ]
SQL: call WenHuiApartment.proc_UserCollectBookByBookIDUserID_Select(2, 1) [ RunTime:0.0003s ]
SQL: call WenHuiApartment.proc_UserCollectBookByBookIDUserID_Select(1, 1) [ RunTime:0.0003s ]
INFO: [ app_end ] --START--
INFO: Run Behavior\ShowPageTraceBehavior [ RunTime:0.000965s ]
INFO: [ app_end ] --END-- [ RunTime:0.001049s ]

[ 2016-03-22T17:34:24+08:00 ] ::1 /1.0/Application/Home/Images/Cover/cover_8.png
INFO: [ app_init ] --START--
INFO: Run Behavior\BuildLiteBehavior [ RunTime:0.000013s ]
INFO: [ app_init ] --END-- [ RunTime:0.000389s ]

[ 2016-03-22T17:34:24+08:00 ] ::1 /1.0/Application/Home/Images/Cover/cover_9.png
INFO: [ app_init ] --START--
INFO: Run Behavior\BuildLiteBehavior [ RunTime:0.000024s ]
INFO: [ app_init ] --END-- [ RunTime:0.000469s ]

[ 2016-03-22T17:34:24+08:00 ] ::1 /1.0/Application/Home/Images/Cover/cover_10.png
INFO: [ app_init ] --START--
INFO: Run Behavior\BuildLiteBehavior [ RunTime:0.000015s ]
INFO: [ app_init ] --END-- [ RunTime:0.000605s ]

[ 2016-03-22T17:35:28+08:00 ] ::1 /1.0/common/getField
INFO: [ app_init ] --START--
INFO: Run Behavior\BuildLiteBehavior [ RunTime:0.000011s ]
INFO: [ app_init ] --END-- [ RunTime:0.000479s ]
INFO: [ app_begin ] --START--
INFO: Run Behavior\ReadHtmlCacheBehavior [ RunTime:0.000668s ]
INFO: [ app_begin ] --END-- [ RunTime:0.000721s ]
SQL: SHOW COLUMNS FROM `t_field` [ RunTime:0.0466s ]
SQL: SELECT * FROM `t_field`  [ RunTime:0.0014s ]
INFO: [ app_end ] --START--
INFO: Run Behavior\ShowPageTraceBehavior [ RunTime:0.001554s ]
INFO: [ app_end ] --END-- [ RunTime:0.001678s ]

[ 2016-03-22T17:35:28+08:00 ] ::1 /1.0/library/getBookBySearchTextSortMethodFieldID
INFO: [ app_init ] --START--
INFO: Run Behavior\BuildLiteBehavior [ RunTime:0.000012s ]
INFO: [ app_init ] --END-- [ RunTime:0.000550s ]
INFO: [ app_begin ] --START--
INFO: Run Behavior\ReadHtmlCacheBehavior [ RunTime:0.000713s ]
INFO: [ app_begin ] --END-- [ RunTime:0.000762s ]
SQL: call WenHuiApartment.proc_Book_SelectByMultiCondition('%%', 0, 0, 0, 10); [ RunTime:0.0471s ]
SQL: call WenHuiApartment.proc_UserCollectBookByBookIDUserID_Select(10, 1) [ RunTime:0.0012s ]
SQL: call WenHuiApartment.proc_UserCollectBookByBookIDUserID_Select(9, 1) [ RunTime:0.0019s ]
SQL: call WenHuiApartment.proc_UserCollectBookByBookIDUserID_Select(8, 1) [ RunTime:0.0005s ]
SQL: call WenHuiApartment.proc_UserCollectBookByBookIDUserID_Select(7, 1) [ RunTime:0.0005s ]
SQL: call WenHuiApartment.proc_UserCollectBookByBookIDUserID_Select(6, 1) [ RunTime:0.0004s ]
SQL: call WenHuiApartment.proc_UserCollectBookByBookIDUserID_Select(5, 1) [ RunTime:0.0003s ]
SQL: call WenHuiApartment.proc_UserCollectBookByBookIDUserID_Select(4, 1) [ RunTime:0.0007s ]
SQL: call WenHuiApartment.proc_UserCollectBookByBookIDUserID_Select(3, 1) [ RunTime:0.0011s ]
SQL: call WenHuiApartment.proc_UserCollectBookByBookIDUserID_Select(2, 1) [ RunTime:0.0013s ]
SQL: call WenHuiApartment.proc_UserCollectBookByBookIDUserID_Select(1, 1) [ RunTime:0.0007s ]
INFO: [ app_end ] --START--
INFO: Run Behavior\ShowPageTraceBehavior [ RunTime:0.000763s ]
INFO: [ app_end ] --END-- [ RunTime:0.000850s ]

[ 2016-03-22T17:35:28+08:00 ] ::1 /1.0/Application/Home/Images/Cover/cover_8.png
INFO: [ app_init ] --START--
INFO: Run Behavior\BuildLiteBehavior [ RunTime:0.000012s ]
INFO: [ app_init ] --END-- [ RunTime:0.000361s ]

[ 2016-03-22T17:35:28+08:00 ] ::1 /1.0/Application/Home/Images/Cover/cover_10.png
INFO: [ app_init ] --START--
INFO: Run Behavior\BuildLiteBehavior [ RunTime:0.000014s ]
INFO: [ app_init ] --END-- [ RunTime:0.000455s ]

[ 2016-03-22T17:35:28+08:00 ] ::1 /1.0/Application/Home/Images/Cover/cover_9.png
INFO: [ app_init ] --START--
INFO: Run Behavior\BuildLiteBehavior [ RunTime:0.000021s ]
INFO: [ app_init ] --END-- [ RunTime:0.000622s ]

[ 2016-03-22T17:39:25+08:00 ] ::1 /1.0/common/getField
INFO: [ app_init ] --START--
INFO: Run Behavior\BuildLiteBehavior [ RunTime:0.000013s ]
INFO: [ app_init ] --END-- [ RunTime:0.001048s ]
INFO: [ app_begin ] --START--
INFO: Run Behavior\ReadHtmlCacheBehavior [ RunTime:0.000477s ]
INFO: [ app_begin ] --END-- [ RunTime:0.000522s ]
SQL: SHOW COLUMNS FROM `t_field` [ RunTime:0.0580s ]
SQL: SELECT * FROM `t_field`  [ RunTime:0.0004s ]
INFO: [ app_end ] --START--
INFO: Run Behavior\ShowPageTraceBehavior [ RunTime:0.001146s ]
INFO: [ app_end ] --END-- [ RunTime:0.001227s ]

[ 2016-03-22T17:39:25+08:00 ] ::1 /1.0/library/getBookBySearchTextSortMethodFieldID
INFO: [ app_init ] --START--
INFO: Run Behavior\BuildLiteBehavior [ RunTime:0.000013s ]
INFO: [ app_init ] --END-- [ RunTime:0.000553s ]
INFO: [ app_begin ] --START--
INFO: Run Behavior\ReadHtmlCacheBehavior [ RunTime:0.000714s ]
INFO: [ app_begin ] --END-- [ RunTime:0.000763s ]
SQL: call WenHuiApartment.proc_Book_SelectByMultiCondition('%%', 0, 0, 0, 10); [ RunTime:0.0600s ]
SQL: call WenHuiApartment.proc_UserCollectBookByBookIDUserID_Select(10, 1) [ RunTime:0.0006s ]
SQL: call WenHuiApartment.proc_UserCollectBookByBookIDUserID_Select(9, 1) [ RunTime:0.0020s ]
SQL: call WenHuiApartment.proc_UserCollectBookByBookIDUserID_Select(8, 1) [ RunTime:0.0016s ]
SQL: call WenHuiApartment.proc_UserCollectBookByBookIDUserID_Select(7, 1) [ RunTime:0.0003s ]
SQL: call WenHuiApartment.proc_UserCollectBookByBookIDUserID_Select(6, 1) [ RunTime:0.0003s ]
SQL: call WenHuiApartment.proc_UserCollectBookByBookIDUserID_Select(5, 1) [ RunTime:0.0011s ]
SQL: call WenHuiApartment.proc_UserCollectBookByBookIDUserID_Select(4, 1) [ RunTime:0.0003s ]
SQL: call WenHuiApartment.proc_UserCollectBookByBookIDUserID_Select(3, 1) [ RunTime:0.0002s ]
SQL: call WenHuiApartment.proc_UserCollectBookByBookIDUserID_Select(2, 1) [ RunTime:0.0002s ]
SQL: call WenHuiApartment.proc_UserCollectBookByBookIDUserID_Select(1, 1) [ RunTime:0.0005s ]
INFO: [ app_end ] --START--
INFO: Run Behavior\ShowPageTraceBehavior [ RunTime:0.000533s ]
INFO: [ app_end ] --END-- [ RunTime:0.000578s ]

[ 2016-03-22T17:39:25+08:00 ] ::1 /1.0/Application/Home/Images/Cover/cover_8.png
INFO: [ app_init ] --START--
INFO: Run Behavior\BuildLiteBehavior [ RunTime:0.000020s ]
INFO: [ app_init ] --END-- [ RunTime:0.000444s ]

[ 2016-03-22T17:39:25+08:00 ] ::1 /1.0/Application/Home/Images/Cover/cover_10.png
INFO: [ app_init ] --START--
INFO: Run Behavior\BuildLiteBehavior [ RunTime:0.000018s ]
INFO: [ app_init ] --END-- [ RunTime:0.000426s ]

[ 2016-03-22T17:39:25+08:00 ] ::1 /1.0/Application/Home/Images/Cover/cover_9.png
INFO: [ app_init ] --START--
INFO: Run Behavior\BuildLiteBehavior [ RunTime:0.000015s ]
INFO: [ app_init ] --END-- [ RunTime:0.000409s ]

[ 2016-03-22T17:42:51+08:00 ] ::1 /1.0/common/getField
INFO: [ app_init ] --START--
INFO: Run Behavior\BuildLiteBehavior [ RunTime:0.000016s ]
INFO: [ app_init ] --END-- [ RunTime:0.000627s ]
INFO: [ app_begin ] --START--
INFO: Run Behavior\ReadHtmlCacheBehavior [ RunTime:0.000763s ]
INFO: [ app_begin ] --END-- [ RunTime:0.000827s ]
SQL: SHOW COLUMNS FROM `t_field` [ RunTime:0.0676s ]
SQL: SELECT * FROM `t_field`  [ RunTime:0.0004s ]
INFO: [ app_end ] --START--
INFO: Run Behavior\ShowPageTraceBehavior [ RunTime:0.001966s ]
INFO: [ app_end ] --END-- [ RunTime:0.002184s ]

[ 2016-03-22T17:42:51+08:00 ] ::1 /1.0/library/getBookBySearchTextSortMethodFieldID
INFO: [ app_init ] --START--
INFO: Run Behavior\BuildLiteBehavior [ RunTime:0.000016s ]
INFO: [ app_init ] --END-- [ RunTime:0.000636s ]
INFO: [ app_begin ] --START--
INFO: Run Behavior\ReadHtmlCacheBehavior [ RunTime:0.000763s ]
INFO: [ app_begin ] --END-- [ RunTime:0.000827s ]
SQL: call WenHuiApartment.proc_Book_SelectByMultiCondition('%%', 0, 0, 0, 10); [ RunTime:0.0685s ]
SQL: call WenHuiApartment.proc_UserCollectBookByBookIDUserID_Select(10, 1) [ RunTime:0.0007s ]
SQL: call WenHuiApartment.proc_UserCollectBookByBookIDUserID_Select(9, 1) [ RunTime:0.0004s ]
SQL: call WenHuiApartment.proc_UserCollectBookByBookIDUserID_Select(8, 1) [ RunTime:0.0005s ]
SQL: call WenHuiApartment.proc_UserCollectBookByBookIDUserID_Select(7, 1) [ RunTime:0.0022s ]
SQL: call WenHuiApartment.proc_UserCollectBookByBookIDUserID_Select(6, 1) [ RunTime:0.0006s ]
SQL: call WenHuiApartment.proc_UserCollectBookByBookIDUserID_Select(5, 1) [ RunTime:0.0056s ]
SQL: call WenHuiApartment.proc_UserCollectBookByBookIDUserID_Select(4, 1) [ RunTime:0.0005s ]
SQL: call WenHuiApartment.proc_UserCollectBookByBookIDUserID_Select(3, 1) [ RunTime:0.0012s ]
SQL: call WenHuiApartment.proc_UserCollectBookByBookIDUserID_Select(2, 1) [ RunTime:0.0004s ]
SQL: call WenHuiApartment.proc_UserCollectBookByBookIDUserID_Select(1, 1) [ RunTime:0.0003s ]
INFO: [ app_end ] --START--
INFO: Run Behavior\ShowPageTraceBehavior [ RunTime:0.000522s ]
INFO: [ app_end ] --END-- [ RunTime:0.000572s ]

[ 2016-03-22T17:42:51+08:00 ] ::1 /1.0/Application/Home/Images/Cover/cover_8.png
INFO: [ app_init ] --START--
INFO: Run Behavior\BuildLiteBehavior [ RunTime:0.000018s ]
INFO: [ app_init ] --END-- [ RunTime:0.000492s ]

[ 2016-03-22T17:42:51+08:00 ] ::1 /1.0/Application/Home/Images/Cover/cover_10.png
INFO: [ app_init ] --START--
INFO: Run Behavior\BuildLiteBehavior [ RunTime:0.000017s ]
INFO: [ app_init ] --END-- [ RunTime:0.000455s ]

[ 2016-03-22T17:42:51+08:00 ] ::1 /1.0/Application/Home/Images/Cover/cover_9.png
INFO: [ app_init ] --START--
INFO: Run Behavior\BuildLiteBehavior [ RunTime:0.000013s ]
INFO: [ app_init ] --END-- [ RunTime:0.000398s ]

[ 2016-03-22T17:58:05+08:00 ] ::1 /1.0/library/getBookBySearchTextSortMethodFieldID
INFO: [ app_init ] --START--
INFO: Run Behavior\BuildLiteBehavior [ RunTime:0.000017s ]
INFO: [ app_init ] --END-- [ RunTime:0.000629s ]
INFO: [ app_begin ] --START--
INFO: Run Behavior\ReadHtmlCacheBehavior [ RunTime:0.000480s ]
INFO: [ app_begin ] --END-- [ RunTime:0.000524s ]
SQL: call WenHuiApartment.proc_Book_SelectByMultiCondition('%%', 0, 0, 0, 10); [ RunTime:0.0265s ]
SQL: call WenHuiApartment.proc_UserCollectBookByBookIDUserID_Select(10, 1) [ RunTime:0.0005s ]
SQL: call WenHuiApartment.proc_UserCollectBookByBookIDUserID_Select(9, 1) [ RunTime:0.0004s ]
SQL: call WenHuiApartment.proc_UserCollectBookByBookIDUserID_Select(8, 1) [ RunTime:0.0003s ]
SQL: call WenHuiApartment.proc_UserCollectBookByBookIDUserID_Select(7, 1) [ RunTime:0.0004s ]
SQL: call WenHuiApartment.proc_UserCollectBookByBookIDUserID_Select(6, 1) [ RunTime:0.0003s ]
SQL: call WenHuiApartment.proc_UserCollectBookByBookIDUserID_Select(5, 1) [ RunTime:0.0004s ]
SQL: call WenHuiApartment.proc_UserCollectBookByBookIDUserID_Select(4, 1) [ RunTime:0.0003s ]
SQL: call WenHuiApartment.proc_UserCollectBookByBookIDUserID_Select(3, 1) [ RunTime:0.0003s ]
SQL: call WenHuiApartment.proc_UserCollectBookByBookIDUserID_Select(2, 1) [ RunTime:0.0003s ]
SQL: call WenHuiApartment.proc_UserCollectBookByBookIDUserID_Select(1, 1) [ RunTime:0.0003s ]
INFO: [ app_end ] --START--
INFO: Run Behavior\ShowPageTraceBehavior [ RunTime:0.001149s ]
INFO: [ app_end ] --END-- [ RunTime:0.001213s ]

[ 2016-03-22T17:58:05+08:00 ] ::1 /1.0/common/getField
INFO: [ app_init ] --START--
INFO: Run Behavior\BuildLiteBehavior [ RunTime:0.000017s ]
INFO: [ app_init ] --END-- [ RunTime:0.000629s ]
INFO: [ app_begin ] --START--
INFO: Run Behavior\ReadHtmlCacheBehavior [ RunTime:0.000693s ]
INFO: [ app_begin ] --END-- [ RunTime:0.000741s ]
SQL: SHOW COLUMNS FROM `t_field` [ RunTime:0.0511s ]
SQL: SELECT * FROM `t_field`  [ RunTime:0.0004s ]
INFO: [ app_end ] --START--
INFO: Run Behavior\ShowPageTraceBehavior [ RunTime:0.000686s ]
INFO: [ app_end ] --END-- [ RunTime:0.000754s ]

[ 2016-03-22T17:58:05+08:00 ] ::1 /1.0/Application/Home/Images/Cover/cover_10.png
INFO: [ app_init ] --START--
INFO: Run Behavior\BuildLiteBehavior [ RunTime:0.000018s ]
INFO: [ app_init ] --END-- [ RunTime:0.000541s ]

[ 2016-03-22T17:58:05+08:00 ] ::1 /1.0/Application/Home/Images/Cover/cover_8.png
INFO: [ app_init ] --START--
INFO: Run Behavior\BuildLiteBehavior [ RunTime:0.000014s ]
INFO: [ app_init ] --END-- [ RunTime:0.001321s ]

[ 2016-03-22T17:58:05+08:00 ] ::1 /1.0/Application/Home/Images/Cover/cover_9.png
INFO: [ app_init ] --START--
INFO: Run Behavior\BuildLiteBehavior [ RunTime:0.000017s ]
INFO: [ app_init ] --END-- [ RunTime:0.005047s ]

[ 2016-03-22T17:58:23+08:00 ] ::1 /1.0/library/getBookReplyByBookID
INFO: [ app_init ] --START--
INFO: Run Behavior\BuildLiteBehavior [ RunTime:0.000012s ]
INFO: [ app_init ] --END-- [ RunTime:0.000278s ]
INFO: [ app_begin ] --START--
INFO: Run Behavior\ReadHtmlCacheBehavior [ RunTime:0.000348s ]
INFO: [ app_begin ] --END-- [ RunTime:0.000382s ]
SQL: call WenHuiApartment.proc_BookReplyByBookID_Select(10, 0, 10); [ RunTime:0.0014s ]
SQL: call WenHuiApartment.proc_UserSupportBookReplyByReplyIDUserID_Select(12, 1) [ RunTime:0.0006s ]
SQL: call WenHuiApartment.proc_UserSupportBookReplyByReplyIDUserID_Select(10, 1) [ RunTime:0.0021s ]
SQL: call WenHuiApartment.proc_UserSupportBookReplyByReplyIDUserID_Select(11, 1) [ RunTime:0.0005s ]
INFO: [ app_end ] --START--
INFO: Run Behavior\ShowPageTraceBehavior [ RunTime:0.000771s ]
INFO: [ app_end ] --END-- [ RunTime:0.000839s ]

