[ 2016-03-25T10:47:39+08:00 ] ::1 /1.0/common/getField
INFO: [ app_init ] --START--
INFO: Run Behavior\BuildLiteBehavior [ RunTime:0.000023s ]
INFO: [ app_init ] --END-- [ RunTime:0.000736s ]
INFO: [ app_begin ] --START--
INFO: Run Behavior\ReadHtmlCacheBehavior [ RunTime:0.000552s ]
INFO: [ app_begin ] --END-- [ RunTime:0.000613s ]
SQL: SHOW COLUMNS FROM `t_field` [ RunTime:0.1292s ]
SQL: SELECT * FROM `t_field`  [ RunTime:0.0004s ]
INFO: [ app_end ] --START--
INFO: Run Behavior\ShowPageTraceBehavior [ RunTime:0.000790s ]
INFO: [ app_end ] --END-- [ RunTime:0.000843s ]

[ 2016-03-25T10:47:39+08:00 ] ::1 /1.0/library/getBookBySearchTextSortMethodFieldID
INFO: [ app_init ] --START--
INFO: Run Behavior\BuildLiteBehavior [ RunTime:0.000027s ]
INFO: [ app_init ] --END-- [ RunTime:0.000730s ]
INFO: [ app_begin ] --START--
INFO: Run Behavior\ReadHtmlCacheBehavior [ RunTime:0.001109s ]
INFO: [ app_begin ] --END-- [ RunTime:0.001197s ]
SQL: call WenHuiApartment.proc_Book_SelectByMultiCondition('%%', 0, 0, 0, 10); [ RunTime:0.1314s ]
SQL: call WenHuiApartment.proc_UserCollectBookByBookIDUserID_Select(43, 1) [ RunTime:0.0006s ]
SQL: call WenHuiApartment.proc_UserCollectBookByBookIDUserID_Select(10, 1) [ RunTime:0.0002s ]
SQL: call WenHuiApartment.proc_UserCollectBookByBookIDUserID_Select(9, 1) [ RunTime:0.0002s ]
SQL: call WenHuiApartment.proc_UserCollectBookByBookIDUserID_Select(8, 1) [ RunTime:0.0003s ]
SQL: call WenHuiApartment.proc_UserCollectBookByBookIDUserID_Select(7, 1) [ RunTime:0.0003s ]
SQL: call WenHuiApartment.proc_UserCollectBookByBookIDUserID_Select(6, 1) [ RunTime:0.0003s ]
SQL: call WenHuiApartment.proc_UserCollectBookByBookIDUserID_Select(5, 1) [ RunTime:0.0003s ]
SQL: call WenHuiApartment.proc_UserCollectBookByBookIDUserID_Select(4, 1) [ RunTime:0.0002s ]
SQL: call WenHuiApartment.proc_UserCollectBookByBookIDUserID_Select(3, 1) [ RunTime:0.0002s ]
SQL: call WenHuiApartment.proc_UserCollectBookByBookIDUserID_Select(2, 1) [ RunTime:0.0002s ]
INFO: [ app_end ] --START--
INFO: Run Behavior\ShowPageTraceBehavior [ RunTime:0.000534s ]
INFO: [ app_end ] --END-- [ RunTime:0.000579s ]

[ 2016-03-25T10:47:39+08:00 ] ::1 /1.0/Application/Home/Images/Cover/cover_9.png
INFO: [ app_init ] --START--
INFO: Run Behavior\BuildLiteBehavior [ RunTime:0.000056s ]
INFO: [ app_init ] --END-- [ RunTime:0.000887s ]

[ 2016-03-25T10:47:39+08:00 ] ::1 /1.0/Application/Home/Images/Cover/cover_10.png
INFO: [ app_init ] --START--
INFO: Run Behavior\BuildLiteBehavior [ RunTime:0.000070s ]
INFO: [ app_init ] --END-- [ RunTime:0.000525s ]

[ 2016-03-25T11:13:30+08:00 ] ::1 /1.0/activity/getCurrThesis
INFO: [ app_init ] --START--
INFO: Run Behavior\BuildLiteBehavior [ RunTime:0.000018s ]
INFO: [ app_init ] --END-- [ RunTime:0.000511s ]
INFO: [ app_begin ] --START--
INFO: Run Behavior\ReadHtmlCacheBehavior [ RunTime:0.000698s ]
INFO: [ app_begin ] --END-- [ RunTime:0.000779s ]
SQL: call WenHuiApartment.proc_ThesisByThesisState_Select() [ RunTime:0.0013s ]
SQL: call WenHuiApartment.proc_UserCollectThesisBythesisIDUserID_Select(1, 1) [ RunTime:0.0005s ]
SQL: call WenHuiApartment.proc_ArgumentByBelong_Select(1, 0, 1) [ RunTime:0.0012s ]
SQL: call WenHuiApartment.proc_UserSupportArgumentByArgumentIDUserID_Select(36, 1) [ RunTime:0.0007s ]
SQL: call WenHuiApartment.proc_ArgumentByBelong_Select(0, 0, 1) [ RunTime:0.0008s ]
SQL: call WenHuiApartment.proc_UserSupportArgumentByArgumentIDUserID_Select(34, 1) [ RunTime:0.0003s ]
INFO: [ app_end ] --START--
INFO: Run Behavior\ShowPageTraceBehavior [ RunTime:0.001138s ]
INFO: [ app_end ] --END-- [ RunTime:0.001218s ]

[ 2016-03-25T11:13:30+08:00 ] ::1 /1.0/activity/getCoupletBySortMethod
INFO: [ app_init ] --START--
INFO: Run Behavior\BuildLiteBehavior [ RunTime:0.000027s ]
INFO: [ app_init ] --END-- [ RunTime:0.000721s ]
INFO: [ app_begin ] --START--
INFO: Run Behavior\ReadHtmlCacheBehavior [ RunTime:0.004989s ]
INFO: [ app_begin ] --END-- [ RunTime:0.005083s ]
SQL: call WenHuiApartment.proc_Couplet_SelectByMultiCondition(0, 0, 10) [ RunTime:0.0071s ]
SQL: call WenHuiApartment.proc_UserSupportCoupletByCoupletIDUserID_Select(32, 1) [ RunTime:0.0007s ]
SQL: call WenHuiApartment.proc_UserCollectCoupletByCoupletIDUserID_Select(32, 1) [ RunTime:0.0007s ]
SQL: call WenHuiApartment.proc_UserSupportCoupletByCoupletIDUserID_Select(31, 1) [ RunTime:0.0004s ]
SQL: call WenHuiApartment.proc_UserCollectCoupletByCoupletIDUserID_Select(31, 1) [ RunTime:0.0004s ]
SQL: call WenHuiApartment.proc_UserSupportCoupletByCoupletIDUserID_Select(30, 1) [ RunTime:0.0004s ]
SQL: call WenHuiApartment.proc_UserCollectCoupletByCoupletIDUserID_Select(30, 1) [ RunTime:0.0003s ]
SQL: call WenHuiApartment.proc_UserSupportCoupletByCoupletIDUserID_Select(29, 1) [ RunTime:0.0006s ]
SQL: call WenHuiApartment.proc_UserCollectCoupletByCoupletIDUserID_Select(29, 1) [ RunTime:0.0004s ]
SQL: call WenHuiApartment.proc_UserSupportCoupletByCoupletIDUserID_Select(28, 1) [ RunTime:0.0004s ]
SQL: call WenHuiApartment.proc_UserCollectCoupletByCoupletIDUserID_Select(28, 1) [ RunTime:0.0003s ]
SQL: call WenHuiApartment.proc_UserSupportCoupletByCoupletIDUserID_Select(27, 1) [ RunTime:0.0003s ]
SQL: call WenHuiApartment.proc_UserCollectCoupletByCoupletIDUserID_Select(27, 1) [ RunTime:0.0004s ]
SQL: call WenHuiApartment.proc_UserSupportCoupletByCoupletIDUserID_Select(26, 1) [ RunTime:0.0004s ]
SQL: call WenHuiApartment.proc_UserCollectCoupletByCoupletIDUserID_Select(26, 1) [ RunTime:0.0004s ]
SQL: call WenHuiApartment.proc_UserSupportCoupletByCoupletIDUserID_Select(25, 1) [ RunTime:0.0004s ]
SQL: call WenHuiApartment.proc_UserCollectCoupletByCoupletIDUserID_Select(25, 1) [ RunTime:0.0003s ]
SQL: call WenHuiApartment.proc_UserSupportCoupletByCoupletIDUserID_Select(24, 1) [ RunTime:0.0003s ]
SQL: call WenHuiApartment.proc_UserCollectCoupletByCoupletIDUserID_Select(24, 1) [ RunTime:0.0004s ]
SQL: call WenHuiApartment.proc_UserSupportCoupletByCoupletIDUserID_Select(23, 1) [ RunTime:0.0003s ]
SQL: call WenHuiApartment.proc_UserCollectCoupletByCoupletIDUserID_Select(23, 1) [ RunTime:0.0003s ]
INFO: [ app_end ] --START--
INFO: Run Behavior\ShowPageTraceBehavior [ RunTime:0.000765s ]
INFO: [ app_end ] --END-- [ RunTime:0.000860s ]

[ 2016-03-25T11:13:31+08:00 ] ::1 /1.0/library/getBookBySearchTextSortMethodFieldID
INFO: [ app_init ] --START--
INFO: Run Behavior\BuildLiteBehavior [ RunTime:0.000018s ]
INFO: [ app_init ] --END-- [ RunTime:0.000402s ]
INFO: [ app_begin ] --START--
INFO: Run Behavior\ReadHtmlCacheBehavior [ RunTime:0.000544s ]
INFO: [ app_begin ] --END-- [ RunTime:0.000608s ]
SQL: call WenHuiApartment.proc_Book_SelectByMultiCondition('%%', 0, 0, 0, 10); [ RunTime:0.0064s ]
SQL: call WenHuiApartment.proc_UserCollectBookByBookIDUserID_Select(43, 1) [ RunTime:0.0006s ]
SQL: call WenHuiApartment.proc_UserCollectBookByBookIDUserID_Select(10, 1) [ RunTime:0.0003s ]
SQL: call WenHuiApartment.proc_UserCollectBookByBookIDUserID_Select(9, 1) [ RunTime:0.0003s ]
SQL: call WenHuiApartment.proc_UserCollectBookByBookIDUserID_Select(8, 1) [ RunTime:0.0003s ]
SQL: call WenHuiApartment.proc_UserCollectBookByBookIDUserID_Select(7, 1) [ RunTime:0.0003s ]
SQL: call WenHuiApartment.proc_UserCollectBookByBookIDUserID_Select(6, 1) [ RunTime:0.0003s ]
SQL: call WenHuiApartment.proc_UserCollectBookByBookIDUserID_Select(5, 1) [ RunTime:0.0002s ]
SQL: call WenHuiApartment.proc_UserCollectBookByBookIDUserID_Select(4, 1) [ RunTime:0.0002s ]
SQL: call WenHuiApartment.proc_UserCollectBookByBookIDUserID_Select(3, 1) [ RunTime:0.0003s ]
SQL: call WenHuiApartment.proc_UserCollectBookByBookIDUserID_Select(2, 1) [ RunTime:0.0003s ]
INFO: [ app_end ] --START--
INFO: Run Behavior\ShowPageTraceBehavior [ RunTime:0.000772s ]
INFO: [ app_end ] --END-- [ RunTime:0.000865s ]

[ 2016-03-25T11:13:31+08:00 ] ::1 /1.0/Application/Home/Images/Cover/cover_10.png
INFO: [ app_init ] --START--
INFO: Run Behavior\BuildLiteBehavior [ RunTime:0.000012s ]
INFO: [ app_init ] --END-- [ RunTime:0.000311s ]

[ 2016-03-25T11:13:31+08:00 ] ::1 /1.0/Application/Home/Images/Cover/cover_9.png
INFO: [ app_init ] --START--
INFO: Run Behavior\BuildLiteBehavior [ RunTime:0.000019s ]
INFO: [ app_init ] --END-- [ RunTime:0.000686s ]

[ 2016-03-25T11:13:31+08:00 ] ::1 /1.0/common/getField
INFO: [ app_init ] --START--
INFO: Run Behavior\BuildLiteBehavior [ RunTime:0.000012s ]
INFO: [ app_init ] --END-- [ RunTime:0.000356s ]
INFO: [ app_begin ] --START--
INFO: Run Behavior\ReadHtmlCacheBehavior [ RunTime:0.000494s ]
INFO: [ app_begin ] --END-- [ RunTime:0.000552s ]
SQL: SHOW COLUMNS FROM `t_field` [ RunTime:0.0867s ]
SQL: SELECT * FROM `t_field`  [ RunTime:0.0003s ]
INFO: [ app_end ] --START--
INFO: Run Behavior\ShowPageTraceBehavior [ RunTime:0.000571s ]
INFO: [ app_end ] --END-- [ RunTime:0.000622s ]

[ 2016-03-25T11:21:42+08:00 ] ::1 /1.0/common/getField
INFO: [ app_init ] --START--
INFO: Run Behavior\BuildLiteBehavior [ RunTime:0.000016s ]
INFO: [ app_init ] --END-- [ RunTime:0.000743s ]
INFO: [ app_begin ] --START--
INFO: Run Behavior\ReadHtmlCacheBehavior [ RunTime:0.000840s ]
INFO: [ app_begin ] --END-- [ RunTime:0.000918s ]
SQL: SHOW COLUMNS FROM `t_field` [ RunTime:0.0773s ]
SQL: SELECT * FROM `t_field`  [ RunTime:0.0004s ]
INFO: [ app_end ] --START--
INFO: Run Behavior\ShowPageTraceBehavior [ RunTime:0.000785s ]
INFO: [ app_end ] --END-- [ RunTime:0.000887s ]

[ 2016-03-25T11:21:42+08:00 ] ::1 /1.0/library/getBookBySearchTextSortMethodFieldID
INFO: [ app_init ] --START--
INFO: Run Behavior\BuildLiteBehavior [ RunTime:0.000016s ]
INFO: [ app_init ] --END-- [ RunTime:0.000468s ]
INFO: [ app_begin ] --START--
INFO: Run Behavior\ReadHtmlCacheBehavior [ RunTime:0.000847s ]
INFO: [ app_begin ] --END-- [ RunTime:0.000918s ]
SQL: call WenHuiApartment.proc_Book_SelectByMultiCondition('%%', 0, 0, 0, 10); [ RunTime:0.0798s ]
SQL: call WenHuiApartment.proc_UserCollectBookByBookIDUserID_Select(43, 1) [ RunTime:0.0004s ]
SQL: call WenHuiApartment.proc_UserCollectBookByBookIDUserID_Select(10, 1) [ RunTime:0.0002s ]
SQL: call WenHuiApartment.proc_UserCollectBookByBookIDUserID_Select(9, 1) [ RunTime:0.0003s ]
SQL: call WenHuiApartment.proc_UserCollectBookByBookIDUserID_Select(8, 1) [ RunTime:0.0002s ]
SQL: call WenHuiApartment.proc_UserCollectBookByBookIDUserID_Select(7, 1) [ RunTime:0.0002s ]
SQL: call WenHuiApartment.proc_UserCollectBookByBookIDUserID_Select(6, 1) [ RunTime:0.0002s ]
SQL: call WenHuiApartment.proc_UserCollectBookByBookIDUserID_Select(5, 1) [ RunTime:0.0002s ]
SQL: call WenHuiApartment.proc_UserCollectBookByBookIDUserID_Select(4, 1) [ RunTime:0.0002s ]
SQL: call WenHuiApartment.proc_UserCollectBookByBookIDUserID_Select(3, 1) [ RunTime:0.0002s ]
SQL: call WenHuiApartment.proc_UserCollectBookByBookIDUserID_Select(2, 1) [ RunTime:0.0002s ]
INFO: [ app_end ] --START--
INFO: Run Behavior\ShowPageTraceBehavior [ RunTime:0.000698s ]
INFO: [ app_end ] --END-- [ RunTime:0.000768s ]

[ 2016-03-25T11:21:43+08:00 ] ::1 /1.0/Application/Home/Images/Cover/cover_9.png
INFO: [ app_init ] --START--
INFO: Run Behavior\BuildLiteBehavior [ RunTime:0.000016s ]
INFO: [ app_init ] --END-- [ RunTime:0.000380s ]

[ 2016-03-25T11:21:43+08:00 ] ::1 /1.0/Application/Home/Images/Cover/cover_10.png
INFO: [ app_init ] --START--
INFO: Run Behavior\BuildLiteBehavior [ RunTime:0.000048s ]
INFO: [ app_init ] --END-- [ RunTime:0.000543s ]

[ 2016-03-25T11:21:43+08:00 ] ::1 /1.0/activity/getCoupletBySortMethod
INFO: [ app_init ] --START--
INFO: Run Behavior\BuildLiteBehavior [ RunTime:0.000017s ]
INFO: [ app_init ] --END-- [ RunTime:0.000404s ]
INFO: [ app_begin ] --START--
INFO: Run Behavior\ReadHtmlCacheBehavior [ RunTime:0.000518s ]
INFO: [ app_begin ] --END-- [ RunTime:0.000579s ]
SQL: call WenHuiApartment.proc_Couplet_SelectByMultiCondition(0, 0, 10) [ RunTime:0.0052s ]
SQL: call WenHuiApartment.proc_UserSupportCoupletByCoupletIDUserID_Select(32, 1) [ RunTime:0.0013s ]
SQL: call WenHuiApartment.proc_UserCollectCoupletByCoupletIDUserID_Select(32, 1) [ RunTime:0.0004s ]
SQL: call WenHuiApartment.proc_UserSupportCoupletByCoupletIDUserID_Select(31, 1) [ RunTime:0.0003s ]
SQL: call WenHuiApartment.proc_UserCollectCoupletByCoupletIDUserID_Select(31, 1) [ RunTime:0.0002s ]
SQL: call WenHuiApartment.proc_UserSupportCoupletByCoupletIDUserID_Select(30, 1) [ RunTime:0.0002s ]
SQL: call WenHuiApartment.proc_UserCollectCoupletByCoupletIDUserID_Select(30, 1) [ RunTime:0.0002s ]
SQL: call WenHuiApartment.proc_UserSupportCoupletByCoupletIDUserID_Select(29, 1) [ RunTime:0.0002s ]
SQL: call WenHuiApartment.proc_UserCollectCoupletByCoupletIDUserID_Select(29, 1) [ RunTime:0.0003s ]
SQL: call WenHuiApartment.proc_UserSupportCoupletByCoupletIDUserID_Select(28, 1) [ RunTime:0.0005s ]
SQL: call WenHuiApartment.proc_UserCollectCoupletByCoupletIDUserID_Select(28, 1) [ RunTime:0.0004s ]
SQL: call WenHuiApartment.proc_UserSupportCoupletByCoupletIDUserID_Select(27, 1) [ RunTime:0.0006s ]
SQL: call WenHuiApartment.proc_UserCollectCoupletByCoupletIDUserID_Select(27, 1) [ RunTime:0.0004s ]
SQL: call WenHuiApartment.proc_UserSupportCoupletByCoupletIDUserID_Select(26, 1) [ RunTime:0.0004s ]
SQL: call WenHuiApartment.proc_UserCollectCoupletByCoupletIDUserID_Select(26, 1) [ RunTime:0.0003s ]
SQL: call WenHuiApartment.proc_UserSupportCoupletByCoupletIDUserID_Select(25, 1) [ RunTime:0.0003s ]
SQL: call WenHuiApartment.proc_UserCollectCoupletByCoupletIDUserID_Select(25, 1) [ RunTime:0.0003s ]
SQL: call WenHuiApartment.proc_UserSupportCoupletByCoupletIDUserID_Select(24, 1) [ RunTime:0.0003s ]
SQL: call WenHuiApartment.proc_UserCollectCoupletByCoupletIDUserID_Select(24, 1) [ RunTime:0.0003s ]
SQL: call WenHuiApartment.proc_UserSupportCoupletByCoupletIDUserID_Select(23, 1) [ RunTime:0.0002s ]
SQL: call WenHuiApartment.proc_UserCollectCoupletByCoupletIDUserID_Select(23, 1) [ RunTime:0.0002s ]
INFO: [ app_end ] --START--
INFO: Run Behavior\ShowPageTraceBehavior [ RunTime:0.000576s ]
INFO: [ app_end ] --END-- [ RunTime:0.000619s ]

[ 2016-03-25T11:21:43+08:00 ] ::1 /1.0/activity/getCurrThesis
INFO: [ app_init ] --START--
INFO: Run Behavior\BuildLiteBehavior [ RunTime:0.000025s ]
INFO: [ app_init ] --END-- [ RunTime:0.000316s ]
INFO: [ app_begin ] --START--
INFO: Run Behavior\ReadHtmlCacheBehavior [ RunTime:0.000513s ]
INFO: [ app_begin ] --END-- [ RunTime:0.000571s ]
SQL: call WenHuiApartment.proc_ThesisByThesisState_Select() [ RunTime:0.0006s ]
SQL: call WenHuiApartment.proc_UserCollectThesisBythesisIDUserID_Select(1, 1) [ RunTime:0.0003s ]
SQL: call WenHuiApartment.proc_ArgumentByBelong_Select(1, 0, 1) [ RunTime:0.0007s ]
SQL: call WenHuiApartment.proc_UserSupportArgumentByArgumentIDUserID_Select(36, 1) [ RunTime:0.0004s ]
SQL: call WenHuiApartment.proc_ArgumentByBelong_Select(0, 0, 1) [ RunTime:0.0006s ]
SQL: call WenHuiApartment.proc_UserSupportArgumentByArgumentIDUserID_Select(34, 1) [ RunTime:0.0003s ]
INFO: [ app_end ] --START--
INFO: Run Behavior\ShowPageTraceBehavior [ RunTime:0.000549s ]
INFO: [ app_end ] --END-- [ RunTime:0.000600s ]

[ 2016-03-25T11:21:44+08:00 ] ::1 /1.0/common/getField
INFO: [ app_init ] --START--
INFO: Run Behavior\BuildLiteBehavior [ RunTime:0.000017s ]
INFO: [ app_init ] --END-- [ RunTime:0.000403s ]
INFO: [ app_begin ] --START--
INFO: Run Behavior\ReadHtmlCacheBehavior [ RunTime:0.000539s ]
INFO: [ app_begin ] --END-- [ RunTime:0.000589s ]
SQL: SHOW COLUMNS FROM `t_field` [ RunTime:0.0255s ]
SQL: SELECT * FROM `t_field`  [ RunTime:0.0003s ]
INFO: [ app_end ] --START--
INFO: Run Behavior\ShowPageTraceBehavior [ RunTime:0.000545s ]
INFO: [ app_end ] --END-- [ RunTime:0.000593s ]

[ 2016-03-25T11:21:44+08:00 ] ::1 /1.0/communion/getBookpostBySearchTextSortMethodFieldID
INFO: [ app_init ] --START--
INFO: Run Behavior\BuildLiteBehavior [ RunTime:0.000013s ]
INFO: [ app_init ] --END-- [ RunTime:0.000387s ]
INFO: [ app_begin ] --START--
INFO: Run Behavior\ReadHtmlCacheBehavior [ RunTime:0.000525s ]
INFO: [ app_begin ] --END-- [ RunTime:0.000581s ]
SQL: call proc_Bookpost_SelectByMultiCondition('%%', 0, 0, 0, 10) [ RunTime:0.0913s ]
SQL: call proc_UserCollectBookpostByBookpostIDUserID_Select(1,17) [ RunTime:0.0008s ]
SQL: call proc_UserCollectBookpostByBookpostIDUserID_Select(1,17) [ RunTime:0.0003s ]
SQL: call proc_UserCollectBookpostByBookpostIDUserID_Select(1,16) [ RunTime:0.0003s ]
SQL: call proc_UserCollectBookpostByBookpostIDUserID_Select(1,16) [ RunTime:0.0006s ]
SQL: call proc_UserCollectBookpostByBookpostIDUserID_Select(1,10) [ RunTime:0.0003s ]
SQL: call proc_UserCollectBookpostByBookpostIDUserID_Select(1,10) [ RunTime:0.0010s ]
SQL: call proc_UserCollectBookpostByBookpostIDUserID_Select(1,9) [ RunTime:0.0004s ]
SQL: call proc_UserCollectBookpostByBookpostIDUserID_Select(1,9) [ RunTime:0.0007s ]
SQL: call proc_UserCollectBookpostByBookpostIDUserID_Select(1,8) [ RunTime:0.0003s ]
SQL: call proc_UserCollectBookpostByBookpostIDUserID_Select(1,8) [ RunTime:0.0002s ]
SQL: call proc_UserCollectBookpostByBookpostIDUserID_Select(1,7) [ RunTime:0.0002s ]
SQL: call proc_UserCollectBookpostByBookpostIDUserID_Select(1,7) [ RunTime:0.0002s ]
SQL: call proc_UserCollectBookpostByBookpostIDUserID_Select(1,6) [ RunTime:0.0003s ]
SQL: call proc_UserCollectBookpostByBookpostIDUserID_Select(1,6) [ RunTime:0.0003s ]
SQL: call proc_UserCollectBookpostByBookpostIDUserID_Select(1,5) [ RunTime:0.0002s ]
SQL: call proc_UserCollectBookpostByBookpostIDUserID_Select(1,5) [ RunTime:0.0002s ]
SQL: call proc_UserCollectBookpostByBookpostIDUserID_Select(1,4) [ RunTime:0.0002s ]
SQL: call proc_UserCollectBookpostByBookpostIDUserID_Select(1,4) [ RunTime:0.0002s ]
SQL: call proc_UserCollectBookpostByBookpostIDUserID_Select(1,3) [ RunTime:0.0002s ]
SQL: call proc_UserCollectBookpostByBookpostIDUserID_Select(1,3) [ RunTime:0.0003s ]
INFO: [ app_end ] --START--
INFO: Run Behavior\ShowPageTraceBehavior [ RunTime:0.000572s ]
INFO: [ app_end ] --END-- [ RunTime:0.000617s ]

[ 2016-03-25T16:22:36+08:00 ] ::1 /1.0/user/uploadUserHead
INFO: [ app_init ] --START--
INFO: Run Behavior\BuildLiteBehavior [ RunTime:0.000016s ]
INFO: [ app_init ] --END-- [ RunTime:0.000723s ]
INFO: [ app_begin ] --START--
INFO: Run Behavior\ReadHtmlCacheBehavior [ RunTime:0.000871s ]
INFO: [ app_begin ] --END-- [ RunTime:0.000952s ]
NOTIC: [8] Undefined index: head /Applications/MAMP/htdocs/1.0/Application/HOME/Controller/UserController.class.php 第 21 行.
NOTIC: [8] Undefined variable: tmpPath /Applications/MAMP/htdocs/1.0/Application/HOME/Controller/UserController.class.php 第 21 行.
NOTIC: [8] Undefined variable: filePath /Applications/MAMP/htdocs/1.0/Application/HOME/Controller/UserController.class.php 第 21 行.
INFO: [ app_end ] --START--
INFO: Run Behavior\ShowPageTraceBehavior [ RunTime:0.000902s ]
INFO: [ app_end ] --END-- [ RunTime:0.000981s ]

[ 2016-03-25T16:22:52+08:00 ] ::1 /1.0/user/uploadUserHead
INFO: [ app_init ] --START--
INFO: Run Behavior\BuildLiteBehavior [ RunTime:0.000024s ]
INFO: [ app_init ] --END-- [ RunTime:0.000515s ]
INFO: [ app_begin ] --START--
INFO: Run Behavior\ReadHtmlCacheBehavior [ RunTime:0.000663s ]
INFO: [ app_begin ] --END-- [ RunTime:0.000751s ]
ERR: syntax error, unexpected ']', expecting ',' or ')'

[ 2016-03-25T16:23:02+08:00 ] ::1 /1.0/user/uploadUserHead
INFO: [ app_init ] --START--
INFO: Run Behavior\BuildLiteBehavior [ RunTime:0.000020s ]
INFO: [ app_init ] --END-- [ RunTime:0.000598s ]
INFO: [ app_begin ] --START--
INFO: Run Behavior\ReadHtmlCacheBehavior [ RunTime:0.000583s ]
INFO: [ app_begin ] --END-- [ RunTime:0.000654s ]
NOTIC: [8] Undefined index: head /Applications/MAMP/htdocs/1.0/Application/HOME/Controller/UserController.class.php 第 21 行.
NOTIC: [8] Undefined variable: tmpPath /Applications/MAMP/htdocs/1.0/Application/HOME/Controller/UserController.class.php 第 21 行.
NOTIC: [8] Undefined variable: filePath /Applications/MAMP/htdocs/1.0/Application/HOME/Controller/UserController.class.php 第 21 行.
INFO: [ app_end ] --START--
INFO: Run Behavior\ShowPageTraceBehavior [ RunTime:0.000679s ]
INFO: [ app_end ] --END-- [ RunTime:0.000748s ]

[ 2016-03-25T16:23:21+08:00 ] ::1 /1.0/user/uploadUserHead
INFO: [ app_init ] --START--
INFO: Run Behavior\BuildLiteBehavior [ RunTime:0.000012s ]
INFO: [ app_init ] --END-- [ RunTime:0.000318s ]
INFO: [ app_begin ] --START--
INFO: Run Behavior\ReadHtmlCacheBehavior [ RunTime:0.000443s ]
INFO: [ app_begin ] --END-- [ RunTime:0.000506s ]
NOTIC: [8] Undefined index: head /Applications/MAMP/htdocs/1.0/Application/HOME/Controller/UserController.class.php 第 21 行.
NOTIC: [8] Undefined variable: tmpPath /Applications/MAMP/htdocs/1.0/Application/HOME/Controller/UserController.class.php 第 21 行.
NOTIC: [8] Undefined variable: filePath /Applications/MAMP/htdocs/1.0/Application/HOME/Controller/UserController.class.php 第 21 行.
INFO: [ app_end ] --START--
INFO: Run Behavior\ShowPageTraceBehavior [ RunTime:0.000766s ]
INFO: [ app_end ] --END-- [ RunTime:0.000886s ]

[ 2016-03-25T16:23:34+08:00 ] ::1 /1.0/user/uploadUserHead
INFO: [ app_init ] --START--
INFO: Run Behavior\BuildLiteBehavior [ RunTime:0.000021s ]
INFO: [ app_init ] --END-- [ RunTime:0.000547s ]
INFO: [ app_begin ] --START--
INFO: Run Behavior\ReadHtmlCacheBehavior [ RunTime:0.000533s ]
INFO: [ app_begin ] --END-- [ RunTime:0.000616s ]
NOTIC: [8] Undefined index: head /Applications/MAMP/htdocs/1.0/Application/HOME/Controller/UserController.class.php 第 21 行.
NOTIC: [8] Undefined variable: tmpPath /Applications/MAMP/htdocs/1.0/Application/HOME/Controller/UserController.class.php 第 21 行.
NOTIC: [8] Undefined variable: filePath /Applications/MAMP/htdocs/1.0/Application/HOME/Controller/UserController.class.php 第 21 行.
INFO: [ app_end ] --START--
INFO: Run Behavior\ShowPageTraceBehavior [ RunTime:0.000725s ]
INFO: [ app_end ] --END-- [ RunTime:0.000809s ]

[ 2016-03-25T16:23:39+08:00 ] ::1 /1.0/user/uploadUserHead
INFO: [ app_init ] --START--
INFO: Run Behavior\BuildLiteBehavior [ RunTime:0.000013s ]
INFO: [ app_init ] --END-- [ RunTime:0.000316s ]
INFO: [ app_begin ] --START--
INFO: Run Behavior\ReadHtmlCacheBehavior [ RunTime:0.000381s ]
INFO: [ app_begin ] --END-- [ RunTime:0.000421s ]
NOTIC: [8] Undefined index: head /Applications/MAMP/htdocs/1.0/Application/HOME/Controller/UserController.class.php 第 21 行.
NOTIC: [8] Undefined variable: tmpPath /Applications/MAMP/htdocs/1.0/Application/HOME/Controller/UserController.class.php 第 21 行.
NOTIC: [8] Undefined variable: filePath /Applications/MAMP/htdocs/1.0/Application/HOME/Controller/UserController.class.php 第 21 行.
INFO: [ app_end ] --START--
INFO: Run Behavior\ShowPageTraceBehavior [ RunTime:0.000414s ]
INFO: [ app_end ] --END-- [ RunTime:0.000450s ]

[ 2016-03-25T16:23:40+08:00 ] ::1 /1.0/user/uploadUserHead
INFO: [ app_init ] --START--
INFO: Run Behavior\BuildLiteBehavior [ RunTime:0.000081s ]
INFO: [ app_init ] --END-- [ RunTime:0.000993s ]
INFO: [ app_begin ] --START--
INFO: Run Behavior\ReadHtmlCacheBehavior [ RunTime:0.001453s ]
INFO: [ app_begin ] --END-- [ RunTime:0.001675s ]
NOTIC: [8] Undefined index: head /Applications/MAMP/htdocs/1.0/Application/HOME/Controller/UserController.class.php 第 21 行.
NOTIC: [8] Undefined variable: tmpPath /Applications/MAMP/htdocs/1.0/Application/HOME/Controller/UserController.class.php 第 21 行.
NOTIC: [8] Undefined variable: filePath /Applications/MAMP/htdocs/1.0/Application/HOME/Controller/UserController.class.php 第 21 行.
INFO: [ app_end ] --START--
INFO: Run Behavior\ShowPageTraceBehavior [ RunTime:0.000495s ]
INFO: [ app_end ] --END-- [ RunTime:0.000538s ]

[ 2016-03-25T16:24:02+08:00 ] ::1 /1.0/user/uploadUserHead
INFO: [ app_init ] --START--
INFO: Run Behavior\BuildLiteBehavior [ RunTime:0.000012s ]
INFO: [ app_init ] --END-- [ RunTime:0.000290s ]
INFO: [ app_begin ] --START--
INFO: Run Behavior\ReadHtmlCacheBehavior [ RunTime:0.000383s ]
INFO: [ app_begin ] --END-- [ RunTime:0.000426s ]
ERR: 1146:Table 'wenhuiapartment.t_t__u_s_e_r' doesn't exist
 [ SQL语句 ] : SHOW COLUMNS FROM `t_t__u_s_e_r`
ERR: 1146:Table 'wenhuiapartment.t_t__u_s_e_r' doesn't exist
 [ SQL语句 ] : SHOW COLUMNS FROM `t_t__u_s_e_r`

[ 2016-03-25T16:24:18+08:00 ] ::1 /1.0/user/uploadUserHead
INFO: [ app_init ] --START--
INFO: Run Behavior\BuildLiteBehavior [ RunTime:0.000011s ]
INFO: [ app_init ] --END-- [ RunTime:0.000285s ]
INFO: [ app_begin ] --START--
INFO: Run Behavior\ReadHtmlCacheBehavior [ RunTime:0.000545s ]
INFO: [ app_begin ] --END-- [ RunTime:0.000597s ]
ERR: 1146:Table 'wenhuiapartment.t_u_s_e_r' doesn't exist
 [ SQL语句 ] : SHOW COLUMNS FROM `t_u_s_e_r`
ERR: 1146:Table 'wenhuiapartment.t_u_s_e_r' doesn't exist
 [ SQL语句 ] : SHOW COLUMNS FROM `t_u_s_e_r`

[ 2016-03-25T16:24:29+08:00 ] ::1 /1.0/user/uploadUserHead
INFO: [ app_init ] --START--
INFO: Run Behavior\BuildLiteBehavior [ RunTime:0.000015s ]
INFO: [ app_init ] --END-- [ RunTime:0.000615s ]
INFO: [ app_begin ] --START--
INFO: Run Behavior\ReadHtmlCacheBehavior [ RunTime:0.000462s ]
INFO: [ app_begin ] --END-- [ RunTime:0.000526s ]
SQL: SHOW COLUMNS FROM `t_user` [ RunTime:0.0592s ]
SQL: UPDATE `t_user` SET `user_face_url`='zcp' [ RunTime:0.0016s ]
INFO: [ app_end ] --START--
INFO: Run Behavior\ShowPageTraceBehavior [ RunTime:0.000543s ]
INFO: [ app_end ] --END-- [ RunTime:0.000588s ]

[ 2016-03-25T16:25:32+08:00 ] ::1 /1.0/user/uploadUserHead
INFO: [ app_init ] --START--
INFO: Run Behavior\BuildLiteBehavior [ RunTime:0.000011s ]
INFO: [ app_init ] --END-- [ RunTime:0.000287s ]
INFO: [ app_begin ] --START--
INFO: Run Behavior\ReadHtmlCacheBehavior [ RunTime:0.000358s ]
INFO: [ app_begin ] --END-- [ RunTime:0.000393s ]
SQL: SHOW COLUMNS FROM `t_user` [ RunTime:0.0514s ]
SQL: UPDATE `t_user` SET `user_face_url`='aaa' WHERE `pk_user_id` = 1 [ RunTime:0.0005s ]
INFO: [ app_end ] --START--
INFO: Run Behavior\ShowPageTraceBehavior [ RunTime:0.000477s ]
INFO: [ app_end ] --END-- [ RunTime:0.000518s ]

[ 2016-03-25T16:25:57+08:00 ] ::1 /1.0/user/uploadUserHead
INFO: [ app_init ] --START--
INFO: Run Behavior\BuildLiteBehavior [ RunTime:0.000014s ]
INFO: [ app_init ] --END-- [ RunTime:0.000438s ]
INFO: [ app_begin ] --START--
INFO: Run Behavior\ReadHtmlCacheBehavior [ RunTime:0.000603s ]
INFO: [ app_begin ] --END-- [ RunTime:0.000676s ]
SQL: SHOW COLUMNS FROM `t_user` [ RunTime:0.0548s ]
SQL: UPDATE `t_user` SET `user_face_url`='aaa' WHERE `pk_user_id` = 1 [ RunTime:0.0005s ]
INFO: [ app_end ] --START--
INFO: Run Behavior\ShowPageTraceBehavior [ RunTime:0.000533s ]
INFO: [ app_end ] --END-- [ RunTime:0.000578s ]

[ 2016-03-25T16:26:29+08:00 ] ::1 /1.0/user/uploadUserHead
INFO: [ app_init ] --START--
INFO: Run Behavior\BuildLiteBehavior [ RunTime:0.000013s ]
INFO: [ app_init ] --END-- [ RunTime:0.000377s ]
INFO: [ app_begin ] --START--
INFO: Run Behavior\ReadHtmlCacheBehavior [ RunTime:0.000589s ]
INFO: [ app_begin ] --END-- [ RunTime:0.000653s ]
SQL: SHOW COLUMNS FROM `t_user` [ RunTime:0.0445s ]
INFO: [ app_end ] --START--
INFO: Run Behavior\ShowPageTraceBehavior [ RunTime:0.000524s ]
INFO: [ app_end ] --END-- [ RunTime:0.000565s ]

[ 2016-03-25T16:26:41+08:00 ] ::1 /1.0/user/uploadUserHead
INFO: [ app_init ] --START--
INFO: Run Behavior\BuildLiteBehavior [ RunTime:0.000018s ]
INFO: [ app_init ] --END-- [ RunTime:0.000485s ]
INFO: [ app_begin ] --START--
INFO: Run Behavior\ReadHtmlCacheBehavior [ RunTime:0.000672s ]
INFO: [ app_begin ] --END-- [ RunTime:0.000894s ]
SQL: SHOW COLUMNS FROM `t_user` [ RunTime:0.0414s ]
INFO: [ app_end ] --START--
INFO: Run Behavior\ShowPageTraceBehavior [ RunTime:0.000538s ]
INFO: [ app_end ] --END-- [ RunTime:0.000580s ]

[ 2016-03-25T16:26:54+08:00 ] ::1 /1.0/user/uploadUserHead
INFO: [ app_init ] --START--
INFO: Run Behavior\BuildLiteBehavior [ RunTime:0.000018s ]
INFO: [ app_init ] --END-- [ RunTime:0.000408s ]
INFO: [ app_begin ] --START--
INFO: Run Behavior\ReadHtmlCacheBehavior [ RunTime:0.000522s ]
INFO: [ app_begin ] --END-- [ RunTime:0.000582s ]
SQL: SHOW COLUMNS FROM `t_user` [ RunTime:0.0377s ]
INFO: [ app_end ] --START--
INFO: Run Behavior\ShowPageTraceBehavior [ RunTime:0.000531s ]
INFO: [ app_end ] --END-- [ RunTime:0.000572s ]

[ 2016-03-25T16:27:30+08:00 ] ::1 /1.0/user/uploadUserHead
INFO: [ app_init ] --START--
INFO: Run Behavior\BuildLiteBehavior [ RunTime:0.000019s ]
INFO: [ app_init ] --END-- [ RunTime:0.000462s ]
INFO: [ app_begin ] --START--
INFO: Run Behavior\ReadHtmlCacheBehavior [ RunTime:0.000571s ]
INFO: [ app_begin ] --END-- [ RunTime:0.000630s ]
SQL: SHOW COLUMNS FROM `t_user` [ RunTime:0.0426s ]
SQL: UPDATE `t_user` SET `user_face_url`='bba' WHERE `pk_user_id` = 1 [ RunTime:0.0009s ]
INFO: [ app_end ] --START--
INFO: Run Behavior\ShowPageTraceBehavior [ RunTime:0.000543s ]
INFO: [ app_end ] --END-- [ RunTime:0.000585s ]

[ 2016-03-25T16:27:51+08:00 ] ::1 /1.0/user/uploadUserHead
INFO: [ app_init ] --START--
INFO: Run Behavior\BuildLiteBehavior [ RunTime:0.000018s ]
INFO: [ app_init ] --END-- [ RunTime:0.000463s ]
INFO: [ app_begin ] --START--
INFO: Run Behavior\ReadHtmlCacheBehavior [ RunTime:0.000399s ]
INFO: [ app_begin ] --END-- [ RunTime:0.000446s ]
SQL: SHOW COLUMNS FROM `t_user` [ RunTime:0.0528s ]
INFO: [ app_end ] --START--
INFO: Run Behavior\ShowPageTraceBehavior [ RunTime:0.000528s ]
INFO: [ app_end ] --END-- [ RunTime:0.000571s ]

[ 2016-03-25T16:38:41+08:00 ] ::1 /1.0/user/getUserByCurrUserID
INFO: [ app_init ] --START--
INFO: Run Behavior\BuildLiteBehavior [ RunTime:0.000020s ]
INFO: [ app_init ] --END-- [ RunTime:0.000508s ]
INFO: [ app_begin ] --START--
INFO: Run Behavior\ReadHtmlCacheBehavior [ RunTime:0.000618s ]
INFO: [ app_begin ] --END-- [ RunTime:0.000690s ]
ERR: 1146:Table 'wenhuiapartment.t_' doesn't exist
 [ SQL语句 ] : SELECT * FROM `t_` WHERE `pk_user_id` = '1' 
ERR: 1146:Table 'wenhuiapartment.t_' doesn't exist
 [ SQL语句 ] : SELECT * FROM `t_` WHERE `pk_user_id` = '1' 

[ 2016-03-25T16:39:00+08:00 ] ::1 /1.0/user/getUserByCurrUserID
INFO: [ app_init ] --START--
INFO: Run Behavior\BuildLiteBehavior [ RunTime:0.000018s ]
INFO: [ app_init ] --END-- [ RunTime:0.000494s ]
INFO: [ app_begin ] --START--
INFO: Run Behavior\ReadHtmlCacheBehavior [ RunTime:0.000401s ]
INFO: [ app_begin ] --END-- [ RunTime:0.000460s ]
SQL: SHOW COLUMNS FROM `t_user` [ RunTime:0.0325s ]
SQL: SELECT * FROM `t_user` WHERE `pk_user_id` = 1  [ RunTime:0.0003s ]
NOTIC: [8] Undefined index: level_name /Applications/MAMP/htdocs/1.0/Application/HOME/Controller/UserController.class.php 第 50 行.
ERR: 1305:PROCEDURE wenhuiapartment.proc_UserFocusFieldByUserID_Select does not exist
 [ SQL语句 ] : call proc_UserFocusFieldByUserID_Select(1)
ERR: 1305:PROCEDURE wenhuiapartment.proc_UserFocusFieldByUserID_Select does not exist
 [ SQL语句 ] : call proc_UserFocusFieldByUserID_Select(1)

[ 2016-03-25T16:45:29+08:00 ] ::1 /1.0/user/getUserByCurrUserID
INFO: [ app_init ] --START--
INFO: Run Behavior\BuildLiteBehavior [ RunTime:0.000020s ]
INFO: [ app_init ] --END-- [ RunTime:0.000638s ]
INFO: [ app_begin ] --START--
INFO: Run Behavior\ReadHtmlCacheBehavior [ RunTime:0.000796s ]
INFO: [ app_begin ] --END-- [ RunTime:0.000874s ]
SQL: SHOW COLUMNS FROM `t_user` [ RunTime:0.0478s ]
SQL: SELECT * FROM `t_user` WHERE `pk_user_id` = 1  [ RunTime:0.0003s ]
NOTIC: [8] Undefined index: level_name /Applications/MAMP/htdocs/1.0/Application/HOME/Controller/UserController.class.php 第 50 行.
SQL: call proc_UserFocusFieldByUserID_Select(1) [ RunTime:0.0004s ]
INFO: [ app_end ] --START--
INFO: Run Behavior\ShowPageTraceBehavior [ RunTime:0.000868s ]
INFO: [ app_end ] --END-- [ RunTime:0.000924s ]

[ 2016-03-25T16:47:07+08:00 ] ::1 /1.0/user/getUserByCurrUserID
INFO: [ app_init ] --START--
INFO: Run Behavior\BuildLiteBehavior [ RunTime:0.000021s ]
INFO: [ app_init ] --END-- [ RunTime:0.000493s ]
INFO: [ app_begin ] --START--
INFO: Run Behavior\ReadHtmlCacheBehavior [ RunTime:0.000604s ]
INFO: [ app_begin ] --END-- [ RunTime:0.000679s ]
SQL: SHOW COLUMNS FROM `t_user` [ RunTime:0.0322s ]
SQL: SELECT * FROM `t_user` WHERE `pk_user_id` = 1  [ RunTime:0.0004s ]
NOTIC: [8] Undefined index: level_name /Applications/MAMP/htdocs/1.0/Application/HOME/Controller/UserController.class.php 第 50 行.
SQL: call proc_UserFocusFieldByUserID_Select(1) [ RunTime:0.0004s ]
INFO: [ app_end ] --START--
INFO: Run Behavior\ShowPageTraceBehavior [ RunTime:0.000549s ]
INFO: [ app_end ] --END-- [ RunTime:0.000592s ]

[ 2016-03-25T16:47:20+08:00 ] ::1 /1.0/user/getUserByCurrUserID
INFO: [ app_init ] --START--
INFO: Run Behavior\BuildLiteBehavior [ RunTime:0.000043s ]
INFO: [ app_init ] --END-- [ RunTime:0.000487s ]
INFO: [ app_begin ] --START--
INFO: Run Behavior\ReadHtmlCacheBehavior [ RunTime:0.000552s ]
INFO: [ app_begin ] --END-- [ RunTime:0.000621s ]
SQL: SHOW COLUMNS FROM `t_user` [ RunTime:0.0354s ]
SQL: SELECT * FROM `t_user` WHERE `pk_user_id` = 1  [ RunTime:0.0003s ]
NOTIC: [8] Undefined index: level_name /Applications/MAMP/htdocs/1.0/Application/HOME/Controller/UserController.class.php 第 50 行.
SQL: call proc_UserFocusFieldByUserID_Select(1) [ RunTime:0.0005s ]
INFO: [ app_end ] --START--
INFO: Run Behavior\ShowPageTraceBehavior [ RunTime:0.000534s ]
INFO: [ app_end ] --END-- [ RunTime:0.000575s ]

[ 2016-03-25T16:47:49+08:00 ] ::1 /1.0/user/getUserByCurrUserID
INFO: [ app_init ] --START--
INFO: Run Behavior\BuildLiteBehavior [ RunTime:0.000022s ]
INFO: [ app_init ] --END-- [ RunTime:0.000513s ]
INFO: [ app_begin ] --START--
INFO: Run Behavior\ReadHtmlCacheBehavior [ RunTime:0.000614s ]
INFO: [ app_begin ] --END-- [ RunTime:0.000685s ]
SQL: SHOW COLUMNS FROM `t_user` [ RunTime:0.0393s ]
SQL: SELECT * FROM `t_user` WHERE `pk_user_id` = 1  [ RunTime:0.0003s ]
NOTIC: [8] Undefined index: level_name /Applications/MAMP/htdocs/1.0/Application/HOME/Controller/UserController.class.php 第 50 行.
SQL: call proc_UserFocusFieldByUserID_Select(1) [ RunTime:0.0004s ]
INFO: [ app_end ] --START--
INFO: Run Behavior\ShowPageTraceBehavior [ RunTime:0.000548s ]
INFO: [ app_end ] --END-- [ RunTime:0.000590s ]

[ 2016-03-25T16:54:26+08:00 ] ::1 /1.0/user/getUserByCurrUserID
INFO: [ app_init ] --START--
INFO: Run Behavior\BuildLiteBehavior [ RunTime:0.000021s ]
INFO: [ app_init ] --END-- [ RunTime:0.000752s ]
INFO: [ app_begin ] --START--
INFO: Run Behavior\ReadHtmlCacheBehavior [ RunTime:0.000796s ]
INFO: [ app_begin ] --END-- [ RunTime:0.000872s ]
ERR: 1054:Unknown column '$currUserID' in 'field list'
 [ SQL语句 ] : call proc_UserByUserID_Select($currUserID)
ERR: 1054:Unknown column '$currUserID' in 'field list'
 [ SQL语句 ] : call proc_UserByUserID_Select($currUserID)

[ 2016-03-25T16:55:46+08:00 ] ::1 /1.0/user/getUserByCurrUserID
INFO: [ app_init ] --START--
INFO: Run Behavior\BuildLiteBehavior [ RunTime:0.000021s ]
INFO: [ app_init ] --END-- [ RunTime:0.000513s ]
INFO: [ app_begin ] --START--
INFO: Run Behavior\ReadHtmlCacheBehavior [ RunTime:0.000634s ]
INFO: [ app_begin ] --END-- [ RunTime:0.000708s ]
NOTIC: [8] Undefined variable: db_user /Applications/MAMP/htdocs/1.0/Application/HOME/Controller/UserController.class.php 第 37 行.
ERR: Call to a member function query() on unknown

[ 2016-03-25T16:55:58+08:00 ] ::1 /1.0/user/getUserByCurrUserID
INFO: [ app_init ] --START--
INFO: Run Behavior\BuildLiteBehavior [ RunTime:0.000023s ]
INFO: [ app_init ] --END-- [ RunTime:0.000599s ]
INFO: [ app_begin ] --START--
INFO: Run Behavior\ReadHtmlCacheBehavior [ RunTime:0.000616s ]
INFO: [ app_begin ] --END-- [ RunTime:0.000680s ]
ERR: 1054:Unknown column '$currUserID' in 'field list'
 [ SQL语句 ] : call proc_UserByUserID_Select($currUserID)
ERR: 1054:Unknown column '$currUserID' in 'field list'
 [ SQL语句 ] : call proc_UserByUserID_Select($currUserID)

[ 2016-03-25T16:56:53+08:00 ] ::1 /1.0/user/getUserByCurrUserID
INFO: [ app_init ] --START--
INFO: Run Behavior\BuildLiteBehavior [ RunTime:0.000014s ]
INFO: [ app_init ] --END-- [ RunTime:0.000417s ]
INFO: [ app_begin ] --START--
INFO: Run Behavior\ReadHtmlCacheBehavior [ RunTime:0.000691s ]
INFO: [ app_begin ] --END-- [ RunTime:0.000780s ]
SQL: call proc_UserByUserID_Select(1) [ RunTime:0.0006s ]
SQL: call proc_UserFocusFieldByUserID_Select(1) [ RunTime:0.0004s ]
INFO: [ app_end ] --START--
INFO: Run Behavior\ShowPageTraceBehavior [ RunTime:0.000739s ]
INFO: [ app_end ] --END-- [ RunTime:0.000789s ]

[ 2016-03-25T16:57:34+08:00 ] ::1 /1.0/user/uploadUserHead
INFO: [ app_init ] --START--
INFO: Run Behavior\BuildLiteBehavior [ RunTime:0.000019s ]
INFO: [ app_init ] --END-- [ RunTime:0.000426s ]
INFO: [ app_begin ] --START--
INFO: Run Behavior\ReadHtmlCacheBehavior [ RunTime:0.000585s ]
INFO: [ app_begin ] --END-- [ RunTime:0.000655s ]
NOTIC: [8] Undefined index: head /Applications/MAMP/htdocs/1.0/Application/HOME/Controller/UserController.class.php 第 13 行.
NOTIC: [8] Undefined index: head /Applications/MAMP/htdocs/1.0/Application/HOME/Controller/UserController.class.php 第 14 行.
NOTIC: [8] Undefined index: head /Applications/MAMP/htdocs/1.0/Application/HOME/Controller/UserController.class.php 第 19 行.
INFO: [ app_end ] --START--
INFO: Run Behavior\ShowPageTraceBehavior [ RunTime:0.000694s ]
INFO: [ app_end ] --END-- [ RunTime:0.000757s ]

[ 2016-03-25T16:58:43+08:00 ] ::1 /1.0/user/uploadUserHead
INFO: [ app_init ] --START--
INFO: Run Behavior\BuildLiteBehavior [ RunTime:0.000012s ]
INFO: [ app_init ] --END-- [ RunTime:0.000302s ]
INFO: [ app_begin ] --START--
INFO: Run Behavior\ReadHtmlCacheBehavior [ RunTime:0.000455s ]
INFO: [ app_begin ] --END-- [ RunTime:0.000512s ]
NOTIC: [8] Undefined index: head /Applications/MAMP/htdocs/1.0/Application/HOME/Controller/UserController.class.php 第 13 行.
NOTIC: [8] Undefined index: head /Applications/MAMP/htdocs/1.0/Application/HOME/Controller/UserController.class.php 第 14 行.
NOTIC: [8] Undefined index: head /Applications/MAMP/htdocs/1.0/Application/HOME/Controller/UserController.class.php 第 19 行.
INFO: [ app_end ] --START--
INFO: Run Behavior\ShowPageTraceBehavior [ RunTime:0.000469s ]
INFO: [ app_end ] --END-- [ RunTime:0.000519s ]

[ 2016-03-25T17:02:54+08:00 ] ::1 /1.0/common/getField
INFO: [ app_init ] --START--
INFO: Run Behavior\BuildLiteBehavior [ RunTime:0.000009s ]
INFO: [ app_init ] --END-- [ RunTime:0.001241s ]
INFO: [ app_begin ] --START--
INFO: Run Behavior\ReadHtmlCacheBehavior [ RunTime:0.000450s ]
INFO: [ app_begin ] --END-- [ RunTime:0.000502s ]
SQL: SHOW COLUMNS FROM `t_field` [ RunTime:0.0921s ]
SQL: SELECT * FROM `t_field`  [ RunTime:0.0003s ]
INFO: [ app_end ] --START--
INFO: Run Behavior\ShowPageTraceBehavior [ RunTime:0.000820s ]
INFO: [ app_end ] --END-- [ RunTime:0.000887s ]

[ 2016-03-25T17:02:54+08:00 ] ::1 /1.0/library/getBookBySearchTextSortMethodFieldID
INFO: [ app_init ] --START--
INFO: Run Behavior\BuildLiteBehavior [ RunTime:0.000012s ]
INFO: [ app_init ] --END-- [ RunTime:0.000525s ]
INFO: [ app_begin ] --START--
INFO: Run Behavior\ReadHtmlCacheBehavior [ RunTime:0.000694s ]
INFO: [ app_begin ] --END-- [ RunTime:0.000742s ]
SQL: call WenHuiApartment.proc_Book_SelectByMultiCondition('%%', 0, 0, 0, 10); [ RunTime:0.0941s ]
SQL: call WenHuiApartment.proc_UserCollectBookByBookIDUserID_Select(43, 1) [ RunTime:0.0004s ]
SQL: call WenHuiApartment.proc_UserCollectBookByBookIDUserID_Select(10, 1) [ RunTime:0.0004s ]
SQL: call WenHuiApartment.proc_UserCollectBookByBookIDUserID_Select(9, 1) [ RunTime:0.0002s ]
SQL: call WenHuiApartment.proc_UserCollectBookByBookIDUserID_Select(8, 1) [ RunTime:0.0002s ]
SQL: call WenHuiApartment.proc_UserCollectBookByBookIDUserID_Select(7, 1) [ RunTime:0.0002s ]
SQL: call WenHuiApartment.proc_UserCollectBookByBookIDUserID_Select(6, 1) [ RunTime:0.0002s ]
SQL: call WenHuiApartment.proc_UserCollectBookByBookIDUserID_Select(5, 1) [ RunTime:0.0002s ]
SQL: call WenHuiApartment.proc_UserCollectBookByBookIDUserID_Select(4, 1) [ RunTime:0.0002s ]
SQL: call WenHuiApartment.proc_UserCollectBookByBookIDUserID_Select(3, 1) [ RunTime:0.0003s ]
SQL: call WenHuiApartment.proc_UserCollectBookByBookIDUserID_Select(2, 1) [ RunTime:0.0002s ]
INFO: [ app_end ] --START--
INFO: Run Behavior\ShowPageTraceBehavior [ RunTime:0.000529s ]
INFO: [ app_end ] --END-- [ RunTime:0.000568s ]

[ 2016-03-25T17:02:54+08:00 ] ::1 /1.0/Application/Home/Images/Cover/cover_10.png
INFO: [ app_init ] --START--
INFO: Run Behavior\BuildLiteBehavior [ RunTime:0.000012s ]
INFO: [ app_init ] --END-- [ RunTime:0.000277s ]

[ 2016-03-25T17:02:54+08:00 ] ::1 /1.0/Application/Home/Images/Cover/cover_9.png
INFO: [ app_init ] --START--
INFO: Run Behavior\BuildLiteBehavior [ RunTime:0.000016s ]
INFO: [ app_init ] --END-- [ RunTime:0.000452s ]

[ 2016-03-25T17:05:04+08:00 ] ::1 /1.0/library/getBookBySearchTextSortMethodFieldID
INFO: [ app_init ] --START--
INFO: Run Behavior\BuildLiteBehavior [ RunTime:0.000013s ]
INFO: [ app_init ] --END-- [ RunTime:0.000519s ]
INFO: [ app_begin ] --START--
INFO: Run Behavior\ReadHtmlCacheBehavior [ RunTime:0.000701s ]
INFO: [ app_begin ] --END-- [ RunTime:0.000749s ]
SQL: call WenHuiApartment.proc_Book_SelectByMultiCondition('%%', 0, 0, 0, 10); [ RunTime:0.0219s ]
SQL: call WenHuiApartment.proc_UserCollectBookByBookIDUserID_Select(43, 1) [ RunTime:0.0005s ]
SQL: call WenHuiApartment.proc_UserCollectBookByBookIDUserID_Select(10, 1) [ RunTime:0.0003s ]
SQL: call WenHuiApartment.proc_UserCollectBookByBookIDUserID_Select(9, 1) [ RunTime:0.0002s ]
SQL: call WenHuiApartment.proc_UserCollectBookByBookIDUserID_Select(8, 1) [ RunTime:0.0002s ]
SQL: call WenHuiApartment.proc_UserCollectBookByBookIDUserID_Select(7, 1) [ RunTime:0.0003s ]
SQL: call WenHuiApartment.proc_UserCollectBookByBookIDUserID_Select(6, 1) [ RunTime:0.0004s ]
SQL: call WenHuiApartment.proc_UserCollectBookByBookIDUserID_Select(5, 1) [ RunTime:0.0003s ]
SQL: call WenHuiApartment.proc_UserCollectBookByBookIDUserID_Select(4, 1) [ RunTime:0.0002s ]
SQL: call WenHuiApartment.proc_UserCollectBookByBookIDUserID_Select(3, 1) [ RunTime:0.0003s ]
SQL: call WenHuiApartment.proc_UserCollectBookByBookIDUserID_Select(2, 1) [ RunTime:0.0002s ]
INFO: [ app_end ] --START--
INFO: Run Behavior\ShowPageTraceBehavior [ RunTime:0.000922s ]
INFO: [ app_end ] --END-- [ RunTime:0.001010s ]

[ 2016-03-25T17:05:04+08:00 ] ::1 /1.0/common/getField
INFO: [ app_init ] --START--
INFO: Run Behavior\BuildLiteBehavior [ RunTime:0.000014s ]
INFO: [ app_init ] --END-- [ RunTime:0.001034s ]
INFO: [ app_begin ] --START--
INFO: Run Behavior\ReadHtmlCacheBehavior [ RunTime:0.000487s ]
INFO: [ app_begin ] --END-- [ RunTime:0.000540s ]
SQL: SHOW COLUMNS FROM `t_field` [ RunTime:0.0751s ]
SQL: SELECT * FROM `t_field`  [ RunTime:0.0003s ]
INFO: [ app_end ] --START--
INFO: Run Behavior\ShowPageTraceBehavior [ RunTime:0.000483s ]
INFO: [ app_end ] --END-- [ RunTime:0.000522s ]

[ 2016-03-25T17:05:04+08:00 ] ::1 /1.0/Application/Home/Images/Cover/cover_10.png
INFO: [ app_init ] --START--
INFO: Run Behavior\BuildLiteBehavior [ RunTime:0.000011s ]
INFO: [ app_init ] --END-- [ RunTime:0.000287s ]

[ 2016-03-25T17:05:04+08:00 ] ::1 /1.0/Application/Home/Images/Cover/cover_9.png
INFO: [ app_init ] --START--
INFO: Run Behavior\BuildLiteBehavior [ RunTime:0.000013s ]
INFO: [ app_init ] --END-- [ RunTime:0.000298s ]

[ 2016-03-25T17:05:12+08:00 ] ::1 /1.0/user/UPLOAD_HEAD
INFO: [ app_init ] --START--
INFO: Run Behavior\BuildLiteBehavior [ RunTime:0.000015s ]
INFO: [ app_init ] --END-- [ RunTime:0.000399s ]
INFO: [ app_begin ] --START--
INFO: Run Behavior\ReadHtmlCacheBehavior [ RunTime:0.000583s ]
INFO: [ app_begin ] --END-- [ RunTime:0.000689s ]
ERR: 非法操作:UPLOAD_HEAD

[ 2016-03-25T17:06:21+08:00 ] ::1 /1.0/common/getField
INFO: [ app_init ] --START--
INFO: Run Behavior\BuildLiteBehavior [ RunTime:0.000016s ]
INFO: [ app_init ] --END-- [ RunTime:0.000705s ]
INFO: [ app_begin ] --START--
INFO: Run Behavior\ReadHtmlCacheBehavior [ RunTime:0.001108s ]
INFO: [ app_begin ] --END-- [ RunTime:0.001166s ]
SQL: SHOW COLUMNS FROM `t_field` [ RunTime:0.0985s ]
SQL: SELECT * FROM `t_field`  [ RunTime:0.0008s ]
INFO: [ app_end ] --START--
INFO: Run Behavior\ShowPageTraceBehavior [ RunTime:0.001669s ]
INFO: [ app_end ] --END-- [ RunTime:0.001759s ]

[ 2016-03-25T17:06:21+08:00 ] ::1 /1.0/library/getBookBySearchTextSortMethodFieldID
INFO: [ app_init ] --START--
INFO: Run Behavior\BuildLiteBehavior [ RunTime:0.000018s ]
INFO: [ app_init ] --END-- [ RunTime:0.000659s ]
INFO: [ app_begin ] --START--
INFO: Run Behavior\ReadHtmlCacheBehavior [ RunTime:0.000755s ]
INFO: [ app_begin ] --END-- [ RunTime:0.000820s ]
SQL: call WenHuiApartment.proc_Book_SelectByMultiCondition('%%', 0, 0, 0, 10); [ RunTime:0.1001s ]
SQL: call WenHuiApartment.proc_UserCollectBookByBookIDUserID_Select(43, 1) [ RunTime:0.0010s ]
SQL: call WenHuiApartment.proc_UserCollectBookByBookIDUserID_Select(10, 1) [ RunTime:0.0003s ]
SQL: call WenHuiApartment.proc_UserCollectBookByBookIDUserID_Select(9, 1) [ RunTime:0.0002s ]
SQL: call WenHuiApartment.proc_UserCollectBookByBookIDUserID_Select(8, 1) [ RunTime:0.0003s ]
SQL: call WenHuiApartment.proc_UserCollectBookByBookIDUserID_Select(7, 1) [ RunTime:0.0002s ]
SQL: call WenHuiApartment.proc_UserCollectBookByBookIDUserID_Select(6, 1) [ RunTime:0.0002s ]
SQL: call WenHuiApartment.proc_UserCollectBookByBookIDUserID_Select(5, 1) [ RunTime:0.0002s ]
SQL: call WenHuiApartment.proc_UserCollectBookByBookIDUserID_Select(4, 1) [ RunTime:0.0002s ]
SQL: call WenHuiApartment.proc_UserCollectBookByBookIDUserID_Select(3, 1) [ RunTime:0.0002s ]
SQL: call WenHuiApartment.proc_UserCollectBookByBookIDUserID_Select(2, 1) [ RunTime:0.0002s ]
INFO: [ app_end ] --START--
INFO: Run Behavior\ShowPageTraceBehavior [ RunTime:0.000524s ]
INFO: [ app_end ] --END-- [ RunTime:0.000564s ]

[ 2016-03-25T17:06:21+08:00 ] ::1 /1.0/Application/Home/Images/Cover/cover_9.png
INFO: [ app_init ] --START--
INFO: Run Behavior\BuildLiteBehavior [ RunTime:0.000012s ]
INFO: [ app_init ] --END-- [ RunTime:0.000301s ]

[ 2016-03-25T17:06:21+08:00 ] ::1 /1.0/Application/Home/Images/Cover/cover_10.png
INFO: [ app_init ] --START--
INFO: Run Behavior\BuildLiteBehavior [ RunTime:0.000010s ]
INFO: [ app_init ] --END-- [ RunTime:0.000280s ]

[ 2016-03-25T17:06:41+08:00 ] ::1 /1.0/user/UPLOAD_HEAD
INFO: [ app_init ] --START--
INFO: Run Behavior\BuildLiteBehavior [ RunTime:0.000045s ]
INFO: [ app_init ] --END-- [ RunTime:0.000702s ]
INFO: [ app_begin ] --START--
INFO: Run Behavior\ReadHtmlCacheBehavior [ RunTime:0.000730s ]
INFO: [ app_begin ] --END-- [ RunTime:0.000922s ]
ERR: 非法操作:UPLOAD_HEAD

[ 2016-03-25T17:08:13+08:00 ] ::1 /1.0/user/UPLOAD_HEAD
INFO: [ app_init ] --START--
INFO: Run Behavior\BuildLiteBehavior [ RunTime:0.000016s ]
INFO: [ app_init ] --END-- [ RunTime:0.000529s ]
INFO: [ app_begin ] --START--
INFO: Run Behavior\ReadHtmlCacheBehavior [ RunTime:0.001051s ]
INFO: [ app_begin ] --END-- [ RunTime:0.001148s ]
ERR: 非法操作:UPLOAD_HEAD

[ 2016-03-25T17:08:52+08:00 ] ::1 /1.0/user/uploadUserHead
INFO: [ app_init ] --START--
INFO: Run Behavior\BuildLiteBehavior [ RunTime:0.000013s ]
INFO: [ app_init ] --END-- [ RunTime:0.000565s ]
INFO: [ app_begin ] --START--
INFO: Run Behavior\ReadHtmlCacheBehavior [ RunTime:0.000698s ]
INFO: [ app_begin ] --END-- [ RunTime:0.000828s ]
INFO: [ app_end ] --START--
INFO: Run Behavior\ShowPageTraceBehavior [ RunTime:0.000680s ]
INFO: [ app_end ] --END-- [ RunTime:0.000734s ]

[ 2016-03-25T17:09:25+08:00 ] ::1 /1.0/user/uploadUserHead
INFO: [ app_init ] --START--
INFO: Run Behavior\BuildLiteBehavior [ RunTime:0.000015s ]
INFO: [ app_init ] --END-- [ RunTime:0.000378s ]
INFO: [ app_begin ] --START--
INFO: Run Behavior\ReadHtmlCacheBehavior [ RunTime:0.000560s ]
INFO: [ app_begin ] --END-- [ RunTime:0.000621s ]
SQL: SHOW COLUMNS FROM `t_user` [ RunTime:0.0418s ]
SQL: UPDATE `t_user` SET `user_face_url`='201603251709258582.jpeg' WHERE `pk_user_id` = 1 [ RunTime:0.0008s ]
NOTIC: [2] Missing argument 1 for Home\Controller\UserController::getUserByCurrUserID(), called in /Applications/MAMP/htdocs/1.0/Application/HOME/Controller/UserController.class.php on line 26 and defined /Applications/MAMP/htdocs/1.0/Application/HOME/Controller/UserController.class.php 第 33 行.
NOTIC: [8] Undefined variable: currUserID /Applications/MAMP/htdocs/1.0/Application/HOME/Controller/UserController.class.php 第 35 行.
ERR: 1318:Incorrect number of arguments for PROCEDURE wenhuiapartment.proc_UserByUserID_Select; expected 1, got 0
 [ SQL语句 ] : call proc_UserByUserID_Select()
ERR: 1318:Incorrect number of arguments for PROCEDURE wenhuiapartment.proc_UserByUserID_Select; expected 1, got 0
 [ SQL语句 ] : call proc_UserByUserID_Select()

[ 2016-03-25T17:11:13+08:00 ] ::1 /1.0/user/uploadUserHead
INFO: [ app_init ] --START--
INFO: Run Behavior\BuildLiteBehavior [ RunTime:0.000018s ]
INFO: [ app_init ] --END-- [ RunTime:0.000666s ]
INFO: [ app_begin ] --START--
INFO: Run Behavior\ReadHtmlCacheBehavior [ RunTime:0.000927s ]
INFO: [ app_begin ] --END-- [ RunTime:0.000989s ]
INFO: [ app_end ] --START--
INFO: Run Behavior\ShowPageTraceBehavior [ RunTime:0.000815s ]
INFO: [ app_end ] --END-- [ RunTime:0.000889s ]

[ 2016-03-25T17:11:34+08:00 ] ::1 /1.0/user/uploadUserHead
INFO: [ app_init ] --START--
INFO: Run Behavior\BuildLiteBehavior [ RunTime:0.000024s ]
INFO: [ app_init ] --END-- [ RunTime:0.000544s ]
INFO: [ app_begin ] --START--
INFO: Run Behavior\ReadHtmlCacheBehavior [ RunTime:0.000821s ]
INFO: [ app_begin ] --END-- [ RunTime:0.000884s ]
INFO: [ app_end ] --START--
INFO: Run Behavior\ShowPageTraceBehavior [ RunTime:0.000620s ]
INFO: [ app_end ] --END-- [ RunTime:0.000677s ]

[ 2016-03-25T17:13:45+08:00 ] ::1 /1.0/user/uploadUserHead
INFO: [ app_init ] --START--
INFO: Run Behavior\BuildLiteBehavior [ RunTime:0.000024s ]
INFO: [ app_init ] --END-- [ RunTime:0.001003s ]
INFO: [ app_begin ] --START--
INFO: Run Behavior\ReadHtmlCacheBehavior [ RunTime:0.001011s ]
INFO: [ app_begin ] --END-- [ RunTime:0.001112s ]
SQL: SHOW COLUMNS FROM `t_user` [ RunTime:0.0601s ]
SQL: UPDATE `t_user` SET `user_face_url`='201603251713457439.jpeg' WHERE `pk_user_id` = 1 [ RunTime:0.0010s ]
INFO: [ app_end ] --START--
INFO: Run Behavior\ShowPageTraceBehavior [ RunTime:0.000990s ]
INFO: [ app_end ] --END-- [ RunTime:0.001055s ]

[ 2016-03-25T17:14:19+08:00 ] ::1 /1.0/user/uploadUserHead
INFO: [ app_init ] --START--
INFO: Run Behavior\BuildLiteBehavior [ RunTime:0.000051s ]
INFO: [ app_init ] --END-- [ RunTime:0.000805s ]
INFO: [ app_begin ] --START--
INFO: Run Behavior\ReadHtmlCacheBehavior [ RunTime:0.000609s ]
INFO: [ app_begin ] --END-- [ RunTime:0.000660s ]
SQL: SHOW COLUMNS FROM `t_user` [ RunTime:0.0190s ]
SQL: UPDATE `t_user` SET `user_face_url`='201603251714197545.jpeg' WHERE `pk_user_id` = 1 [ RunTime:0.0005s ]
NOTIC: [2] Missing argument 1 for Home\Controller\UserController::getUserByCurrUserID(), called in /Applications/MAMP/htdocs/1.0/Application/HOME/Controller/UserController.class.php on line 26 and defined /Applications/MAMP/htdocs/1.0/Application/HOME/Controller/UserController.class.php 第 33 行.
NOTIC: [8] Undefined variable: currUserID /Applications/MAMP/htdocs/1.0/Application/HOME/Controller/UserController.class.php 第 35 行.
ERR: 1318:Incorrect number of arguments for PROCEDURE wenhuiapartment.proc_UserByUserID_Select; expected 1, got 0
 [ SQL语句 ] : call proc_UserByUserID_Select()
ERR: 1318:Incorrect number of arguments for PROCEDURE wenhuiapartment.proc_UserByUserID_Select; expected 1, got 0
 [ SQL语句 ] : call proc_UserByUserID_Select()

[ 2016-03-25T17:14:33+08:00 ] ::1 /1.0/user/uploadUserHead
INFO: [ app_init ] --START--
INFO: Run Behavior\BuildLiteBehavior [ RunTime:0.000027s ]
INFO: [ app_init ] --END-- [ RunTime:0.000528s ]
INFO: [ app_begin ] --START--
INFO: Run Behavior\ReadHtmlCacheBehavior [ RunTime:0.000994s ]
INFO: [ app_begin ] --END-- [ RunTime:0.001144s ]
SQL: SHOW COLUMNS FROM `t_user` [ RunTime:0.0398s ]
SQL: UPDATE `t_user` SET `user_face_url`='201603251714336284.jpeg' WHERE `pk_user_id` = 1 [ RunTime:0.0012s ]
NOTIC: [2] Missing argument 1 for Home\Controller\UserController::getUserByCurrUserID(), called in /Applications/MAMP/htdocs/1.0/Application/HOME/Controller/UserController.class.php on line 26 and defined /Applications/MAMP/htdocs/1.0/Application/HOME/Controller/UserController.class.php 第 33 行.
INFO: [ app_end ] --START--
INFO: Run Behavior\ShowPageTraceBehavior [ RunTime:0.001614s ]
INFO: [ app_end ] --END-- [ RunTime:0.001739s ]

[ 2016-03-25T17:14:44+08:00 ] ::1 /1.0/user/uploadUserHead
INFO: [ app_init ] --START--
INFO: Run Behavior\BuildLiteBehavior [ RunTime:0.000035s ]
INFO: [ app_init ] --END-- [ RunTime:0.000469s ]
INFO: [ app_begin ] --START--
INFO: Run Behavior\ReadHtmlCacheBehavior [ RunTime:0.000452s ]
INFO: [ app_begin ] --END-- [ RunTime:0.000512s ]
SQL: SHOW COLUMNS FROM `t_user` [ RunTime:0.0385s ]
SQL: UPDATE `t_user` SET `user_face_url`='201603251714441859.jpeg' WHERE `pk_user_id` = 1 [ RunTime:0.0007s ]
NOTIC: [2] Missing argument 1 for Home\Controller\UserController::getUserByCurrUserID(), called in /Applications/MAMP/htdocs/1.0/Application/HOME/Controller/UserController.class.php on line 26 and defined /Applications/MAMP/htdocs/1.0/Application/HOME/Controller/UserController.class.php 第 33 行.
INFO: [ app_end ] --START--
INFO: Run Behavior\ShowPageTraceBehavior [ RunTime:0.000983s ]
INFO: [ app_end ] --END-- [ RunTime:0.001051s ]

[ 2016-03-25T17:15:43+08:00 ] ::1 /1.0/user/uploadUserHead
INFO: [ app_init ] --START--
INFO: Run Behavior\BuildLiteBehavior [ RunTime:0.000024s ]
INFO: [ app_init ] --END-- [ RunTime:0.000432s ]
INFO: [ app_begin ] --START--
INFO: Run Behavior\ReadHtmlCacheBehavior [ RunTime:0.000477s ]
INFO: [ app_begin ] --END-- [ RunTime:0.000519s ]
SQL: SHOW COLUMNS FROM `t_user` [ RunTime:0.0315s ]
SQL: UPDATE `t_user` SET `user_face_url`='201603251715438630.jpeg' WHERE `pk_user_id` = 1 [ RunTime:0.0007s ]
NOTIC: [2] Missing argument 1 for Home\Controller\UserController::getUserByCurrUserID(), called in /Applications/MAMP/htdocs/1.0/Application/HOME/Controller/UserController.class.php on line 26 and defined /Applications/MAMP/htdocs/1.0/Application/HOME/Controller/UserController.class.php 第 33 行.
NOTIC: [8] Undefined variable: currUserID /Applications/MAMP/htdocs/1.0/Application/HOME/Controller/UserController.class.php 第 35 行.
ERR: 1318:Incorrect number of arguments for PROCEDURE wenhuiapartment.proc_UserByUserID_Select; expected 1, got 0
 [ SQL语句 ] : call proc_UserByUserID_Select()
ERR: 1318:Incorrect number of arguments for PROCEDURE wenhuiapartment.proc_UserByUserID_Select; expected 1, got 0
 [ SQL语句 ] : call proc_UserByUserID_Select()

[ 2016-03-25T17:17:10+08:00 ] ::1 /1.0/user/uploadUserHead
INFO: [ app_init ] --START--
INFO: Run Behavior\BuildLiteBehavior [ RunTime:0.000017s ]
INFO: [ app_init ] --END-- [ RunTime:0.000788s ]
INFO: [ app_begin ] --START--
INFO: Run Behavior\ReadHtmlCacheBehavior [ RunTime:0.000760s ]
INFO: [ app_begin ] --END-- [ RunTime:0.000835s ]
SQL: SHOW COLUMNS FROM `t_user` [ RunTime:0.0494s ]
SQL: UPDATE `t_user` SET `user_face_url`='201603251717105901.jpeg' WHERE `pk_user_id` = 1 [ RunTime:0.0008s ]
NOTIC: [2] Missing argument 1 for Home\Controller\UserController::getUserByCurrUserID(), called in /Applications/MAMP/htdocs/1.0/Application/HOME/Controller/UserController.class.php on line 26 and defined /Applications/MAMP/htdocs/1.0/Application/HOME/Controller/UserController.class.php 第 33 行.
NOTIC: [8] Undefined variable: currUserID /Applications/MAMP/htdocs/1.0/Application/HOME/Controller/UserController.class.php 第 35 行.
ERR: 1318:Incorrect number of arguments for PROCEDURE wenhuiapartment.proc_UserByUserID_Select; expected 1, got 0
 [ SQL语句 ] : call WenHuiApartment.proc_UserByUserID_Select()
ERR: 1318:Incorrect number of arguments for PROCEDURE wenhuiapartment.proc_UserByUserID_Select; expected 1, got 0
 [ SQL语句 ] : call WenHuiApartment.proc_UserByUserID_Select()

[ 2016-03-25T17:17:19+08:00 ] ::1 /1.0/user/uploadUserHead
INFO: [ app_init ] --START--
INFO: Run Behavior\BuildLiteBehavior [ RunTime:0.000026s ]
INFO: [ app_init ] --END-- [ RunTime:0.000452s ]
INFO: [ app_begin ] --START--
INFO: Run Behavior\ReadHtmlCacheBehavior [ RunTime:0.000467s ]
INFO: [ app_begin ] --END-- [ RunTime:0.000516s ]
SQL: SHOW COLUMNS FROM `t_user` [ RunTime:0.0304s ]
SQL: UPDATE `t_user` SET `user_face_url`='201603251717198374.jpeg' WHERE `pk_user_id` = 1 [ RunTime:0.0011s ]
NOTIC: [2] Missing argument 1 for Home\Controller\UserController::getUserByCurrUserID(), called in /Applications/MAMP/htdocs/1.0/Application/HOME/Controller/UserController.class.php on line 26 and defined /Applications/MAMP/htdocs/1.0/Application/HOME/Controller/UserController.class.php 第 33 行.
NOTIC: [8] Undefined variable: currUserID /Applications/MAMP/htdocs/1.0/Application/HOME/Controller/UserController.class.php 第 35 行.
ERR: 1318:Incorrect number of arguments for PROCEDURE wenhuiapartment.proc_UserByUserID_Select; expected 1, got 0
 [ SQL语句 ] : call WenHuiApartment.proc_UserByUserID_Select()
ERR: 1318:Incorrect number of arguments for PROCEDURE wenhuiapartment.proc_UserByUserID_Select; expected 1, got 0
 [ SQL语句 ] : call WenHuiApartment.proc_UserByUserID_Select()

[ 2016-03-25T17:18:14+08:00 ] ::1 /1.0/user/uploadUserHead
INFO: [ app_init ] --START--
INFO: Run Behavior\BuildLiteBehavior [ RunTime:0.000014s ]
INFO: [ app_init ] --END-- [ RunTime:0.000550s ]
INFO: [ app_begin ] --START--
INFO: Run Behavior\ReadHtmlCacheBehavior [ RunTime:0.000403s ]
INFO: [ app_begin ] --END-- [ RunTime:0.000443s ]
SQL: SHOW COLUMNS FROM `t_user` [ RunTime:0.0408s ]
SQL: UPDATE `t_user` SET `user_face_url`='201603251718149978.jpeg' WHERE `pk_user_id` = 1 [ RunTime:0.0006s ]
NOTIC: [2] Missing argument 1 for Home\Controller\UserController::getUserByCurrUserID(), called in /Applications/MAMP/htdocs/1.0/Application/HOME/Controller/UserController.class.php on line 26 and defined /Applications/MAMP/htdocs/1.0/Application/HOME/Controller/UserController.class.php 第 33 行.
SQL: call WenHuiApartment.proc_UserByUserID_Select(1) [ RunTime:0.0007s ]
INFO: [ app_end ] --START--
INFO: Run Behavior\ShowPageTraceBehavior [ RunTime:0.001863s ]
INFO: [ app_end ] --END-- [ RunTime:0.001952s ]

[ 2016-03-25T17:18:58+08:00 ] ::1 /1.0/user/uploadUserHead
INFO: [ app_init ] --START--
INFO: Run Behavior\BuildLiteBehavior [ RunTime:0.000030s ]
INFO: [ app_init ] --END-- [ RunTime:0.000758s ]
INFO: [ app_begin ] --START--
INFO: Run Behavior\ReadHtmlCacheBehavior [ RunTime:0.000684s ]
INFO: [ app_begin ] --END-- [ RunTime:0.000745s ]
SQL: SHOW COLUMNS FROM `t_user` [ RunTime:0.0396s ]
SQL: UPDATE `t_user` SET `user_face_url`='201603251718586697.jpeg' WHERE `pk_user_id` = 1 [ RunTime:0.0004s ]
SQL: call WenHuiApartment.proc_UserByUserID_Select(1) [ RunTime:0.0006s ]
SQL: call proc_UserFocusFieldByUserID_Select(1) [ RunTime:0.0004s ]
INFO: [ app_end ] --START--
INFO: Run Behavior\ShowPageTraceBehavior [ RunTime:0.000654s ]
INFO: [ app_end ] --END-- [ RunTime:0.000746s ]

[ 2016-03-25T17:19:09+08:00 ] ::1 /1.0/user/uploadUserHead
INFO: [ app_init ] --START--
INFO: Run Behavior\BuildLiteBehavior [ RunTime:0.000013s ]
INFO: [ app_init ] --END-- [ RunTime:0.000319s ]
INFO: [ app_begin ] --START--
INFO: Run Behavior\ReadHtmlCacheBehavior [ RunTime:0.000588s ]
INFO: [ app_begin ] --END-- [ RunTime:0.000656s ]
SQL: SHOW COLUMNS FROM `t_user` [ RunTime:0.0114s ]
SQL: UPDATE `t_user` SET `user_face_url`='201603251719093336.jpeg' WHERE `pk_user_id` = 1 [ RunTime:0.0005s ]
SQL: call WenHuiApartment.proc_UserByUserID_Select(1) [ RunTime:0.0007s ]
SQL: call proc_UserFocusFieldByUserID_Select(1) [ RunTime:0.0005s ]
INFO: [ app_end ] --START--
INFO: Run Behavior\ShowPageTraceBehavior [ RunTime:0.000725s ]
INFO: [ app_end ] --END-- [ RunTime:0.000792s ]

[ 2016-03-25T17:20:40+08:00 ] ::1 /1.0/user/uploadUserHead
INFO: [ app_init ] --START--
INFO: Run Behavior\BuildLiteBehavior [ RunTime:0.000012s ]
INFO: [ app_init ] --END-- [ RunTime:0.000323s ]
INFO: [ app_begin ] --START--
INFO: Run Behavior\ReadHtmlCacheBehavior [ RunTime:0.000374s ]
INFO: [ app_begin ] --END-- [ RunTime:0.000413s ]
SQL: SHOW COLUMNS FROM `t_user` [ RunTime:0.0389s ]
SQL: UPDATE `t_user` SET `user_face_url`='201603251720401266.jpeg' WHERE `pk_user_id` = 1 [ RunTime:0.0005s ]
SQL: call WenHuiApartment.proc_UserByUserID_Select(1) [ RunTime:0.0005s ]
SQL: call proc_UserFocusFieldByUserID_Select(1) [ RunTime:0.0005s ]
INFO: [ app_end ] --START--
INFO: Run Behavior\ShowPageTraceBehavior [ RunTime:0.001171s ]
INFO: [ app_end ] --END-- [ RunTime:0.001275s ]

[ 2016-03-25T17:21:27+08:00 ] ::1 /1.0/user/uploadUserHead
INFO: [ app_init ] --START--
INFO: Run Behavior\BuildLiteBehavior [ RunTime:0.000012s ]
INFO: [ app_init ] --END-- [ RunTime:0.000302s ]
INFO: [ app_begin ] --START--
INFO: Run Behavior\ReadHtmlCacheBehavior [ RunTime:0.000434s ]
INFO: [ app_begin ] --END-- [ RunTime:0.000499s ]
SQL: SHOW COLUMNS FROM `t_user` [ RunTime:0.0242s ]
SQL: UPDATE `t_user` SET `user_face_url`='201603251721279039.jpeg' WHERE `pk_user_id` = 1 [ RunTime:0.0004s ]
SQL: call WenHuiApartment.proc_UserByUserID_Select(1) [ RunTime:0.0004s ]
SQL: call proc_UserFocusFieldByUserID_Select(1) [ RunTime:0.0004s ]
INFO: [ app_end ] --START--
INFO: Run Behavior\ShowPageTraceBehavior [ RunTime:0.000561s ]
INFO: [ app_end ] --END-- [ RunTime:0.000604s ]

[ 2016-03-25T17:21:45+08:00 ] ::1 /1.0/common/getField
INFO: [ app_init ] --START--
INFO: Run Behavior\BuildLiteBehavior [ RunTime:0.000010s ]
INFO: [ app_init ] --END-- [ RunTime:0.000267s ]
INFO: [ app_begin ] --START--
INFO: Run Behavior\ReadHtmlCacheBehavior [ RunTime:0.000339s ]
INFO: [ app_begin ] --END-- [ RunTime:0.000374s ]
SQL: SHOW COLUMNS FROM `t_field` [ RunTime:0.0814s ]
SQL: SELECT * FROM `t_field`  [ RunTime:0.0003s ]
INFO: [ app_end ] --START--
INFO: Run Behavior\ShowPageTraceBehavior [ RunTime:0.000637s ]
INFO: [ app_end ] --END-- [ RunTime:0.000688s ]

[ 2016-03-25T17:21:45+08:00 ] ::1 /1.0/library/getBookBySearchTextSortMethodFieldID
INFO: [ app_init ] --START--
INFO: Run Behavior\BuildLiteBehavior [ RunTime:0.000015s ]
INFO: [ app_init ] --END-- [ RunTime:0.000383s ]
INFO: [ app_begin ] --START--
INFO: Run Behavior\ReadHtmlCacheBehavior [ RunTime:0.000524s ]
INFO: [ app_begin ] --END-- [ RunTime:0.000577s ]
SQL: call WenHuiApartment.proc_Book_SelectByMultiCondition('%%', 0, 0, 0, 10); [ RunTime:0.0790s ]
SQL: call WenHuiApartment.proc_UserCollectBookByBookIDUserID_Select(43, 1) [ RunTime:0.0004s ]
SQL: call WenHuiApartment.proc_UserCollectBookByBookIDUserID_Select(10, 1) [ RunTime:0.0003s ]
SQL: call WenHuiApartment.proc_UserCollectBookByBookIDUserID_Select(9, 1) [ RunTime:0.0002s ]
SQL: call WenHuiApartment.proc_UserCollectBookByBookIDUserID_Select(8, 1) [ RunTime:0.0002s ]
SQL: call WenHuiApartment.proc_UserCollectBookByBookIDUserID_Select(7, 1) [ RunTime:0.0002s ]
SQL: call WenHuiApartment.proc_UserCollectBookByBookIDUserID_Select(6, 1) [ RunTime:0.0002s ]
SQL: call WenHuiApartment.proc_UserCollectBookByBookIDUserID_Select(5, 1) [ RunTime:0.0002s ]
SQL: call WenHuiApartment.proc_UserCollectBookByBookIDUserID_Select(4, 1) [ RunTime:0.0002s ]
SQL: call WenHuiApartment.proc_UserCollectBookByBookIDUserID_Select(3, 1) [ RunTime:0.0002s ]
SQL: call WenHuiApartment.proc_UserCollectBookByBookIDUserID_Select(2, 1) [ RunTime:0.0002s ]
INFO: [ app_end ] --START--
INFO: Run Behavior\ShowPageTraceBehavior [ RunTime:0.000864s ]
INFO: [ app_end ] --END-- [ RunTime:0.000928s ]

[ 2016-03-25T17:21:45+08:00 ] ::1 /1.0/Application/Home/Images/Cover/cover_10.png
INFO: [ app_init ] --START--
INFO: Run Behavior\BuildLiteBehavior [ RunTime:0.000011s ]
INFO: [ app_init ] --END-- [ RunTime:0.000269s ]

[ 2016-03-25T17:21:45+08:00 ] ::1 /1.0/Application/Home/Images/Cover/cover_9.png
INFO: [ app_init ] --START--
INFO: Run Behavior\BuildLiteBehavior [ RunTime:0.000009s ]
INFO: [ app_init ] --END-- [ RunTime:0.000255s ]

[ 2016-03-25T17:21:54+08:00 ] ::1 /1.0/user/uploadUserHead
INFO: [ app_init ] --START--
INFO: Run Behavior\BuildLiteBehavior [ RunTime:0.000021s ]
INFO: [ app_init ] --END-- [ RunTime:0.000785s ]
INFO: [ app_begin ] --START--
INFO: Run Behavior\ReadHtmlCacheBehavior [ RunTime:0.000537s ]
INFO: [ app_begin ] --END-- [ RunTime:0.000606s ]
SQL: SHOW COLUMNS FROM `t_user` [ RunTime:0.0330s ]
SQL: UPDATE `t_user` SET `user_face_url`='201603251721544732.jpeg' WHERE `pk_user_id` = 1 [ RunTime:0.0007s ]
SQL: call WenHuiApartment.proc_UserByUserID_Select(1) [ RunTime:0.0007s ]
SQL: call proc_UserFocusFieldByUserID_Select(1) [ RunTime:0.0011s ]
INFO: [ app_end ] --START--
INFO: Run Behavior\ShowPageTraceBehavior [ RunTime:0.000679s ]
INFO: [ app_end ] --END-- [ RunTime:0.000742s ]

[ 2016-03-25T17:22:30+08:00 ] ::1 /1.0/user/uploadUserHead
INFO: [ app_init ] --START--
INFO: Run Behavior\BuildLiteBehavior [ RunTime:0.000019s ]
INFO: [ app_init ] --END-- [ RunTime:0.000587s ]
INFO: [ app_begin ] --START--
INFO: Run Behavior\ReadHtmlCacheBehavior [ RunTime:0.000649s ]
INFO: [ app_begin ] --END-- [ RunTime:0.000737s ]
SQL: SHOW COLUMNS FROM `t_user` [ RunTime:0.0296s ]
SQL: UPDATE `t_user` SET `user_face_url`='201603251722309079.jpeg' WHERE `pk_user_id` = 1 [ RunTime:0.0008s ]
SQL: call WenHuiApartment.proc_UserByUserID_Select(1) [ RunTime:0.0006s ]
SQL: call proc_UserFocusFieldByUserID_Select(1) [ RunTime:0.0005s ]
INFO: [ app_end ] --START--
INFO: Run Behavior\ShowPageTraceBehavior [ RunTime:0.000714s ]
INFO: [ app_end ] --END-- [ RunTime:0.000773s ]

[ 2016-03-25T17:25:24+08:00 ] ::1 /1.0/Application/Home/Images/Head/(null)
INFO: [ app_init ] --START--
INFO: Run Behavior\BuildLiteBehavior [ RunTime:0.000016s ]
INFO: [ app_init ] --END-- [ RunTime:0.000399s ]
INFO: [ app_begin ] --START--
INFO: Run Behavior\ReadHtmlCacheBehavior [ RunTime:0.000514s ]
INFO: [ app_begin ] --END-- [ RunTime:0.000559s ]
ERR: 无法加载控制器:Application

[ 2016-03-25T17:25:28+08:00 ] ::1 /1.0/user/uploadUserHead
INFO: [ app_init ] --START--
INFO: Run Behavior\BuildLiteBehavior [ RunTime:0.000012s ]
INFO: [ app_init ] --END-- [ RunTime:0.000307s ]
INFO: [ app_begin ] --START--
INFO: Run Behavior\ReadHtmlCacheBehavior [ RunTime:0.000353s ]
INFO: [ app_begin ] --END-- [ RunTime:0.000387s ]
SQL: SHOW COLUMNS FROM `t_user` [ RunTime:0.0606s ]
SQL: UPDATE `t_user` SET `user_face_url`='201603251725281420.jpeg' WHERE `pk_user_id` = 1 [ RunTime:0.0007s ]
SQL: call WenHuiApartment.proc_UserByUserID_Select(1) [ RunTime:0.0008s ]
SQL: call proc_UserFocusFieldByUserID_Select(1) [ RunTime:0.0004s ]
INFO: [ app_end ] --START--
INFO: Run Behavior\ShowPageTraceBehavior [ RunTime:0.000872s ]
INFO: [ app_end ] --END-- [ RunTime:0.000930s ]

[ 2016-03-25T17:27:51+08:00 ] ::1 /1.0/Application/Home/Images/Head/(null)
INFO: [ app_init ] --START--
INFO: Run Behavior\BuildLiteBehavior [ RunTime:0.000020s ]
INFO: [ app_init ] --END-- [ RunTime:0.000343s ]
INFO: [ app_begin ] --START--
INFO: Run Behavior\ReadHtmlCacheBehavior [ RunTime:0.000431s ]
INFO: [ app_begin ] --END-- [ RunTime:0.000466s ]
ERR: 无法加载控制器:Application

[ 2016-03-25T17:38:05+08:00 ] ::1 /1.0/Application/Home/Images/Head/(null)
INFO: [ app_init ] --START--
INFO: Run Behavior\BuildLiteBehavior [ RunTime:0.000013s ]
INFO: [ app_init ] --END-- [ RunTime:0.000545s ]
INFO: [ app_begin ] --START--
INFO: Run Behavior\ReadHtmlCacheBehavior [ RunTime:0.000635s ]
INFO: [ app_begin ] --END-- [ RunTime:0.000681s ]
ERR: 无法加载控制器:Application

[ 2016-03-25T17:38:45+08:00 ] ::1 /1.0/Application/Home/Images/Head/(null)
INFO: [ app_init ] --START--
INFO: Run Behavior\BuildLiteBehavior [ RunTime:0.000013s ]
INFO: [ app_init ] --END-- [ RunTime:0.000567s ]
INFO: [ app_begin ] --START--
INFO: Run Behavior\ReadHtmlCacheBehavior [ RunTime:0.000436s ]
INFO: [ app_begin ] --END-- [ RunTime:0.000502s ]
ERR: 无法加载控制器:Application

[ 2016-03-25T17:45:05+08:00 ] ::1 /1.0/Application/Home/Images/Head/(null)
INFO: [ app_init ] --START--
INFO: Run Behavior\BuildLiteBehavior [ RunTime:0.000013s ]
INFO: [ app_init ] --END-- [ RunTime:0.000551s ]
INFO: [ app_begin ] --START--
INFO: Run Behavior\ReadHtmlCacheBehavior [ RunTime:0.000632s ]
INFO: [ app_begin ] --END-- [ RunTime:0.000676s ]
ERR: 无法加载控制器:Application

[ 2016-03-25T17:45:29+08:00 ] ::1 /1.0/Application/Home/Images/Head/(null)
INFO: [ app_init ] --START--
INFO: Run Behavior\BuildLiteBehavior [ RunTime:0.000015s ]
INFO: [ app_init ] --END-- [ RunTime:0.000567s ]
INFO: [ app_begin ] --START--
INFO: Run Behavior\ReadHtmlCacheBehavior [ RunTime:0.000660s ]
INFO: [ app_begin ] --END-- [ RunTime:0.000709s ]
ERR: 无法加载控制器:Application

[ 2016-03-25T17:53:37+08:00 ] ::1 /1.0/user/uploadUserHead
INFO: [ app_init ] --START--
INFO: Run Behavior\BuildLiteBehavior [ RunTime:0.000014s ]
INFO: [ app_init ] --END-- [ RunTime:0.000336s ]
INFO: [ app_begin ] --START--
INFO: Run Behavior\ReadHtmlCacheBehavior [ RunTime:0.000385s ]
INFO: [ app_begin ] --END-- [ RunTime:0.000424s ]
SQL: SHOW COLUMNS FROM `t_user` [ RunTime:0.0179s ]
SQL: UPDATE `t_user` SET `user_face_url`='201603251753378624.jpeg' WHERE `pk_user_id` = 1 [ RunTime:0.0007s ]
SQL: call WenHuiApartment.proc_UserByUserID_Select(1) [ RunTime:0.0005s ]
SQL: call proc_UserFocusFieldByUserID_Select(1) [ RunTime:0.0003s ]
INFO: [ app_end ] --START--
INFO: Run Behavior\ShowPageTraceBehavior [ RunTime:0.001019s ]
INFO: [ app_end ] --END-- [ RunTime:0.001074s ]

[ 2016-03-25T17:58:33+08:00 ] ::1 /1.0/Application/Home/Images/Head/(null)
INFO: [ app_init ] --START--
INFO: Run Behavior\BuildLiteBehavior [ RunTime:0.000013s ]
INFO: [ app_init ] --END-- [ RunTime:0.000313s ]
INFO: [ app_begin ] --START--
INFO: Run Behavior\ReadHtmlCacheBehavior [ RunTime:0.000346s ]
INFO: [ app_begin ] --END-- [ RunTime:0.000379s ]
ERR: 无法加载控制器:Application

[ 2016-03-25T17:58:53+08:00 ] ::1 /1.0/common/getField
INFO: [ app_init ] --START--
INFO: Run Behavior\BuildLiteBehavior [ RunTime:0.000012s ]
INFO: [ app_init ] --END-- [ RunTime:0.000284s ]
INFO: [ app_begin ] --START--
INFO: Run Behavior\ReadHtmlCacheBehavior [ RunTime:0.000488s ]
INFO: [ app_begin ] --END-- [ RunTime:0.000541s ]
SQL: SHOW COLUMNS FROM `t_field` [ RunTime:0.0571s ]
SQL: SELECT * FROM `t_field`  [ RunTime:0.0004s ]
INFO: [ app_end ] --START--
INFO: Run Behavior\ShowPageTraceBehavior [ RunTime:0.000774s ]
INFO: [ app_end ] --END-- [ RunTime:0.000839s ]

[ 2016-03-25T17:58:53+08:00 ] ::1 /1.0/library/getBookBySearchTextSortMethodFieldID
INFO: [ app_init ] --START--
INFO: Run Behavior\BuildLiteBehavior [ RunTime:0.000015s ]
INFO: [ app_init ] --END-- [ RunTime:0.000391s ]
INFO: [ app_begin ] --START--
INFO: Run Behavior\ReadHtmlCacheBehavior [ RunTime:0.000502s ]
INFO: [ app_begin ] --END-- [ RunTime:0.000555s ]
SQL: call WenHuiApartment.proc_Book_SelectByMultiCondition('%%', 0, 0, 0, 10); [ RunTime:0.0569s ]
SQL: call WenHuiApartment.proc_UserCollectBookByBookIDUserID_Select(43, 1) [ RunTime:0.0005s ]
SQL: call WenHuiApartment.proc_UserCollectBookByBookIDUserID_Select(10, 1) [ RunTime:0.0003s ]
SQL: call WenHuiApartment.proc_UserCollectBookByBookIDUserID_Select(9, 1) [ RunTime:0.0003s ]
SQL: call WenHuiApartment.proc_UserCollectBookByBookIDUserID_Select(8, 1) [ RunTime:0.0003s ]
SQL: call WenHuiApartment.proc_UserCollectBookByBookIDUserID_Select(7, 1) [ RunTime:0.0003s ]
SQL: call WenHuiApartment.proc_UserCollectBookByBookIDUserID_Select(6, 1) [ RunTime:0.0003s ]
SQL: call WenHuiApartment.proc_UserCollectBookByBookIDUserID_Select(5, 1) [ RunTime:0.0003s ]
SQL: call WenHuiApartment.proc_UserCollectBookByBookIDUserID_Select(4, 1) [ RunTime:0.0003s ]
SQL: call WenHuiApartment.proc_UserCollectBookByBookIDUserID_Select(3, 1) [ RunTime:0.0003s ]
SQL: call WenHuiApartment.proc_UserCollectBookByBookIDUserID_Select(2, 1) [ RunTime:0.0003s ]
INFO: [ app_end ] --START--
INFO: Run Behavior\ShowPageTraceBehavior [ RunTime:0.003571s ]
INFO: [ app_end ] --END-- [ RunTime:0.003681s ]

[ 2016-03-25T17:58:53+08:00 ] ::1 /1.0/Application/Home/Images/Cover/cover_9.png
INFO: [ app_init ] --START--
INFO: Run Behavior\BuildLiteBehavior [ RunTime:0.000012s ]
INFO: [ app_init ] --END-- [ RunTime:0.000306s ]

[ 2016-03-25T17:58:53+08:00 ] ::1 /1.0/Application/Home/Images/Cover/cover_10.png
INFO: [ app_init ] --START--
INFO: Run Behavior\BuildLiteBehavior [ RunTime:0.000014s ]
INFO: [ app_init ] --END-- [ RunTime:0.000396s ]

[ 2016-03-25T17:58:54+08:00 ] ::1 /1.0/Application/Home/Images/Head/(null)
INFO: [ app_init ] --START--
INFO: Run Behavior\BuildLiteBehavior [ RunTime:0.000012s ]
INFO: [ app_init ] --END-- [ RunTime:0.000352s ]
INFO: [ app_begin ] --START--
INFO: Run Behavior\ReadHtmlCacheBehavior [ RunTime:0.000514s ]
INFO: [ app_begin ] --END-- [ RunTime:0.000551s ]
ERR: 无法加载控制器:Application

[ 2016-03-25T18:02:16+08:00 ] ::1 /1.0/Application/Home/Images/Head/(null)
INFO: [ app_init ] --START--
INFO: Run Behavior\BuildLiteBehavior [ RunTime:0.000011s ]
INFO: [ app_init ] --END-- [ RunTime:0.000270s ]
INFO: [ app_begin ] --START--
INFO: Run Behavior\ReadHtmlCacheBehavior [ RunTime:0.000332s ]
INFO: [ app_begin ] --END-- [ RunTime:0.000365s ]
ERR: 无法加载控制器:Application

[ 2016-03-25T18:02:24+08:00 ] ::1 /1.0/user/uploadUserHead
INFO: [ app_init ] --START--
INFO: Run Behavior\BuildLiteBehavior [ RunTime:0.000024s ]
INFO: [ app_init ] --END-- [ RunTime:0.001128s ]
INFO: [ app_begin ] --START--
INFO: Run Behavior\ReadHtmlCacheBehavior [ RunTime:0.000393s ]
INFO: [ app_begin ] --END-- [ RunTime:0.000438s ]
SQL: SHOW COLUMNS FROM `t_user` [ RunTime:0.0339s ]
SQL: UPDATE `t_user` SET `user_face_url`='201603251802241747.jpeg' WHERE `pk_user_id` = 1 [ RunTime:0.0007s ]
SQL: call WenHuiApartment.proc_UserByUserID_Select(1) [ RunTime:0.0007s ]
SQL: call proc_UserFocusFieldByUserID_Select(1) [ RunTime:0.0004s ]
INFO: [ app_end ] --START--
INFO: Run Behavior\ShowPageTraceBehavior [ RunTime:0.000727s ]
INFO: [ app_end ] --END-- [ RunTime:0.000797s ]

[ 2016-03-25T18:03:09+08:00 ] ::1 /1.0/Application/Home/Images/Head/(null)
INFO: [ app_init ] --START--
INFO: Run Behavior\BuildLiteBehavior [ RunTime:0.000012s ]
INFO: [ app_init ] --END-- [ RunTime:0.000280s ]
INFO: [ app_begin ] --START--
INFO: Run Behavior\ReadHtmlCacheBehavior [ RunTime:0.000350s ]
INFO: [ app_begin ] --END-- [ RunTime:0.000384s ]
ERR: 无法加载控制器:Application

[ 2016-03-25T18:03:15+08:00 ] ::1 /1.0/user/uploadUserHead
INFO: [ app_init ] --START--
INFO: Run Behavior\BuildLiteBehavior [ RunTime:0.000074s ]
INFO: [ app_init ] --END-- [ RunTime:0.001246s ]
INFO: [ app_begin ] --START--
INFO: Run Behavior\ReadHtmlCacheBehavior [ RunTime:0.001194s ]
INFO: [ app_begin ] --END-- [ RunTime:0.001316s ]
SQL: SHOW COLUMNS FROM `t_user` [ RunTime:0.0124s ]
SQL: UPDATE `t_user` SET `user_face_url`='201603251803157122.jpeg' WHERE `pk_user_id` = 1 [ RunTime:0.0005s ]
SQL: call WenHuiApartment.proc_UserByUserID_Select(1) [ RunTime:0.0005s ]
SQL: call proc_UserFocusFieldByUserID_Select(1) [ RunTime:0.0021s ]
INFO: [ app_end ] --START--
INFO: Run Behavior\ShowPageTraceBehavior [ RunTime:0.000601s ]
INFO: [ app_end ] --END-- [ RunTime:0.000651s ]

[ 2016-03-25T18:06:52+08:00 ] ::1 /1.0/Application/Home/Images/Head/(null)
INFO: [ app_init ] --START--
INFO: Run Behavior\BuildLiteBehavior [ RunTime:0.000012s ]
INFO: [ app_init ] --END-- [ RunTime:0.000412s ]
INFO: [ app_begin ] --START--
INFO: Run Behavior\ReadHtmlCacheBehavior [ RunTime:0.000520s ]
INFO: [ app_begin ] --END-- [ RunTime:0.000556s ]
ERR: 无法加载控制器:Application

[ 2016-03-25T18:07:00+08:00 ] ::1 /1.0/user/uploadUserHead
INFO: [ app_init ] --START--
INFO: Run Behavior\BuildLiteBehavior [ RunTime:0.000052s ]
INFO: [ app_init ] --END-- [ RunTime:0.000449s ]
INFO: [ app_begin ] --START--
INFO: Run Behavior\ReadHtmlCacheBehavior [ RunTime:0.000674s ]
INFO: [ app_begin ] --END-- [ RunTime:0.000764s ]
SQL: SHOW COLUMNS FROM `t_user` [ RunTime:0.0246s ]
SQL: UPDATE `t_user` SET `user_face_url`='201603251807004905.jpeg' WHERE `pk_user_id` = 1 [ RunTime:0.0005s ]
SQL: call WenHuiApartment.proc_UserByUserID_Select(1) [ RunTime:0.0005s ]
SQL: call proc_UserFocusFieldByUserID_Select(1) [ RunTime:0.0003s ]
INFO: [ app_end ] --START--
INFO: Run Behavior\ShowPageTraceBehavior [ RunTime:0.000519s ]
INFO: [ app_end ] --END-- [ RunTime:0.000558s ]

[ 2016-03-25T18:07:32+08:00 ] ::1 /1.0/Application/Home/Images/Head/(null)
INFO: [ app_init ] --START--
INFO: Run Behavior\BuildLiteBehavior [ RunTime:0.000010s ]
INFO: [ app_init ] --END-- [ RunTime:0.000276s ]
INFO: [ app_begin ] --START--
INFO: Run Behavior\ReadHtmlCacheBehavior [ RunTime:0.000347s ]
INFO: [ app_begin ] --END-- [ RunTime:0.000396s ]
ERR: 无法加载控制器:Application

[ 2016-03-25T18:07:39+08:00 ] ::1 /1.0/user/uploadUserHead
INFO: [ app_init ] --START--
INFO: Run Behavior\BuildLiteBehavior [ RunTime:0.000016s ]
INFO: [ app_init ] --END-- [ RunTime:0.000479s ]
INFO: [ app_begin ] --START--
INFO: Run Behavior\ReadHtmlCacheBehavior [ RunTime:0.000634s ]
INFO: [ app_begin ] --END-- [ RunTime:0.000713s ]
SQL: SHOW COLUMNS FROM `t_user` [ RunTime:0.0267s ]
SQL: UPDATE `t_user` SET `user_face_url`='201603251807396453.jpeg' WHERE `pk_user_id` = 1 [ RunTime:0.0005s ]
SQL: call WenHuiApartment.proc_UserByUserID_Select(1) [ RunTime:0.0005s ]
SQL: call proc_UserFocusFieldByUserID_Select(1) [ RunTime:0.0004s ]
INFO: [ app_end ] --START--
INFO: Run Behavior\ShowPageTraceBehavior [ RunTime:0.000803s ]
INFO: [ app_end ] --END-- [ RunTime:0.000881s ]

[ 2016-03-25T18:10:15+08:00 ] ::1 /1.0/Application/Home/Images/Head/(null)
INFO: [ app_init ] --START--
INFO: Run Behavior\BuildLiteBehavior [ RunTime:0.000012s ]
INFO: [ app_init ] --END-- [ RunTime:0.000288s ]
INFO: [ app_begin ] --START--
INFO: Run Behavior\ReadHtmlCacheBehavior [ RunTime:0.000350s ]
INFO: [ app_begin ] --END-- [ RunTime:0.000383s ]
ERR: 无法加载控制器:Application

[ 2016-03-25T18:10:21+08:00 ] ::1 /1.0/user/uploadUserHead
INFO: [ app_init ] --START--
INFO: Run Behavior\BuildLiteBehavior [ RunTime:0.000025s ]
INFO: [ app_init ] --END-- [ RunTime:0.000535s ]
INFO: [ app_begin ] --START--
INFO: Run Behavior\ReadHtmlCacheBehavior [ RunTime:0.000571s ]
INFO: [ app_begin ] --END-- [ RunTime:0.000616s ]
SQL: SHOW COLUMNS FROM `t_user` [ RunTime:0.0250s ]
SQL: UPDATE `t_user` SET `user_face_url`='201603251810215268.jpeg' WHERE `pk_user_id` = 1 [ RunTime:0.0005s ]
SQL: call WenHuiApartment.proc_UserByUserID_Select(1) [ RunTime:0.0005s ]
SQL: call proc_UserFocusFieldByUserID_Select(1) [ RunTime:0.0004s ]
INFO: [ app_end ] --START--
INFO: Run Behavior\ShowPageTraceBehavior [ RunTime:0.000541s ]
INFO: [ app_end ] --END-- [ RunTime:0.000584s ]

[ 2016-03-25T18:23:00+08:00 ] ::1 /1.0/user/getUserByAccountPassword
INFO: [ app_init ] --START--
INFO: Run Behavior\BuildLiteBehavior [ RunTime:0.000023s ]
INFO: [ app_init ] --END-- [ RunTime:0.000755s ]
INFO: [ app_begin ] --START--
INFO: Run Behavior\ReadHtmlCacheBehavior [ RunTime:0.000996s ]
INFO: [ app_begin ] --END-- [ RunTime:0.001085s ]
NOTIC: [8] Undefined index: userAccount /Applications/MAMP/htdocs/1.0/Application/HOME/Controller/UserController.class.php 第 8 行.
NOTIC: [8] Undefined index: userPassword /Applications/MAMP/htdocs/1.0/Application/HOME/Controller/UserController.class.php 第 9 行.
NOTIC: [8] Undefined variable: currUserID /Applications/MAMP/htdocs/1.0/Application/HOME/Controller/UserController.class.php 第 12 行.
ERR: 1318:Incorrect number of arguments for PROCEDURE wenhuiapartment.proc_UserByUserID_Select; expected 1, got 0
 [ SQL语句 ] : call WenHuiApartment.proc_UserByUserID_Select()
ERR: 1318:Incorrect number of arguments for PROCEDURE wenhuiapartment.proc_UserByUserID_Select; expected 1, got 0
 [ SQL语句 ] : call WenHuiApartment.proc_UserByUserID_Select()

[ 2016-03-25T18:25:33+08:00 ] ::1 /1.0/user/getUserByAccountPassword
INFO: [ app_init ] --START--
INFO: Run Behavior\BuildLiteBehavior [ RunTime:0.000016s ]
INFO: [ app_init ] --END-- [ RunTime:0.000608s ]
INFO: [ app_begin ] --START--
INFO: Run Behavior\ReadHtmlCacheBehavior [ RunTime:0.000621s ]
INFO: [ app_begin ] --END-- [ RunTime:0.000670s ]
NOTIC: [8] Undefined index: userPassword /Applications/MAMP/htdocs/1.0/Application/HOME/Controller/UserController.class.php 第 9 行.
NOTIC: [8] Undefined variable: currUserID /Applications/MAMP/htdocs/1.0/Application/HOME/Controller/UserController.class.php 第 12 行.
ERR: 1318:Incorrect number of arguments for PROCEDURE wenhuiapartment.proc_UserByAccount_Select; expected 1, got 0
 [ SQL语句 ] : call WenHuiApartment.proc_UserByAccount_Select()
ERR: 1318:Incorrect number of arguments for PROCEDURE wenhuiapartment.proc_UserByAccount_Select; expected 1, got 0
 [ SQL语句 ] : call WenHuiApartment.proc_UserByAccount_Select()

[ 2016-03-25T18:25:46+08:00 ] ::1 /1.0/user/getUserByAccountPassword
INFO: [ app_init ] --START--
INFO: Run Behavior\BuildLiteBehavior [ RunTime:0.000019s ]
INFO: [ app_init ] --END-- [ RunTime:0.000462s ]
INFO: [ app_begin ] --START--
INFO: Run Behavior\ReadHtmlCacheBehavior [ RunTime:0.000616s ]
INFO: [ app_begin ] --END-- [ RunTime:0.000694s ]
NOTIC: [8] Undefined index: userPassword /Applications/MAMP/htdocs/1.0/Application/HOME/Controller/UserController.class.php 第 9 行.
NOTIC: [8] Undefined variable: userAccount /Applications/MAMP/htdocs/1.0/Application/HOME/Controller/UserController.class.php 第 12 行.
ERR: 1318:Incorrect number of arguments for PROCEDURE wenhuiapartment.proc_UserByAccount_Select; expected 1, got 0
 [ SQL语句 ] : call WenHuiApartment.proc_UserByAccount_Select()
ERR: 1318:Incorrect number of arguments for PROCEDURE wenhuiapartment.proc_UserByAccount_Select; expected 1, got 0
 [ SQL语句 ] : call WenHuiApartment.proc_UserByAccount_Select()

[ 2016-03-25T18:26:10+08:00 ] ::1 /1.0/user/getUserByAccountPassword
INFO: [ app_init ] --START--
INFO: Run Behavior\BuildLiteBehavior [ RunTime:0.000019s ]
INFO: [ app_init ] --END-- [ RunTime:0.000523s ]
INFO: [ app_begin ] --START--
INFO: Run Behavior\ReadHtmlCacheBehavior [ RunTime:0.000474s ]
INFO: [ app_begin ] --END-- [ RunTime:0.000532s ]
NOTIC: [8] Undefined index: userPassword /Applications/MAMP/htdocs/1.0/Application/HOME/Controller/UserController.class.php 第 9 行.
SQL: call WenHuiApartment.proc_UserByAccount_Select(1001) [ RunTime:0.0007s ]
INFO: [ app_end ] --START--
INFO: Run Behavior\ShowPageTraceBehavior [ RunTime:0.001352s ]
INFO: [ app_end ] --END-- [ RunTime:0.001603s ]

[ 2016-03-25T18:27:19+08:00 ] ::1 /1.0/user/getUserByAccountPassword
INFO: [ app_init ] --START--
INFO: Run Behavior\BuildLiteBehavior [ RunTime:0.000020s ]
INFO: [ app_init ] --END-- [ RunTime:0.000498s ]
INFO: [ app_begin ] --START--
INFO: Run Behavior\ReadHtmlCacheBehavior [ RunTime:0.000528s ]
INFO: [ app_begin ] --END-- [ RunTime:0.000601s ]
NOTIC: [8] Undefined index: userPassword /Applications/MAMP/htdocs/1.0/Application/HOME/Controller/UserController.class.php 第 9 行.
SQL: call WenHuiApartment.proc_UserByAccount_Select(1001) [ RunTime:0.0007s ]
INFO: [ app_end ] --START--
INFO: Run Behavior\ShowPageTraceBehavior [ RunTime:0.000801s ]
INFO: [ app_end ] --END-- [ RunTime:0.000881s ]

[ 2016-03-25T18:27:50+08:00 ] ::1 /1.0/user/getUserByAccountPassword
INFO: [ app_init ] --START--
INFO: Run Behavior\BuildLiteBehavior [ RunTime:0.000020s ]
INFO: [ app_init ] --END-- [ RunTime:0.000467s ]
INFO: [ app_begin ] --START--
INFO: Run Behavior\ReadHtmlCacheBehavior [ RunTime:0.000487s ]
INFO: [ app_begin ] --END-- [ RunTime:0.000559s ]
NOTIC: [8] Undefined index: userPassword /Applications/MAMP/htdocs/1.0/Application/HOME/Controller/UserController.class.php 第 9 行.
SQL: call WenHuiApartment.proc_UserByAccount_Select(1001) [ RunTime:0.0005s ]
INFO: [ app_end ] --START--
INFO: Run Behavior\ShowPageTraceBehavior [ RunTime:0.000510s ]
INFO: [ app_end ] --END-- [ RunTime:0.000555s ]

[ 2016-03-25T18:28:23+08:00 ] ::1 /1.0/user/getUserByAccountPassword
INFO: [ app_init ] --START--
INFO: Run Behavior\BuildLiteBehavior [ RunTime:0.000020s ]
INFO: [ app_init ] --END-- [ RunTime:0.000509s ]
INFO: [ app_begin ] --START--
INFO: Run Behavior\ReadHtmlCacheBehavior [ RunTime:0.000607s ]
INFO: [ app_begin ] --END-- [ RunTime:0.000684s ]
NOTIC: [8] Undefined index: userPassword /Applications/MAMP/htdocs/1.0/Application/HOME/Controller/UserController.class.php 第 9 行.
SQL: call WenHuiApartment.proc_UserByAccount_Select(1001) [ RunTime:0.0005s ]
INFO: [ app_end ] --START--
INFO: Run Behavior\ShowPageTraceBehavior [ RunTime:0.000495s ]
INFO: [ app_end ] --END-- [ RunTime:0.000534s ]

[ 2016-03-25T18:48:28+08:00 ] ::1 /1.0/user/getUserByAccountPassword
INFO: [ app_init ] --START--
INFO: Run Behavior\BuildLiteBehavior [ RunTime:0.000020s ]
INFO: [ app_init ] --END-- [ RunTime:0.000669s ]
INFO: [ app_begin ] --START--
INFO: Run Behavior\ReadHtmlCacheBehavior [ RunTime:0.000913s ]
INFO: [ app_begin ] --END-- [ RunTime:0.001007s ]
SQL: call WenHuiApartment.proc_UserByAccount_Select(1001) [ RunTime:0.0006s ]
NOTIC: [8] Undefined variable: currUserID /Applications/MAMP/htdocs/1.0/Application/HOME/Controller/UserController.class.php 第 29 行.
ERR: 1318:Incorrect number of arguments for PROCEDURE wenhuiapartment.proc_UserFocusFieldByUserID_Select; expected 1, got 0
 [ SQL语句 ] : call proc_UserFocusFieldByUserID_Select()
ERR: 1318:Incorrect number of arguments for PROCEDURE wenhuiapartment.proc_UserFocusFieldByUserID_Select; expected 1, got 0
 [ SQL语句 ] : call proc_UserFocusFieldByUserID_Select()

[ 2016-03-25T18:49:19+08:00 ] ::1 /1.0/user/getUserByAccountPassword
INFO: [ app_init ] --START--
INFO: Run Behavior\BuildLiteBehavior [ RunTime:0.000019s ]
INFO: [ app_init ] --END-- [ RunTime:0.000542s ]
INFO: [ app_begin ] --START--
INFO: Run Behavior\ReadHtmlCacheBehavior [ RunTime:0.000585s ]
INFO: [ app_begin ] --END-- [ RunTime:0.000645s ]
SQL: call WenHuiApartment.proc_UserByAccount_Select(1001) [ RunTime:0.0005s ]
SQL: call proc_UserFocusFieldByUserID_Select(1) [ RunTime:0.0005s ]
INFO: [ app_end ] --START--
INFO: Run Behavior\ShowPageTraceBehavior [ RunTime:0.000897s ]
INFO: [ app_end ] --END-- [ RunTime:0.000952s ]

