[ 2016-02-16T13:05:34+08:00 ] ::1 /thinkphp_3.2.3_core/index
INFO: [ app_init ] --START--
INFO: Run Behavior\BuildLiteBehavior [ RunTime:0.000027s ]
INFO: [ app_init ] --END-- [ RunTime:0.000621s ]
ERR: 无法加载模块:Index

[ 2016-02-16T13:06:54+08:00 ] ::1 /thinkphp_3.2.3_core/index
INFO: [ app_init ] --START--
INFO: Run Behavior\BuildLiteBehavior [ RunTime:0.000037s ]
INFO: [ app_init ] --END-- [ RunTime:0.000709s ]
ERR: 无法加载模块:Index

[ 2016-02-16T13:07:15+08:00 ] ::1 /thinkphp_3.2.3_core/Index
INFO: [ app_init ] --START--
INFO: Run Behavior\BuildLiteBehavior [ RunTime:0.000011s ]
INFO: [ app_init ] --END-- [ RunTime:0.000331s ]
ERR: 无法加载模块:Index

[ 2016-02-16T13:07:19+08:00 ] ::1 /thinkphp_3.2.3_core/Index/index
INFO: [ app_init ] --START--
INFO: Run Behavior\BuildLiteBehavior [ RunTime:0.000059s ]
INFO: [ app_init ] --END-- [ RunTime:0.000512s ]
ERR: 无法加载模块:Index

[ 2016-02-16T13:07:27+08:00 ] ::1 /thinkphp_3.2.3_core/zcp/
INFO: [ app_init ] --START--
INFO: Run Behavior\BuildLiteBehavior [ RunTime:0.000022s ]
INFO: [ app_init ] --END-- [ RunTime:0.000443s ]
ERR: 无法加载模块:Zcp

[ 2016-02-16T13:07:55+08:00 ] ::1 /thinkphp_3.2.3_core/zcp/
INFO: [ app_init ] --START--
INFO: Run Behavior\BuildLiteBehavior [ RunTime:0.000011s ]
INFO: [ app_init ] --END-- [ RunTime:0.000311s ]
ERR: 无法加载模块:Zcp

[ 2016-02-16T13:08:02+08:00 ] ::1 /thinkphp_3.2.3_core/index
INFO: [ app_init ] --START--
INFO: Run Behavior\BuildLiteBehavior [ RunTime:0.000010s ]
INFO: [ app_init ] --END-- [ RunTime:0.000278s ]
ERR: 无法加载模块:Index

[ 2016-02-16T13:16:25+08:00 ] ::1 /thinkphp_3.2.3_core/zcp/test
INFO: [ app_init ] --START--
INFO: Run Behavior\BuildLiteBehavior [ RunTime:0.000010s ]
INFO: [ app_init ] --END-- [ RunTime:0.000266s ]
ERR: 无法加载模块:Zcp

[ 2016-02-16T13:17:39+08:00 ] ::1 /thinkphp_3.2.3_core/test/test
INFO: [ app_init ] --START--
INFO: Run Behavior\BuildLiteBehavior [ RunTime:0.000010s ]
INFO: [ app_init ] --END-- [ RunTime:0.000261s ]
ERR: 无法加载模块:Test

[ 2016-02-16T13:17:43+08:00 ] ::1 /thinkphp_3.2.3_core/Test/test
INFO: [ app_init ] --START--
INFO: Run Behavior\BuildLiteBehavior [ RunTime:0.000014s ]
INFO: [ app_init ] --END-- [ RunTime:0.000337s ]
ERR: 无法加载模块:Test

[ 2016-02-16T13:17:51+08:00 ] ::1 /thinkphp_3.2.3_core/test
INFO: [ app_init ] --START--
INFO: Run Behavior\BuildLiteBehavior [ RunTime:0.000013s ]
INFO: [ app_init ] --END-- [ RunTime:0.000310s ]
ERR: 无法加载模块:Test

[ 2016-02-16T13:18:56+08:00 ] ::1 /thinkphp_3.2.3_core/test
INFO: [ app_init ] --START--
INFO: Run Behavior\BuildLiteBehavior [ RunTime:0.000011s ]
INFO: [ app_init ] --END-- [ RunTime:0.000289s ]
ERR: 无法加载模块:Test

[ 2016-02-16T13:19:07+08:00 ] ::1 /thinkphp_3.2.3_core/index
INFO: [ app_init ] --START--
INFO: Run Behavior\BuildLiteBehavior [ RunTime:0.000018s ]
INFO: [ app_init ] --END-- [ RunTime:0.000401s ]
ERR: 无法加载模块:Index

[ 2016-02-16T13:19:10+08:00 ] ::1 /thinkphp_3.2.3_core/index/index
INFO: [ app_init ] --START--
INFO: Run Behavior\BuildLiteBehavior [ RunTime:0.000011s ]
INFO: [ app_init ] --END-- [ RunTime:0.000263s ]
ERR: 无法加载模块:Index

